Log file open, 01/04/17 01:02:14
LogInit:Display: Running engine for game: UE4xProjects_Sec3
LogPlatformFile: Not using cached read wrapper
LogInit:Display: RandInit(-809784575) SRandInit(-809784573).
LogTaskGraph: Started task graph with 4 named threads and 7 total threads with 1 sets of task threads.
LogStats: Stats thread started at 0.728996
LogInit: Version: 4.12.5-3039270+++UE4+Release-4.12
LogInit: API Version: 2992821
LogInit: Net Version: 3039270
LogDevObjectVersion: Number of dev versions registered: 13
LogDevObjectVersion:   Dev-Blueprints (B0D832E4-1F89-4F0D-ACCF-7EB736FD4AA2): 3
LogDevObjectVersion:   Dev-Build (E1C64328-A22C-4D53-A36C-8E866417BD8C): 0
LogDevObjectVersion:   Dev-Core (375EC13C-06E4-48FB-B500-84F0262A717E): 1
LogDevObjectVersion:   Dev-Editor (E4B068ED-F494-42E9-A231-DA0B2E46BB41): 2
LogDevObjectVersion:   Dev-Framework (CFFC743F-43B0-4480-9391-14DF171D2073): 6
LogDevObjectVersion:   Dev-Mobile (B02B49B5-BB20-44E9-A304-32B752E40360): 0
LogDevObjectVersion:   Dev-Networking (A4E4105C-59A1-49B5-A7C5-40C4547EDFEE): 0
LogDevObjectVersion:   Dev-Online (39C831C9-5AE6-47DC-9A44-9C173E1C8E7C): 0
LogDevObjectVersion:   Dev-Physics (78F01B33-EBEA-4F98-B9B4-84EACCB95AA2): 0
LogDevObjectVersion:   Dev-Platform (6631380F-2D4D-43E0-8009-CF276956A95A): 0
LogDevObjectVersion:   Dev-Rendering (12F88B9F-8875-4AFC-A67C-D90C383ABD29): 2
LogDevObjectVersion:   Dev-Sequencer (7B5AE74C-D270-4C10-A958-57980B212A5A): 0
LogDevObjectVersion:   Dev-VR (D7296918-1DD6-4BDD-9DE2-64A83CC13884): 0
LogInit: Compiled (64-bit): Jul  6 2016 09:09:46
LogInit: Compiled with Visual C++: 19.00.23026.00
LogInit: Build Configuration: Development
LogInit: Branch Name: ++UE4+Release-4.12
LogInit: Command line:  
LogInit: Base directory: C:/Program Files/Epic Games/4.12/Engine/Binaries/Win64/
LogInit: Installed Engine Build: 1
LogInit: Using libcurl 7.41.0
LogInit:  - built for x86_64-pc-win32
LogInit:  - supports SSL with WinSSL
LogInit:  - other features:
LogInit:      CURL_VERSION_SSL
LogInit:      CURL_VERSION_IPV6
LogInit:      CURL_VERSION_ASYNCHDNS
LogInit:      CURL_VERSION_LARGEFILE
LogInit:      CURL_VERSION_IDN
LogInit:  CurlRequestOptions (configurable via config and command line):
LogInit:  - bVerifyPeer = true  - Libcurl will verify peer certificate
LogInit:  - bUseHttpProxy = false  - Libcurl will NOT use HTTP proxy
LogInit:  - bDontReuseConnections = false  - Libcurl will reuse connections
LogInit:  - CertBundlePath = nullptr  - Libcurl will use whatever was configured at build time.
LogInit: Presizing for max 8388607 objects, including 0 objects not considered by GC, pre-allocating 0 bytes for permanent pool.
LogInit: Object subsystem initialized
[2017.01.04-09.02.14:860][  0]LogInit: Selected Device Profile: [Windows]
[2017.01.04-09.02.14:860][  0]LogInit: Applying CVar settings loaded from the selected device profile: [Windows]
[2017.01.04-09.02.14:895][  0]LogInit: Computer: REDLINE
[2017.01.04-09.02.14:895][  0]LogInit: User: Machinehead
[2017.01.04-09.02.14:895][  0]LogInit: CPU Page size=65536, Cores=4
[2017.01.04-09.02.14:895][  0]LogInit: High frequency timer resolution =3.225831 MHz
[2017.01.04-09.02.14:895][  0]LogMemory: Memory total: Physical=8.0GB (8GB approx)
[2017.01.04-09.02.14:895][  0]LogMemory: Platform Memory Stats for Windows
[2017.01.04-09.02.14:895][  0]LogMemory: Process Physical Memory: 189.94 MB used, 189.94 MB peak
[2017.01.04-09.02.14:895][  0]LogMemory: Process Virtual Memory: 194.98 MB used, 194.98 MB peak
[2017.01.04-09.02.14:895][  0]LogMemory: Physical Memory: 3270.96 MB used, 8154.05 MB total
[2017.01.04-09.02.14:895][  0]LogMemory: Virtual Memory: 538.27 MB used, 134217728.00 MB total
[2017.01.04-09.02.15:642][  0]LogTextLocalizationManager: No specific translations for ('en-US') exist, so ('en') translations will be used.
[2017.01.04-09.02.16:292][  0]LogD3D11RHI: D3D11 adapters:
[2017.01.04-09.02.16:461][  0]LogD3D11RHI:    0. 'NVIDIA GeForce GTX 760' (Feature Level 11_0)
[2017.01.04-09.02.16:461][  0]LogD3D11RHI:       4062/0/4077 MB DedicatedVideo/DedicatedSystem/SharedSystem, Outputs:2, VendorId:0x10de
[2017.01.04-09.02.16:501][  0]LogD3D11RHI:    1. 'Microsoft Basic Render Driver' (Feature Level 11_0)
[2017.01.04-09.02.16:501][  0]LogD3D11RHI:       0/0/4077 MB DedicatedVideo/DedicatedSystem/SharedSystem, Outputs:0, VendorId:0x1414
[2017.01.04-09.02.16:501][  0]LogD3D11RHI: Chosen D3D11 Adapter: 0
[2017.01.04-09.02.16:504][  0]LogD3D11RHI: Creating new Direct3DDevice
[2017.01.04-09.02.16:504][  0]LogD3D11RHI:     GPU DeviceId: 0x1187 (for the marketing name, search the web for "GPU Device Id")
[2017.01.04-09.02.16:504][  0]LogWindows: EnumDisplayDevices:
[2017.01.04-09.02.16:505][  0]LogWindows:    0. 'NVIDIA GeForce GTX 760' (P:0 D:1)
[2017.01.04-09.02.16:505][  0]LogWindows:    1. 'NVIDIA GeForce GTX 760' (P:1 D:1)
[2017.01.04-09.02.16:505][  0]LogWindows:    2. 'NVIDIA GeForce GTX 760' (P:0 D:0)
[2017.01.04-09.02.16:505][  0]LogWindows:    3. 'NVIDIA GeForce GTX 760' (P:0 D:0)
[2017.01.04-09.02.16:506][  0]LogWindows: DebugString: FoundDriverCount:4 
[2017.01.04-09.02.16:506][  0]LogD3D11RHI:     Adapter Name: NVIDIA GeForce GTX 760
[2017.01.04-09.02.16:506][  0]LogD3D11RHI:   Driver Version: 369.09 (internal:21.21.13.6909, unified:369.09)
[2017.01.04-09.02.16:506][  0]LogD3D11RHI:      Driver Date: 8-1-2016
[2017.01.04-09.02.16:506][  0]LogRHI: Texture pool is 1361 MB (70% of 1945 MB)
[2017.01.04-09.02.16:532][  0]LogD3D11RHI: Async texture creation enabled
[2017.01.04-09.02.16:565][  0]LogD3D11RHI: GPU Timing Frequency: 1000.000000 (Debug: 2 2)
[2017.01.04-09.02.16:566][  0]LogShaderCompilers: Guid format shader working directory is -30 characters bigger than the processId version (../../../../../../Users/Machinehead/Documents/Unreal Projects/UE4xProjects_Sec3/Intermediate/Shaders/WorkingDirectory/9484/).
[2017.01.04-09.02.16:566][  0]LogShaderCompilers: Cleaned the shader compiler working directory 'C:/Users/MACHIN~1/AppData/Local/Temp/UnrealShaderWorkingDir/F3BE247C438570C60EA823939378F5D0/'.
[2017.01.04-09.02.16:566][  0]LogShaderCompilers:Display: Using Local Shader Compiler.
[2017.01.04-09.02.19:723][  0]LogTemp:Display: Loaded TP AllDesktopTargetPlatform
[2017.01.04-09.02.19:794][  0]LogTemp:Display: Loaded TP WindowsClientTargetPlatform
[2017.01.04-09.02.19:827][  0]LogTemp:Display: Loaded TP WindowsNoEditorTargetPlatform
[2017.01.04-09.02.19:878][  0]LogTemp:Display: Loaded TP WindowsServerTargetPlatform
[2017.01.04-09.02.19:953][  0]LogTemp:Display: Loaded TP WindowsTargetPlatform
[2017.01.04-09.02.20:050][  0]LogTemp:Display: Loaded TP AndroidTargetPlatform
[2017.01.04-09.02.20:140][  0]LogTemp:Display: Loaded TP Android_ASTCTargetPlatform
[2017.01.04-09.02.20:184][  0]LogTemp:Display: Loaded TP Android_ATCTargetPlatform
[2017.01.04-09.02.20:218][  0]LogTemp:Display: Loaded TP Android_DXTTargetPlatform
[2017.01.04-09.02.20:260][  0]LogTemp:Display: Loaded TP Android_ETC1TargetPlatform
[2017.01.04-09.02.20:335][  0]LogTemp:Display: Loaded TP Android_ETC2TargetPlatform
[2017.01.04-09.02.20:487][  0]LogTemp:Display: Loaded TP Android_MultiTargetPlatform
[2017.01.04-09.02.20:487][  0]LogTemp:Display: Loaded TP Android_PVRTCTargetPlatform
[2017.01.04-09.02.20:560][  0]LogTemp:Display: Loaded TP HTML5TargetPlatform
[2017.01.04-09.02.20:766][  0]LogTemp:Display: Loaded TP IOSTargetPlatform
[2017.01.04-09.02.20:819][  0]LogTemp:Display: Loaded TP TVOSTargetPlatform
[2017.01.04-09.02.20:890][  0]LogTemp:Display: Loaded TP LinuxNoEditorTargetPlatform
[2017.01.04-09.02.20:971][  0]LogTemp:Display: Loaded TP LinuxServerTargetPlatform
[2017.01.04-09.02.21:062][  0]LogTemp:Display: Loaded TP LinuxTargetPlatform
[2017.01.04-09.02.21:062][  0]LogTargetPlatformManager:Display: Building Assets For Windows
[2017.01.04-09.02.22:641][  0]LogDerivedDataCache:Display: Max Cache Size: 512 MB
[2017.01.04-09.02.23:483][  0]LogDerivedDataCache: Loaded boot cache 0.84s 48MB C:/Users/Machinehead/AppData/Local/UnrealEngine/4.12/DerivedDataCache/Boot.ddc.
[2017.01.04-09.02.23:484][  0]LogDerivedDataCache:Display: Loaded Boot cache: C:/Users/Machinehead/AppData/Local/UnrealEngine/4.12/DerivedDataCache/Boot.ddc
[2017.01.04-09.02.23:484][  0]LogDerivedDataCache: FDerivedDataBackendGraph:  Pak pak cache file ../../../../../../Users/Machinehead/Documents/Unreal Projects/UE4xProjects_Sec3/DerivedDataCache/DDC.ddp not found, will not use a pak cache.
[2017.01.04-09.02.23:484][  0]LogDerivedDataCache: Unable to find inner node Pak for hierarchical cache Hierarchy.
[2017.01.04-09.02.23:484][  0]LogDerivedDataCache: FDerivedDataBackendGraph:  CompressedPak pak cache file ../../../../../../Users/Machinehead/Documents/Unreal Projects/UE4xProjects_Sec3/DerivedDataCache/Compressed.ddp not found, will not use a pak cache.
[2017.01.04-09.02.23:484][  0]LogDerivedDataCache: Unable to find inner node CompressedPak for hierarchical cache Hierarchy.
[2017.01.04-09.02.23:560][  0]LogDerivedDataCache:Display: Pak cache opened for reading ../../../Engine/DerivedDataCache/Compressed.ddp.
[2017.01.04-09.02.23:597][  0]LogDerivedDataCache: Using Local data cache path C:/Users/Machinehead/AppData/Local/UnrealEngine/Common/DerivedDataCache: Writable
[2017.01.04-09.02.26:446][  0]LogInit: Selected Device Profile: [Windows]
[2017.01.04-09.02.26:489][  0]LogContentStreaming: Texture pool size is 0.00 MB
[2017.01.04-09.02.27:176][  0]LogMeshUtilities: No automatic mesh reduction module available
[2017.01.04-09.02.27:176][  0]LogMeshUtilities: No automatic mesh merging module available
[2017.01.04-09.02.27:176][  0]LogMeshUtilities: No distributed automatic mesh merging module available
[2017.01.04-09.02.29:016][  0]LogAssetRegistry: FAssetRegistry took 0.0214 seconds to start up
[2017.01.04-09.02.29:112][  0]LogPackageLocalizationCache: Processed 3 localized package path(s) for 2 prioritized culture(s) in 0.090017 seconds
[2017.01.04-09.02.29:117][  0]LogUObjectArray: 28739 objects as part of root set at end of initial load.
[2017.01.04-09.02.29:117][  0]LogUObjectAllocator: 5855624 out of 0 bytes used by permanent object pool.
[2017.01.04-09.02.29:117][  0]LogUObjectArray: CloseDisregardForGC: 0/0 objects in disregard for GC pool
[2017.01.04-09.02.29:261][  0]LogInit: WinSock: version 1.1 (2.2), MaxSocks=32767, MaxUdp=65467
[2017.01.04-09.02.43:247][  0]LogSlate: SlateFontCache - WITH_FREETYPE: 1, WITH_HARFBUZZ: 1
[2017.01.04-09.02.43:247][  0]LogSlate: SlateFontCache - WITH_FREETYPE: 1, WITH_HARFBUZZ: 1
[2017.01.04-09.03.09:379][  0]LogUdpMessaging: Initializing bridge on interface 0.0.0.0:0 to multicast group 230.0.0.1:6666.
[2017.01.04-09.03.10:819][  0]SourceControl: Info Source control is disabled
[2017.01.04-09.03.10:839][  0]SourceControl: Info Source control is disabled
[2017.01.04-09.03.10:989][  0]SourceControl: Info Source control is disabled
[2017.01.04-09.03.11:178][  0]SourceControl: Info Source control is disabled
[2017.01.04-09.03.13:490][  0]LogEngine: Initializing Engine...
[2017.01.04-09.03.13:505][  0]LogHMD: SteamVR failed to initialize.  Err: 110
[2017.01.04-09.03.13:506][  0]LogHMD: SteamVR failed to initialize.  Err: 110
[2017.01.04-09.03.14:012][  0]LogAIModule: Creating AISystem for world NewWorld
[2017.01.04-09.03.14:098][  0]LogInit: XAudio2 using 'D50u-D1-4 (NVIDIA High Definition Audio)' : 2 channels at 48 kHz using 16 bits per sample (channel mask 0x3)
[2017.01.04-09.03.14:129][  0]LogInit: FAudioDevice initialized.
[2017.01.04-09.03.14:153][  0]LogDerivedDataCache: Saved boot cache 0.02s 48MB C:/Users/Machinehead/AppData/Local/UnrealEngine/4.12/DerivedDataCache/Boot.ddc.
[2017.01.04-09.03.14:162][  0]LogInit: Texture streaming: Enabled
[2017.01.04-09.03.14:453][  0]LogInit: Transaction tracking system initialized
[2017.01.04-09.03.14:900][  0]BlueprintLog: New page: Editor Load
[2017.01.04-09.03.17:345][  0]LocalizationService: Info Localization service is disabled
[2017.01.04-09.03.18:624][  0]LogConsoleResponse:Display: 
[2017.01.04-09.03.20:484][  0]LogCook:Display: Max memory allowance for cook 8192mb
[2017.01.04-09.03.20:484][  0]LogCook:Display: Mobile HDR setting 1
[2017.01.04-09.03.20:689][  0]LogFileCache: Scanning file cache for directory 'C:/Users/Machinehead/Documents/Unreal Projects/UE4xProjects_Sec3/Content/' took 0.01s
[2017.01.04-09.03.23:086][  0]SourceControl: Info Source control is disabled
[2017.01.04-09.03.23:086][  0]Cmd: MAP LOAD FILE="../../../../../../Users/Machinehead/Documents/Unreal Projects/UE4xProjects_Sec3/Content/UE4_Pong/Maps/Pong_Playfield.umap" TEMPLATE=0 SHOWPROGRESS=1 FEATURELEVEL=3
[2017.01.04-09.03.23:087][  0]LightingResults: New page: Lighting Build
[2017.01.04-09.03.23:092][  0]MapCheck: New page: Map Check
[2017.01.04-09.03.23:092][  0]LightingResults: New page: Lighting Build
[2017.01.04-09.03.23:605][  0]LogMaterial: Missing cached shader map for material DefaultTextMaterialOpaque_Player, compiling. 
[2017.01.04-09.03.23:828][  0]LogTexture:Display: Building textures: T_Paddle_Mask (AutoDXT)
[2017.01.04-09.03.26:435][  0]LogMaterial: Missing cached shader map for material M_Paddle_Player, compiling. 
[2017.01.04-09.03.26:457][  0]LogStaticMesh: Building static mesh SM_UE4PongPaddle...
[2017.01.04-09.03.26:463][  0]LogStaticMesh: Built static mesh [0.01s] /Game/UE4_Pong/Mesh/SM_UE4PongPaddle.SM_UE4PongPaddle
[2017.01.04-09.03.26:469][  0]LogStaticMesh: Building static mesh SM_PlayfieldDome...
[2017.01.04-09.03.26:473][  0]LogStaticMesh: Built static mesh [0.00s] /Game/UE4_Pong/Mesh/SM_PlayfieldDome.SM_PlayfieldDome
[2017.01.04-09.03.26:602][  0]LogMaterial: Missing cached shader map for material M_Playfield_Dome, compiling. 
[2017.01.04-09.03.26:636][  0]LogMaterial: Missing cached shader map for material M_Playfield, compiling. 
[2017.01.04-09.03.26:665][  0]LogMaterial: Missing cached shader map for material M_GlowGrid, compiling. 
[2017.01.04-09.03.27:090][  0]LogStaticMesh: Building static mesh SM_Boundary...
[2017.01.04-09.03.27:090][  0]LogMeshUtilities:Warning: Invalid vertex normals found for mesh. Forcing recomputation of vertex normals for MikkTSpace. Fix mesh or disable "Use MikkTSpace Tangent Space" to avoid forced recomputation of normals.
[2017.01.04-09.03.27:092][  0]LogStaticMesh: Built static mesh [0.00s] /Game/UE4_Pong/Mesh/SM_Boundary.SM_Boundary
[2017.01.04-09.03.27:254][  0]LogMaterial: Missing cached shader map for material DefaultTextMaterialOpaque_CPU, compiling. 
[2017.01.04-09.03.27:297][  0]LogMaterial: Missing cached shader map for material M_Ball, compiling. 
[2017.01.04-09.03.27:315][  0]LogMaterial: Missing cached shader map for material M_Boundary, compiling. 
[2017.01.04-09.03.27:326][  0]LogStaticMesh: Building static mesh SM_Gameball...
[2017.01.04-09.03.27:326][  0]LogMeshUtilities:Warning: Invalid vertex normals found for mesh. Forcing recomputation of vertex normals for MikkTSpace. Fix mesh or disable "Use MikkTSpace Tangent Space" to avoid forced recomputation of normals.
[2017.01.04-09.03.27:329][  0]LogStaticMesh: Built static mesh [0.00s] /Game/UE4_Pong/Mesh/SM_Gameball.SM_Gameball
[2017.01.04-09.03.27:331][  0]LogAIModule: Creating AISystem for world Pong_Playfield
[2017.01.04-09.03.27:336][  0]LogEditorServer: Finished looking for orphan Actors (0.000 secs)
[2017.01.04-09.03.27:337][  0]Cmd: MAP CHECKDEP NOCLEARLOG
[2017.01.04-09.03.27:438][  0]MapCheck: Info Map check complete: 0 Error(s), 0 Warning(s), took 100.271ms to complete.
[2017.01.04-09.03.27:438][  0]LogFileHelpers: Loading map 'Pong_Playfield' took 4.351
[2017.01.04-09.03.27:806][  0]LogCollectionManager: Loaded 0 collections in 0.004147 seconds
[2017.01.04-09.03.27:862][  0]LogFileCache: Scanning file cache for directory 'C:/Users/Machinehead/Documents/Unreal Projects/UE4xProjects_Sec3/Saved/Collections/' took 0.01s
[2017.01.04-09.03.27:863][  0]LogFileCache: Scanning file cache for directory 'C:/Users/Machinehead/Documents/Unreal Projects/UE4xProjects_Sec3/Content/Developers/Machinehead/Collections/' took 0.01s
[2017.01.04-09.03.27:863][  0]LogFileCache: Scanning file cache for directory 'C:/Users/Machinehead/Documents/Unreal Projects/UE4xProjects_Sec3/Content/Collections/' took 0.01s
[2017.01.04-09.03.27:863][  0]LogCollectionManager: Rebuilt the GUID cache for 0 collections in 0.000008 seconds
[2017.01.04-09.03.27:872][  0]LogContentBrowser: Native class hierarchy populated in 0.0091 seconds. Added 2047 classes and 369 folders.
[2017.01.04-09.03.27:879][  0]LogStats: UGameplayTagsManager::ConstructGameplayTagTree: Construct from data asset -  0.000 s
[2017.01.04-09.03.27:879][  0]LogStats: UGameplayTagsManager::ConstructGameplayTagTree: GameplayTagTreeChangedEvent.Broadcast -  0.000 s
[2017.01.04-09.03.27:879][  0]LogContentBrowser: Native class hierarchy updated for 'GameplayTags' in 0.0005 seconds. Added 12 classes and 0 folders.
[2017.01.04-09.03.27:890][  0]LogContentBrowser: Native class hierarchy updated for 'WidgetCarousel' in 0.0004 seconds. Added 0 classes and 0 folders.
[2017.01.04-09.03.29:337][  0]LogContentBrowser: Native class hierarchy updated for 'AddContentDialog' in 0.0005 seconds. Added 0 classes and 0 folders.
[2017.01.04-09.03.29:425][  0]LogContentBrowser: Native class hierarchy updated for 'SceneOutliner' in 0.0004 seconds. Added 1 classes and 2 folders.
[2017.01.04-09.03.29:545][  0]LogCrashTracker: Crashtracker disabled due to settings.
[2017.01.04-09.03.29:551][  0]LogUObjectGlobals:Warning: Failed to find object 'Class None.'
[2017.01.04-09.03.29:706][  0]LogContentBrowser: Native class hierarchy updated for 'HierarchicalLODOutliner' in 0.0005 seconds. Added 1 classes and 2 folders.
[2017.01.04-09.03.29:706][  0]LogLoad: Full Startup: 78.37 seconds (BP compile: 0.22 seconds)
[2017.01.04-09.03.29:706][  0]LogExternalProfiler: No external profilers were discovered.  External profiling features will not be available.
[2017.01.04-09.03.30:053][  0]LogOcInput: OculusInput pre-init called
[2017.01.04-09.03.30:070][  0]LogContentStreaming: Texture pool size now 1000 MB
[2017.01.04-09.03.30:671][  0]LogRenderer: Reallocating scene render targets to support 2216x1336 (Frame:2).
[2017.01.04-09.03.35:574][  2]LogAssetRegistry: Asset discovery search completed in 66.5793 seconds
[2017.01.04-09.03.35:574][  2]LogCollectionManager: Rebuilt the object cache for 0 collections in 0.000001 seconds (found 0 objects)
[2017.01.04-09.03.35:574][  2]LogCollectionManager: Fixed up redirectors for 0 collections in 0.000047 seconds (updated 0 objects)
[2017.01.04-09.04.04:728][872]LogBlueprintUserMessages: Early PlayInEditor Detection: Level '/Game/UE4_Pong/Maps/Pong_Playfield.Pong_Playfield:PersistentLevel' has LevelScriptBlueprint '/Game/UE4_Pong/Maps/Pong_Playfield.Pong_Playfield:PersistentLevel.Pong_Playfield' with GeneratedClass '/Game/UE4_Pong/Maps/Pong_Playfield.Pong_Playfield_C' with ClassGeneratedBy '/Game/UE4_Pong/Maps/Pong_Playfield.Pong_Playfield:PersistentLevel.Pong_Playfield'
[2017.01.04-09.04.04:728][872]LogPlayLevel: PlayLevel: No blueprints needed recompiling
[2017.01.04-09.04.04:757][872]PIE: New page: PIE session: Pong_Playfield (Jan 3, 2017, 5:04:04 PM)
[2017.01.04-09.04.04:757][872]LogPlayLevel: Creating play world package: /Game/UE4_Pong/Maps/UEDPIE_0_Pong_Playfield
[2017.01.04-09.04.04:765][872]LogPlayLevel: PIE: StaticDuplicateObject took: (0.008382s)
[2017.01.04-09.04.04:766][872]LogAIModule: Creating AISystem for world Pong_Playfield
[2017.01.04-09.04.04:766][872]LogPlayLevel: PIE: World Init took: (0.000703s)
[2017.01.04-09.04.04:766][872]LogPlayLevel: PIE: Created PIE world by copying editor world from /Game/UE4_Pong/Maps/Pong_Playfield.Pong_Playfield to /Game/UE4_Pong/Maps/UEDPIE_0_Pong_Playfield.Pong_Playfield (0.009431s)
[2017.01.04-09.04.04:806][872]LogInit: XAudio2 using 'D50u-D1-4 (NVIDIA High Definition Audio)' : 2 channels at 48 kHz using 16 bits per sample (channel mask 0x3)
[2017.01.04-09.04.04:811][872]LogInit: FAudioDevice initialized.
[2017.01.04-09.04.04:915][872]LogWorld: Game class is 'GM_UE4_Pong_C'
[2017.01.04-09.04.04:919][872]LogWorld: Bringing World /Game/UE4_Pong/Maps/UEDPIE_0_Pong_Playfield.Pong_Playfield up for play (max tick rate 0) at 2017.01.04-01.04.04
[2017.01.04-09.04.04:920][872]LogWorld: Bringing up level for play took: 0.003594
[2017.01.04-09.04.04:927][872]LogContentBrowser: Native class hierarchy updated for 'MovieSceneCapture' in 0.0005 seconds. Added 11 classes and 0 folders.
[2017.01.04-09.04.04:928][872]PIE:Warning: Warning Invalid Simulate Options: Body (BP_Gameball_C_0.StaticMeshComponent0 SM_Gameball) is set to simulate physics but Collision Enabled is incompatible
[2017.01.04-09.04.04:928][872]PIE:Warning: Warning Invalid Simulate Options: Body (BP_Gameball_C_0.StaticMeshComponent0 SM_Gameball) is set to simulate physics but Collision Enabled is incompatible
[2017.01.04-09.04.04:929][872]PIE: Info Play in editor start time for /Game/UE4_Pong/Maps/UEDPIE_0_Pong_Playfield 0.198
[2017.01.04-09.04.04:929][872]LogBlueprintUserMessages: Late PlayInEditor Detection: Level '/Game/UE4_Pong/Maps/Pong_Playfield.Pong_Playfield:PersistentLevel' has LevelScriptBlueprint '/Game/UE4_Pong/Maps/Pong_Playfield.Pong_Playfield:PersistentLevel.Pong_Playfield' with GeneratedClass '/Game/UE4_Pong/Maps/Pong_Playfield.Pong_Playfield_C' with ClassGeneratedBy '/Game/UE4_Pong/Maps/Pong_Playfield.Pong_Playfield:PersistentLevel.Pong_Playfield'
[2017.01.04-09.04.06:915][  0]LogBlueprintUserMessages: [BP_Gameball_C_0] HIT
[2017.01.04-09.04.06:915][  0]LogBlueprintUserMessages: [BP_Gameball_C_0] 1
[2017.01.04-09.04.09:984][210]LogBlueprintUserMessages: [BP_Gameball_C_0] HIT
[2017.01.04-09.04.10:451][242]LogBlueprintUserMessages: [BP_Gameball_C_0] HIT
[2017.01.04-09.04.10:567][250]LogBlueprintUserMessages: [BP_Gameball_C_0] HIT
[2017.01.04-09.04.10:683][258]LogBlueprintUserMessages: [BP_Gameball_C_0] HIT
[2017.01.04-09.04.11:332][297]PIE:Warning: Warning Invalid Simulate Options: Body (BP_Gameball_C_1.StaticMeshComponent0 SM_Gameball) is set to simulate physics but Collision Enabled is incompatible
[2017.01.04-09.04.11:332][297]PIE:Warning: Warning Invalid Simulate Options: Body (BP_Gameball_C_1.StaticMeshComponent0 SM_Gameball) is set to simulate physics but Collision Enabled is incompatible
[2017.01.04-09.04.13:293][431]LogBlueprintUserMessages: [BP_Gameball_C_1] HIT
[2017.01.04-09.04.13:293][431]LogBlueprintUserMessages: [BP_Gameball_C_1] 1
[2017.01.04-09.04.17:217][701]LogBlueprintUserMessages: [BP_Gameball_C_1] HIT
[2017.01.04-09.04.17:217][701]LogBlueprintUserMessages: [BP_Gameball_C_1] 2
[2017.01.04-09.04.21:139][971]LogBlueprintUserMessages: [BP_Gameball_C_1] HIT
[2017.01.04-09.04.21:139][971]LogBlueprintUserMessages: [BP_Gameball_C_1] 3
[2017.01.04-09.04.25:712][286]LogBlueprintUserMessages: [BP_Gameball_C_1] HIT
[2017.01.04-09.04.25:712][286]LogBlueprintUserMessages: [BP_Gameball_C_1] 4
[2017.01.04-09.04.26:541][342]LogBlueprintUserMessages: [BP_Gameball_C_1] HIT
[2017.01.04-09.04.26:541][342]LogBlueprintUserMessages: [BP_Gameball_C_1] 5
[2017.01.04-09.04.26:556][343]PIE:Warning: Warning Invalid Simulate Options: Body (BP_Gameball_C_2.StaticMeshComponent0 SM_Gameball) is set to simulate physics but Collision Enabled is incompatible
[2017.01.04-09.04.26:556][343]PIE:Warning: Warning Invalid Simulate Options: Body (BP_Gameball_C_2.StaticMeshComponent0 SM_Gameball) is set to simulate physics but Collision Enabled is incompatible
[2017.01.04-09.04.26:557][343]PIE:Warning: Warning Invalid Simulate Options: Body (BP_Gameball_C_3.StaticMeshComponent0 SM_Gameball) is set to simulate physics but Collision Enabled is incompatible
[2017.01.04-09.04.26:557][343]PIE:Warning: Warning Invalid Simulate Options: Body (BP_Gameball_C_3.StaticMeshComponent0 SM_Gameball) is set to simulate physics but Collision Enabled is incompatible
[2017.01.04-09.04.26:557][343]LogBlueprintUserMessages: [Pong_Playfield_C_0] MULTIBALL
[2017.01.04-09.04.27:665][417]LogBlueprintUserMessages: [BP_Gameball_C_2] HIT
[2017.01.04-09.04.27:665][417]LogBlueprintUserMessages: [BP_Gameball_C_3] HIT
[2017.01.04-09.04.27:740][422]LogBlueprintUserMessages: [BP_Gameball_C_1] HIT
[2017.01.04-09.04.27:901][433]LogBlueprintUserMessages: [BP_Gameball_C_2] HIT
[2017.01.04-09.04.27:901][433]LogBlueprintUserMessages: [BP_Gameball_C_2] 1
[2017.01.04-09.04.28:065][444]LogBlueprintUserMessages: [BP_Gameball_C_1] HIT
[2017.01.04-09.04.28:528][475]PIE:Warning: Warning Invalid Simulate Options: Body (BP_Gameball_C_4.StaticMeshComponent0 SM_Gameball) is set to simulate physics but Collision Enabled is incompatible
[2017.01.04-09.04.28:528][475]PIE:Warning: Warning Invalid Simulate Options: Body (BP_Gameball_C_4.StaticMeshComponent0 SM_Gameball) is set to simulate physics but Collision Enabled is incompatible
[2017.01.04-09.04.28:821][494]LogBlueprintUserMessages: [BP_Gameball_C_2] HIT
[2017.01.04-09.04.28:822][494]LogBlueprintUserMessages: [BP_Gameball_C_2] 2
[2017.01.04-09.04.29:384][532]LogBlueprintUserMessages: [BP_Gameball_C_1] HIT
[2017.01.04-09.04.29:874][560]PIE:Warning: Warning Invalid Simulate Options: Body (BP_Gameball_C_5.StaticMeshComponent0 SM_Gameball) is set to simulate physics but Collision Enabled is incompatible
[2017.01.04-09.04.29:874][560]PIE:Warning: Warning Invalid Simulate Options: Body (BP_Gameball_C_5.StaticMeshComponent0 SM_Gameball) is set to simulate physics but Collision Enabled is incompatible
[2017.01.04-09.04.30:071][571]LogBlueprintUserMessages: Early EndPlayMap Detection: Level '/Game/UE4_Pong/Maps/Pong_Playfield.Pong_Playfield:PersistentLevel' has LevelScriptBlueprint '/Game/UE4_Pong/Maps/Pong_Playfield.Pong_Playfield:PersistentLevel.Pong_Playfield' with GeneratedClass '/Game/UE4_Pong/Maps/Pong_Playfield.Pong_Playfield_C' with ClassGeneratedBy '/Game/UE4_Pong/Maps/Pong_Playfield.Pong_Playfield:PersistentLevel.Pong_Playfield'
[2017.01.04-09.04.30:147][571]LogBlueprintUserMessages: Late EndPlayMap Detection: Level '/Game/UE4_Pong/Maps/Pong_Playfield.Pong_Playfield:PersistentLevel' has LevelScriptBlueprint '/Game/UE4_Pong/Maps/Pong_Playfield.Pong_Playfield:PersistentLevel.Pong_Playfield' with GeneratedClass '/Game/UE4_Pong/Maps/Pong_Playfield.Pong_Playfield_C' with ClassGeneratedBy '/Game/UE4_Pong/Maps/Pong_Playfield.Pong_Playfield:PersistentLevel.Pong_Playfield'
[2017.01.04-09.04.37:319][415]LogBlueprintUserMessages: Early PlayInEditor Detection: Level '/Game/UE4_Pong/Maps/Pong_Playfield.Pong_Playfield:PersistentLevel' has LevelScriptBlueprint '/Game/UE4_Pong/Maps/Pong_Playfield.Pong_Playfield:PersistentLevel.Pong_Playfield' with GeneratedClass '/Game/UE4_Pong/Maps/Pong_Playfield.Pong_Playfield_C' with ClassGeneratedBy '/Game/UE4_Pong/Maps/Pong_Playfield.Pong_Playfield:PersistentLevel.Pong_Playfield'
[2017.01.04-09.04.37:319][415]LogPlayLevel: PlayLevel: No blueprints needed recompiling
[2017.01.04-09.04.37:319][415]PIE: New page: PIE session: Pong_Playfield (Jan 3, 2017, 5:04:37 PM)
[2017.01.04-09.04.37:319][415]LogPlayLevel: Creating play world package: /Game/UE4_Pong/Maps/UEDPIE_0_Pong_Playfield
[2017.01.04-09.04.37:327][415]LogPlayLevel: PIE: StaticDuplicateObject took: (0.008101s)
[2017.01.04-09.04.37:328][415]LogAIModule: Creating AISystem for world Pong_Playfield
[2017.01.04-09.04.37:328][415]LogPlayLevel: PIE: World Init took: (0.000679s)
[2017.01.04-09.04.37:328][415]LogPlayLevel: PIE: Created PIE world by copying editor world from /Game/UE4_Pong/Maps/Pong_Playfield.Pong_Playfield to /Game/UE4_Pong/Maps/UEDPIE_0_Pong_Playfield.Pong_Playfield (0.008996s)
[2017.01.04-09.04.37:353][415]LogInit: XAudio2 using 'D50u-D1-4 (NVIDIA High Definition Audio)' : 2 channels at 48 kHz using 16 bits per sample (channel mask 0x3)
[2017.01.04-09.04.37:358][415]LogInit: FAudioDevice initialized.
[2017.01.04-09.04.37:408][415]LogWorld: Game class is 'GM_UE4_Pong_C'
[2017.01.04-09.04.37:412][415]LogWorld: Bringing World /Game/UE4_Pong/Maps/UEDPIE_0_Pong_Playfield.Pong_Playfield up for play (max tick rate 0) at 2017.01.04-01.04.37
[2017.01.04-09.04.37:413][415]LogWorld: Bringing up level for play took: 0.003377
[2017.01.04-09.04.37:415][415]PIE:Warning: Warning Invalid Simulate Options: Body (BP_Gameball_C_0.StaticMeshComponent0 SM_Gameball) is set to simulate physics but Collision Enabled is incompatible
[2017.01.04-09.04.37:415][415]PIE:Warning: Warning Invalid Simulate Options: Body (BP_Gameball_C_0.StaticMeshComponent0 SM_Gameball) is set to simulate physics but Collision Enabled is incompatible
[2017.01.04-09.04.37:415][415]PIE: Info Play in editor start time for /Game/UE4_Pong/Maps/UEDPIE_0_Pong_Playfield 0.685
[2017.01.04-09.04.37:415][415]LogBlueprintUserMessages: Late PlayInEditor Detection: Level '/Game/UE4_Pong/Maps/Pong_Playfield.Pong_Playfield:PersistentLevel' has LevelScriptBlueprint '/Game/UE4_Pong/Maps/Pong_Playfield.Pong_Playfield:PersistentLevel.Pong_Playfield' with GeneratedClass '/Game/UE4_Pong/Maps/Pong_Playfield.Pong_Playfield_C' with ClassGeneratedBy '/Game/UE4_Pong/Maps/Pong_Playfield.Pong_Playfield:PersistentLevel.Pong_Playfield'
[2017.01.04-09.04.39:914][584]LogBlueprintUserMessages: [BP_Gameball_C_0] HIT
[2017.01.04-09.04.39:914][584]LogBlueprintUserMessages: [BP_Gameball_C_0] 1
[2017.01.04-09.04.40:553][628]LogBlueprintUserMessages: [BP_Gameball_C_0] HIT
[2017.01.04-09.04.40:553][628]LogBlueprintUserMessages: [BP_Gameball_C_0] 2
[2017.01.04-09.04.41:194][672]LogBlueprintUserMessages: [BP_Gameball_C_0] HIT
[2017.01.04-09.04.41:194][672]LogBlueprintUserMessages: [BP_Gameball_C_0] 3
[2017.01.04-09.04.41:834][716]LogBlueprintUserMessages: [BP_Gameball_C_0] HIT
[2017.01.04-09.04.41:834][716]LogBlueprintUserMessages: [BP_Gameball_C_0] 4
[2017.01.04-09.04.42:471][760]LogBlueprintUserMessages: [BP_Gameball_C_0] HIT
[2017.01.04-09.04.42:471][760]LogBlueprintUserMessages: [BP_Gameball_C_0] 5
[2017.01.04-09.04.42:486][761]PIE:Warning: Warning Invalid Simulate Options: Body (BP_Gameball_C_1.StaticMeshComponent0 SM_Gameball) is set to simulate physics but Collision Enabled is incompatible
[2017.01.04-09.04.42:486][761]PIE:Warning: Warning Invalid Simulate Options: Body (BP_Gameball_C_1.StaticMeshComponent0 SM_Gameball) is set to simulate physics but Collision Enabled is incompatible
[2017.01.04-09.04.42:487][761]PIE:Warning: Warning Invalid Simulate Options: Body (BP_Gameball_C_2.StaticMeshComponent0 SM_Gameball) is set to simulate physics but Collision Enabled is incompatible
[2017.01.04-09.04.42:487][761]PIE:Warning: Warning Invalid Simulate Options: Body (BP_Gameball_C_2.StaticMeshComponent0 SM_Gameball) is set to simulate physics but Collision Enabled is incompatible
[2017.01.04-09.04.42:487][761]LogBlueprintUserMessages: [Pong_Playfield_C_0] MULTIBALL
[2017.01.04-09.04.43:102][803]LogBlueprintUserMessages: [BP_Gameball_C_0] HIT
[2017.01.04-09.04.43:102][803]LogBlueprintUserMessages: [BP_Gameball_C_0] 7
[2017.01.04-09.04.43:543][833]LogBlueprintUserMessages: [BP_Gameball_C_1] HIT
[2017.01.04-09.04.43:543][833]LogBlueprintUserMessages: [BP_Gameball_C_2] HIT
[2017.01.04-09.04.43:733][846]LogBlueprintUserMessages: [BP_Gameball_C_0] HIT
[2017.01.04-09.04.43:733][846]LogBlueprintUserMessages: [BP_Gameball_C_0] 8
[2017.01.04-09.04.44:315][881]PIE:Warning: Warning Invalid Simulate Options: Body (BP_Gameball_C_3.StaticMeshComponent0 SM_Gameball) is set to simulate physics but Collision Enabled is incompatible
[2017.01.04-09.04.44:315][881]PIE:Warning: Warning Invalid Simulate Options: Body (BP_Gameball_C_3.StaticMeshComponent0 SM_Gameball) is set to simulate physics but Collision Enabled is incompatible
[2017.01.04-09.04.44:315][881]PIE:Warning: Warning Invalid Simulate Options: Body (BP_Gameball_C_4.StaticMeshComponent0 SM_Gameball) is set to simulate physics but Collision Enabled is incompatible
[2017.01.04-09.04.44:315][881]PIE:Warning: Warning Invalid Simulate Options: Body (BP_Gameball_C_4.StaticMeshComponent0 SM_Gameball) is set to simulate physics but Collision Enabled is incompatible
[2017.01.04-09.04.44:373][885]LogBlueprintUserMessages: [BP_Gameball_C_0] HIT
[2017.01.04-09.04.44:373][885]LogBlueprintUserMessages: [BP_Gameball_C_0] 9
[2017.01.04-09.04.45:016][929]LogBlueprintUserMessages: [BP_Gameball_C_0] HIT
[2017.01.04-09.04.45:016][929]LogBlueprintUserMessages: [BP_Gameball_C_0] 10
[2017.01.04-09.04.45:655][973]LogBlueprintUserMessages: [BP_Gameball_C_0] HIT
[2017.01.04-09.04.45:655][973]LogBlueprintUserMessages: [BP_Gameball_C_0] 11
[2017.01.04-09.04.46:269][ 15]LogBlueprintUserMessages: [BP_Gameball_C_3] HIT
[2017.01.04-09.04.46:270][ 15]LogBlueprintUserMessages: [BP_Gameball_C_3] 1
[2017.01.04-09.04.46:270][ 15]LogBlueprintUserMessages: [BP_Gameball_C_4] HIT
[2017.01.04-09.04.46:270][ 15]LogBlueprintUserMessages: [BP_Gameball_C_4] 1
[2017.01.04-09.04.46:298][ 17]LogBlueprintUserMessages: [BP_Gameball_C_0] HIT
[2017.01.04-09.04.46:299][ 17]LogBlueprintUserMessages: [BP_Gameball_C_0] 12
[2017.01.04-09.04.46:941][ 61]LogBlueprintUserMessages: [BP_Gameball_C_0] HIT
[2017.01.04-09.04.46:941][ 61]LogBlueprintUserMessages: [BP_Gameball_C_0] 13
[2017.01.04-09.04.47:587][105]LogBlueprintUserMessages: [BP_Gameball_C_0] HIT
[2017.01.04-09.04.47:587][105]LogBlueprintUserMessages: [BP_Gameball_C_0] 14
[2017.01.04-09.04.48:228][149]LogBlueprintUserMessages: [BP_Gameball_C_0] HIT
[2017.01.04-09.04.48:228][149]LogBlueprintUserMessages: [BP_Gameball_C_0] 15
[2017.01.04-09.04.48:862][192]LogBlueprintUserMessages: [BP_Gameball_C_0] HIT
[2017.01.04-09.04.48:862][192]LogBlueprintUserMessages: [BP_Gameball_C_0] 16
[2017.01.04-09.04.49:505][236]LogBlueprintUserMessages: [BP_Gameball_C_0] HIT
[2017.01.04-09.04.49:505][236]LogBlueprintUserMessages: [BP_Gameball_C_0] 17
[2017.01.04-09.04.50:152][280]LogBlueprintUserMessages: [BP_Gameball_C_0] HIT
[2017.01.04-09.04.50:152][280]LogBlueprintUserMessages: [BP_Gameball_C_0] 18
[2017.01.04-09.04.50:181][282]LogBlueprintUserMessages: [BP_Gameball_C_3] HIT
[2017.01.04-09.04.50:181][282]LogBlueprintUserMessages: [BP_Gameball_C_3] 2
[2017.01.04-09.04.50:181][282]LogBlueprintUserMessages: [BP_Gameball_C_4] HIT
[2017.01.04-09.04.50:181][282]LogBlueprintUserMessages: [BP_Gameball_C_4] 2
[2017.01.04-09.04.50:790][323]LogBlueprintUserMessages: [BP_Gameball_C_0] HIT
[2017.01.04-09.04.50:790][323]LogBlueprintUserMessages: [BP_Gameball_C_0] 19
[2017.01.04-09.04.51:428][365]LogBlueprintUserMessages: [BP_Gameball_C_0] HIT
[2017.01.04-09.04.51:429][365]LogBlueprintUserMessages: [BP_Gameball_C_0] 20
[2017.01.04-09.04.52:651][447]PIE:Warning: Warning Invalid Simulate Options: Body (BP_Gameball_C_5.StaticMeshComponent0 SM_Gameball) is set to simulate physics but Collision Enabled is incompatible
[2017.01.04-09.04.52:651][447]PIE:Warning: Warning Invalid Simulate Options: Body (BP_Gameball_C_5.StaticMeshComponent0 SM_Gameball) is set to simulate physics but Collision Enabled is incompatible
[2017.01.04-09.04.54:091][545]LogBlueprintUserMessages: [BP_Gameball_C_3] HIT
[2017.01.04-09.04.54:091][545]LogBlueprintUserMessages: [BP_Gameball_C_3] 3
[2017.01.04-09.04.54:091][545]LogBlueprintUserMessages: [BP_Gameball_C_4] HIT
[2017.01.04-09.04.54:091][545]LogBlueprintUserMessages: [BP_Gameball_C_4] 3
[2017.01.04-09.04.54:603][579]LogBlueprintUserMessages: [BP_Gameball_C_5] HIT
[2017.01.04-09.04.54:603][579]LogBlueprintUserMessages: [BP_Gameball_C_5] 1
[2017.01.04-09.04.55:533][640]LogBlueprintUserMessages: [BP_Gameball_C_4] HIT
[2017.01.04-09.04.55:625][646]LogBlueprintUserMessages: Early EndPlayMap Detection: Level '/Game/UE4_Pong/Maps/Pong_Playfield.Pong_Playfield:PersistentLevel' has LevelScriptBlueprint '/Game/UE4_Pong/Maps/Pong_Playfield.Pong_Playfield:PersistentLevel.Pong_Playfield' with GeneratedClass '/Game/UE4_Pong/Maps/Pong_Playfield.Pong_Playfield_C' with ClassGeneratedBy '/Game/UE4_Pong/Maps/Pong_Playfield.Pong_Playfield:PersistentLevel.Pong_Playfield'
[2017.01.04-09.04.55:666][646]LogBlueprintUserMessages: Late EndPlayMap Detection: Level '/Game/UE4_Pong/Maps/Pong_Playfield.Pong_Playfield:PersistentLevel' has LevelScriptBlueprint '/Game/UE4_Pong/Maps/Pong_Playfield.Pong_Playfield:PersistentLevel.Pong_Playfield' with GeneratedClass '/Game/UE4_Pong/Maps/Pong_Playfield.Pong_Playfield_C' with ClassGeneratedBy '/Game/UE4_Pong/Maps/Pong_Playfield.Pong_Playfield:PersistentLevel.Pong_Playfield'
[2017.01.04-09.06.43:077][262]LogWindowsTextInputMethodSystem:Display: IME system now deactivated.
[2017.01.04-09.06.43:272][263]Cmd: QUIT_EDITOR
[2017.01.04-09.06.43:955][263]LogExit: Preparing to exit.
[2017.01.04-09.06.44:569][263]LogExit: Editor shut down
[2017.01.04-09.06.44:570][263]LogExit: Transaction tracking system shut down
[2017.01.04-09.06.44:673][263]LogObj: Freed 0b from 0 cluster array pools.
[2017.01.04-09.06.44:673][263]LogExit: Object subsystem successfully closed.
[2017.01.04-09.06.44:688][263]LogD3D11RHI: Shutdown
[2017.01.04-09.06.44:688][263]LogD3D11RHI: CleanupD3DDevice
[2017.01.04-09.06.44:747][263]LogD3D11RHI: ~FD3D11DynamicRHI
[2017.01.04-09.06.44:772][263]LogModuleManager: Shutting down and abandoning module ExternalImagePicker (212)
[2017.01.04-09.06.44:772][263]LogModuleManager: Shutting down and abandoning module MovieSceneCapture (211)
[2017.01.04-09.06.44:772][263]LogModuleManager: Shutting down and abandoning module HierarchicalLODOutliner (210)
[2017.01.04-09.06.44:772][263]LogModuleManager: Shutting down and abandoning module CrashTracker (209)
[2017.01.04-09.06.44:772][263]LogModuleManager: Shutting down and abandoning module SceneOutliner (208)
[2017.01.04-09.06.44:772][263]LogModuleManager: Shutting down and abandoning module WidgetCarousel (207)
[2017.01.04-09.06.44:772][263]LogModuleManager: Shutting down and abandoning module AddContentDialog (206)
[2017.01.04-09.06.44:773][263]LogModuleManager: Shutting down and abandoning module GameplayTags (205)
[2017.01.04-09.06.44:773][263]LogModuleManager: Shutting down and abandoning module EditorWidgets (204)
[2017.01.04-09.06.44:773][263]LogModuleManager: Shutting down and abandoning module CollectionManager (203)
[2017.01.04-09.06.44:773][263]LogModuleManager: Shutting down and abandoning module StatsViewer (202)
[2017.01.04-09.06.44:773][263]LogModuleManager: Shutting down and abandoning module FoliageEdit (201)
[2017.01.04-09.06.44:773][263]LogModuleManager: Shutting down and abandoning module LandscapeEditor (200)
[2017.01.04-09.06.44:774][263]LogModuleManager: Shutting down and abandoning module SceneDepthPickerMode (199)
[2017.01.04-09.06.44:774][263]LogModuleManager: Shutting down and abandoning module ActorPickerMode (198)
[2017.01.04-09.06.44:774][263]LogModuleManager: Shutting down and abandoning module GeometryMode (197)
[2017.01.04-09.06.44:774][263]LogModuleManager: Shutting down and abandoning module TextureAlignMode (196)
[2017.01.04-09.06.44:774][263]LogModuleManager: Shutting down and abandoning module BspMode (195)
[2017.01.04-09.06.44:774][263]LogModuleManager: Shutting down and abandoning module SequenceRecorderSections (194)
[2017.01.04-09.06.44:774][263]LogModuleManager: Shutting down and abandoning module SequenceRecorder (193)
[2017.01.04-09.06.44:774][263]LogModuleManager: Shutting down and abandoning module AutomationWorker (192)
[2017.01.04-09.06.44:774][263]LogModuleManager: Shutting down and abandoning module MatineeToLevelSequence (191)
[2017.01.04-09.06.44:774][263]LogModuleManager: Shutting down and abandoning module PlacementMode (190)
[2017.01.04-09.06.44:774][263]LogModuleManager: Shutting down and abandoning module LevelSequenceEditor (189)
[2017.01.04-09.06.44:774][263]LogModuleManager: Shutting down and abandoning module CharacterAI (188)
[2017.01.04-09.06.44:774][263]LogModuleManager: Shutting down and abandoning module SmartSnapping (187)
[2017.01.04-09.06.44:774][263]LogModuleManager: Shutting down and abandoning module SessionServices (186)
[2017.01.04-09.06.44:774][263]LogModuleManager: Shutting down and abandoning module ViewportSnapping (185)
[2017.01.04-09.06.44:774][263]LogModuleManager: Shutting down and abandoning module LogVisualizer (184)
[2017.01.04-09.06.44:774][263]LogModuleManager: Shutting down and abandoning module GameProjectGeneration (183)
[2017.01.04-09.06.44:774][263]LogModuleManager: Shutting down and abandoning module IntroTutorials (182)
[2017.01.04-09.06.44:774][263]LogModuleManager: Shutting down and abandoning module EditorLiveStreaming (181)
[2017.01.04-09.06.44:774][263]LogModuleManager: Shutting down and abandoning module IOSPlatformEditor (180)
[2017.01.04-09.06.44:774][263]LogModuleManager: Shutting down and abandoning module HTML5PlatformEditor (179)
[2017.01.04-09.06.44:774][263]LogModuleManager: Shutting down and abandoning module AndroidDeviceDetection (178)
[2017.01.04-09.06.45:151][263]LogModuleManager: Shutting down and abandoning module AndroidPlatformEditor (177)
[2017.01.04-09.06.45:151][263]LogModuleManager: Shutting down and abandoning module IOSRuntimeSettings (176)
[2017.01.04-09.06.45:151][263]LogModuleManager: Shutting down and abandoning module AndroidRuntimeSettings (175)
[2017.01.04-09.06.45:151][263]LogModuleManager: Shutting down and abandoning module MergeActors (174)
[2017.01.04-09.06.45:151][263]LogModuleManager: Shutting down and abandoning module SizeMap (173)
[2017.01.04-09.06.45:151][263]LogModuleManager: Shutting down and abandoning module TreeMap (172)
[2017.01.04-09.06.45:151][263]LogModuleManager: Shutting down and abandoning module ReferenceViewer (171)
[2017.01.04-09.06.45:151][263]LogModuleManager: Shutting down and abandoning module LocalizationService (170)
[2017.01.04-09.06.45:151][263]LogModuleManager: Shutting down and abandoning module LocalizationDashboard (169)
[2017.01.04-09.06.45:151][263]LogModuleManager: Shutting down and abandoning module HardwareTargeting (168)
[2017.01.04-09.06.45:151][263]LogModuleManager: Shutting down and abandoning module DeviceProfileEditor (167)
[2017.01.04-09.06.45:151][263]LogModuleManager: Shutting down and abandoning module UndoHistory (166)
[2017.01.04-09.06.45:151][263]LogModuleManager: Shutting down and abandoning module UserFeedback (165)
[2017.01.04-09.06.45:151][263]LogModuleManager: Shutting down and abandoning module XmlParser (164)
[2017.01.04-09.06.45:151][263]LogModuleManager: Shutting down and abandoning module Blutility (163)
[2017.01.04-09.06.45:151][263]LogModuleManager: Shutting down and abandoning module ProjectTargetPlatformEditor (162)
[2017.01.04-09.06.45:151][263]LogModuleManager: Shutting down and abandoning module ProjectSettingsViewer (161)
[2017.01.04-09.06.45:151][263]LogModuleManager: Shutting down and abandoning module InputBindingEditor (160)
[2017.01.04-09.06.45:151][263]LogModuleManager: Shutting down and abandoning module EditorSettingsViewer (159)
[2017.01.04-09.06.45:151][263]LogModuleManager: Shutting down and abandoning module SettingsEditor (158)
[2017.01.04-09.06.45:152][263]LogModuleManager: Shutting down and abandoning module ProjectLauncher (157)
[2017.01.04-09.06.45:152][263]LogModuleManager: Shutting down and abandoning module SessionFrontend (156)
[2017.01.04-09.06.45:152][263]LogModuleManager: Shutting down and abandoning module ProfilerClient (155)
[2017.01.04-09.06.45:152][263]LogModuleManager: Shutting down and abandoning module TargetDeviceServices (154)
[2017.01.04-09.06.45:152][263]LogModuleManager: Shutting down and abandoning module DeviceManager (153)
[2017.01.04-09.06.45:204][263]LogModuleManager: Shutting down and abandoning module AutomationController (152)
[2017.01.04-09.06.45:204][263]LogModuleManager: Shutting down and abandoning module AutomationWindow (151)
[2017.01.04-09.06.45:204][263]LogModuleManager: Shutting down and abandoning module Layers (150)
[2017.01.04-09.06.45:204][263]LogModuleManager: Shutting down and abandoning module ComponentVisualizers (149)
[2017.01.04-09.06.45:204][263]LogModuleManager: Shutting down and abandoning module DetailCustomizations (148)
[2017.01.04-09.06.45:204][263]LogModuleManager: Shutting down and abandoning module PackagesDialog (147)
[2017.01.04-09.06.45:204][263]LogModuleManager: Shutting down and abandoning module Persona (146)
[2017.01.04-09.06.45:204][263]LogModuleManager: Shutting down and abandoning module Kismet (145)
[2017.01.04-09.06.45:204][263]LogModuleManager: Shutting down and abandoning module GraphEditor (144)
[2017.01.04-09.06.45:205][263]LogModuleManager: Shutting down and abandoning module ClassViewer (143)
[2017.01.04-09.06.45:205][263]LogModuleManager: Shutting down and abandoning module Toolbox (142)
[2017.01.04-09.06.45:205][263]LogModuleManager: Shutting down and abandoning module ModuleUI (141)
[2017.01.04-09.06.45:205][263]LogModuleManager: Shutting down and abandoning module MovieSceneTools (140)
[2017.01.04-09.06.45:205][263]LogModuleManager: Shutting down and abandoning module OutputLog (139)
[2017.01.04-09.06.45:205][263]LogModuleManager: Shutting down and abandoning module GammaUI (138)
[2017.01.04-09.06.45:205][263]LogModuleManager: Shutting down and abandoning module Documentation (137)
[2017.01.04-09.06.45:205][263]LogModuleManager: Shutting down and abandoning module StreamingPauseRendering (136)
[2017.01.04-09.06.45:205][263]LogModuleManager: Shutting down and abandoning module PortalServices (135)
[2017.01.04-09.06.45:205][263]LogModuleManager: Shutting down and abandoning module PortalRpc (134)
[2017.01.04-09.06.45:205][263]LogModuleManager: Shutting down and abandoning module MessagingRpc (133)
[2017.01.04-09.06.45:205][263]LogModuleManager: Shutting down and abandoning module GameplayDebugger (132)
[2017.01.04-09.06.45:205][263]LogModuleManager: Shutting down and abandoning module AITestSuite (131)
[2017.01.04-09.06.45:205][263]LogModuleManager: Shutting down and abandoning module AIModule (130)
[2017.01.04-09.06.45:205][263]LogModuleManager: Shutting down and abandoning module ProfilerService (129)
[2017.01.04-09.06.45:212][263]LogModuleManager: Shutting down and abandoning module TaskGraph (128)
[2017.01.04-09.06.45:212][263]LogModuleManager: Shutting down and abandoning module SlateRemote (127)
[2017.01.04-09.06.45:212][263]LogModuleManager: Shutting down and abandoning module SteamVRController (126)
[2017.01.04-09.06.45:212][263]LogModuleManager: Shutting down and abandoning module SteamVR (125)
[2017.01.04-09.06.45:212][263]LogModuleManager: Shutting down and abandoning module ProceduralMeshComponent (124)
[2017.01.04-09.06.45:212][263]LogModuleManager: Shutting down and abandoning module OculusLibrary (123)
[2017.01.04-09.06.45:212][263]LogModuleManager: Shutting down and abandoning module OculusInput (122)
[2017.01.04-09.06.45:212][263]LogModuleManager: Shutting down and abandoning module CustomMeshComponent (121)
[2017.01.04-09.06.45:212][263]LogModuleManager: Shutting down and abandoning module CableComponent (120)
[2017.01.04-09.06.45:212][263]LogModuleManager: Shutting down and abandoning module ArchVisCharacter (119)
[2017.01.04-09.06.45:212][263]LogModuleManager: Shutting down and abandoning module MediaPlayerEditor (118)
[2017.01.04-09.06.45:212][263]LogModuleManager: Shutting down and abandoning module HTML5Networking (117)
[2017.01.04-09.06.45:212][263]LogModuleManager: Shutting down and abandoning module SuperSearch (116)
[2017.01.04-09.06.45:212][263]LogModuleManager: Shutting down and abandoning module SuperSearchEditor (115)
[2017.01.04-09.06.45:212][263]LogModuleManager: Shutting down and abandoning module SpeedTreeImporter (114)
[2017.01.04-09.06.45:212][263]LogModuleManager: Shutting down and abandoning module PluginBrowser (113)
[2017.01.04-09.06.45:212][263]LogModuleManager: Shutting down and abandoning module EpicSurvey (112)
[2017.01.04-09.06.45:212][263]LogModuleManager: Shutting down and abandoning module DesktopPlatform (111)
[2017.01.04-09.06.45:213][263]LogModuleManager: Shutting down and abandoning module VisualStudioSourceCodeAccess (110)
[2017.01.04-09.06.45:213][263]LogModuleManager: Shutting down and abandoning module UObjectPlugin (109)
[2017.01.04-09.06.45:213][263]LogModuleManager: Shutting down and abandoning module SubversionSourceControl (108)
[2017.01.04-09.06.45:213][263]LogModuleManager: Shutting down and abandoning module PerforceSourceControl (107)
[2017.01.04-09.06.45:213][263]LogModuleManager: Shutting down and abandoning module SourceControl (106)
[2017.01.04-09.06.45:213][263]LogModuleManager: Shutting down and abandoning module GitSourceControl (105)
[2017.01.04-09.06.45:213][263]LogModuleManager: Shutting down and abandoning module LightPropagationVolumeEditor (104)
[2017.01.04-09.06.45:213][263]LogModuleManager: Shutting down and abandoning module PaperTiledImporter (103)
[2017.01.04-09.06.45:213][263]LogModuleManager: Shutting down and abandoning module PaperSpriteSheetImporter (102)
[2017.01.04-09.06.45:213][263]LogModuleManager: Shutting down and abandoning module MeshPaint (101)
[2017.01.04-09.06.45:213][263]LogModuleManager: Shutting down and abandoning module PixelInspectorModule (100)
[2017.01.04-09.06.45:213][263]LogModuleManager: Shutting down and abandoning module HotReload (99)
[2017.01.04-09.06.45:213][263]LogModuleManager: Shutting down and abandoning module MainFrame (98)
[2017.01.04-09.06.45:213][263]LogModuleManager: Shutting down and abandoning module LevelEditor (97)
[2017.01.04-09.06.45:214][263]LogModuleManager: Shutting down and abandoning module ContentBrowser (96)
[2017.01.04-09.06.45:214][263]LogModuleManager: Shutting down and abandoning module Paper2DEditor (95)
[2017.01.04-09.06.45:215][263]LogModuleManager: Shutting down and abandoning module UdpMessaging (94)
[2017.01.04-09.06.45:315][263]LogModuleManager: Shutting down and abandoning module LightPropagationVolumeRuntime (93)
[2017.01.04-09.06.45:315][263]LogModuleManager: Shutting down and abandoning module Paper2D (92)
[2017.01.04-09.06.45:315][263]LogModuleManager: Shutting down and abandoning module WindowsMoviePlayer (91)
[2017.01.04-09.06.45:315][263]LogModuleManager: Shutting down and abandoning module Media (90)
[2017.01.04-09.06.45:315][263]LogModuleManager: Shutting down and abandoning module WmfMedia (89)
[2017.01.04-09.06.45:315][263]LogModuleManager: Shutting down and abandoning module MediaAssets (88)
[2017.01.04-09.06.45:315][263]LogModuleManager: Shutting down and abandoning module GameLiveStreaming (87)
[2017.01.04-09.06.45:315][263]LogModuleManager: Shutting down and abandoning module GameplayTagsEditor (86)
[2017.01.04-09.06.45:315][263]LogModuleManager: Shutting down and abandoning module OnlineBlueprintSupport (85)
[2017.01.04-09.06.45:315][263]LogModuleManager: Shutting down and abandoning module VREditor (84)
[2017.01.04-09.06.45:315][263]LogModuleManager: Shutting down and abandoning module GameplayTasksEditor (83)
[2017.01.04-09.06.45:315][263]LogModuleManager: Shutting down and abandoning module PropertyEditor (82)
[2017.01.04-09.06.45:315][263]LogModuleManager: Shutting down and abandoning module BehaviorTreeEditor (81)
[2017.01.04-09.06.45:315][263]LogModuleManager: Shutting down and abandoning module FunctionalTesting (80)
[2017.01.04-09.06.45:315][263]LogModuleManager: Shutting down and abandoning module CollisionAnalyzer (79)
[2017.01.04-09.06.45:315][263]LogModuleManager: Shutting down and abandoning module Sequencer (78)
[2017.01.04-09.06.45:315][263]LogModuleManager: Shutting down and abandoning module WorkspaceMenuStructure (77)
[2017.01.04-09.06.45:315][263]LogModuleManager: Shutting down and abandoning module MessageLog (76)
[2017.01.04-09.06.45:315][263]LogModuleManager: Shutting down and abandoning module AssetTools (75)
[2017.01.04-09.06.45:315][263]LogModuleManager: Shutting down and abandoning module UMGEditor (74)
[2017.01.04-09.06.45:315][263]LogModuleManager: Shutting down and abandoning module UMG (73)
[2017.01.04-09.06.45:315][263]LogModuleManager: Shutting down and abandoning module SlateReflector (72)
[2017.01.04-09.06.45:316][263]LogModuleManager: Shutting down and abandoning module Slate (71)
[2017.01.04-09.06.45:316][263]LogModuleManager: Shutting down and abandoning module EditorStyle (70)
[2017.01.04-09.06.45:319][263]LogModuleManager: Shutting down and abandoning module SourceCodeAccess (69)
[2017.01.04-09.06.45:319][263]LogModuleManager: Shutting down and abandoning module HeadMountedDisplay (68)
[2017.01.04-09.06.45:319][263]LogModuleManager: Shutting down and abandoning module XAudio2 (67)
[2017.01.04-09.06.45:319][263]LogModuleManager: Shutting down and abandoning module Networking (65)
[2017.01.04-09.06.45:319][263]LogModuleManager: Shutting down and abandoning module Core (64)
[2017.01.04-09.06.45:319][263]LogModuleManager: Shutting down and abandoning module DirectoryWatcher (63)
[2017.01.04-09.06.45:320][263]LogModuleManager: Shutting down and abandoning module AssetRegistry (62)
[2017.01.04-09.06.45:536][263]LogModuleManager: Shutting down and abandoning module KismetCompiler (61)
[2017.01.04-09.06.45:536][263]LogModuleManager: Shutting down and abandoning module PhysXFormats (60)
[2017.01.04-09.06.45:536][263]LogModuleManager: Shutting down and abandoning module MeshUtilities (59)
[2017.01.04-09.06.45:536][263]LogModuleManager: Shutting down and abandoning module DerivedDataCache (58)
[2017.01.04-09.06.45:588][263]LogDerivedDataCache: Shutdown
[2017.01.04-09.06.45:588][263]LogModuleManager: Shutting down and abandoning module VulkanShaderFormat (57)
[2017.01.04-09.06.45:588][263]LogModuleManager: Shutting down and abandoning module ShaderFormatOpenGL (56)
[2017.01.04-09.06.45:588][263]LogModuleManager: Shutting down and abandoning module ShaderFormatD3D (55)
[2017.01.04-09.06.45:588][263]LogModuleManager: Shutting down and abandoning module MetalShaderFormat (54)
[2017.01.04-09.06.45:588][263]LogModuleManager: Shutting down and abandoning module TextureFormatUncompressed (53)
[2017.01.04-09.06.45:588][263]LogModuleManager: Shutting down and abandoning module TextureFormatPVR (52)
[2017.01.04-09.06.45:588][263]LogModuleManager: Shutting down and abandoning module TextureFormatIntelISPCTexComp (51)
[2017.01.04-09.06.45:588][263]LogModuleManager: Shutting down and abandoning module TextureFormatDXT (50)
[2017.01.04-09.06.45:588][263]LogModuleManager: Shutting down and abandoning module ImageWrapper (49)
[2017.01.04-09.06.45:588][263]LogModuleManager: Shutting down and abandoning module TextureFormatASTC (48)
[2017.01.04-09.06.45:588][263]LogModuleManager: Shutting down and abandoning module TextureFormatAndroid (47)
[2017.01.04-09.06.45:588][263]LogModuleManager: Shutting down and abandoning module AudioFormatOpus (46)
[2017.01.04-09.06.45:588][263]LogModuleManager: Shutting down and abandoning module AudioFormatOgg (45)
[2017.01.04-09.06.45:588][263]LogModuleManager: Shutting down and abandoning module AudioFormatADPCM (44)
[2017.01.04-09.06.45:588][263]LogModuleManager: Shutting down and abandoning module LinuxTargetPlatform (43)
[2017.01.04-09.06.45:588][263]LogModuleManager: Shutting down and abandoning module LinuxServerTargetPlatform (42)
[2017.01.04-09.06.45:588][263]LogModuleManager: Shutting down and abandoning module LinuxNoEditorTargetPlatform (41)
[2017.01.04-09.06.45:588][263]LogModuleManager: Shutting down and abandoning module TVOSTargetPlatform (40)
[2017.01.04-09.06.45:588][263]LogModuleManager: Shutting down and abandoning module Messaging (39)
[2017.01.04-09.06.45:588][263]LogModuleManager: Shutting down and abandoning module IOSTargetPlatform (38)
[2017.01.04-09.06.45:588][263]LogModuleManager: Shutting down and abandoning module HTML5TargetPlatform (37)
[2017.01.04-09.06.45:588][263]LogModuleManager: Shutting down and abandoning module Android_PVRTCTargetPlatform (36)
[2017.01.04-09.06.45:588][263]LogModuleManager: Shutting down and abandoning module Android_MultiTargetPlatform (35)
[2017.01.04-09.06.45:588][263]LogModuleManager: Shutting down and abandoning module Android_ETC2TargetPlatform (34)
[2017.01.04-09.06.45:588][263]LogModuleManager: Shutting down and abandoning module Android_ETC1TargetPlatform (33)
[2017.01.04-09.06.45:588][263]LogModuleManager: Shutting down and abandoning module Android_DXTTargetPlatform (32)
[2017.01.04-09.06.45:589][263]LogModuleManager: Shutting down and abandoning module Android_ATCTargetPlatform (31)
[2017.01.04-09.06.45:589][263]LogModuleManager: Shutting down and abandoning module Android_ASTCTargetPlatform (30)
[2017.01.04-09.06.45:589][263]LogModuleManager: Shutting down and abandoning module AndroidTargetPlatform (29)
[2017.01.04-09.06.45:589][263]LogModuleManager: Shutting down and abandoning module WindowsTargetPlatform (28)
[2017.01.04-09.06.45:589][263]LogModuleManager: Shutting down and abandoning module WindowsServerTargetPlatform (27)
[2017.01.04-09.06.45:589][263]LogModuleManager: Shutting down and abandoning module WindowsNoEditorTargetPlatform (26)
[2017.01.04-09.06.45:589][263]LogModuleManager: Shutting down and abandoning module WindowsClientTargetPlatform (25)
[2017.01.04-09.06.45:589][263]LogModuleManager: Shutting down and abandoning module AllDesktopTargetPlatform (24)
[2017.01.04-09.06.45:589][263]LogModuleManager: Shutting down and abandoning module TargetPlatform (23)
[2017.01.04-09.06.45:589][263]LogModuleManager: Shutting down and abandoning module InputCore (22)
[2017.01.04-09.06.45:589][263]LogModuleManager: Shutting down and abandoning module Settings (21)
[2017.01.04-09.06.45:589][263]LogModuleManager: Shutting down and abandoning module OnlineSubsystem (19)
[2017.01.04-09.06.45:589][263]LogModuleManager: Shutting down and abandoning module HTTP (18)
[2017.01.04-09.06.45:589][263]LogModuleManager: Shutting down and abandoning module XMPP (17)
[2017.01.04-09.06.45:589][263]LogModuleManager: Shutting down and abandoning module OculusRift (16)
[2017.01.04-09.06.45:589][263]LogModuleManager: Shutting down and abandoning module ExampleDeviceProfileSelector (15)
[2017.01.04-09.06.45:589][263]LogModuleManager: Shutting down and abandoning module TextureCompressor (14)
[2017.01.04-09.06.45:589][263]LogModuleManager: Shutting down and abandoning module ShaderCore (13)
[2017.01.04-09.06.45:589][263]LogModuleManager: Shutting down and abandoning module Landscape (12)
[2017.01.04-09.06.45:589][263]LogModuleManager: Shutting down and abandoning module SlateRHIRenderer (11)
[2017.01.04-09.06.45:590][263]LogModuleManager: Shutting down and abandoning module OpenGLDrv (10)
[2017.01.04-09.06.45:590][263]LogModuleManager: Shutting down and abandoning module D3D11RHI (9)
[2017.01.04-09.06.45:590][263]LogModuleManager: Shutting down and abandoning module AnimGraphRuntime (8)
[2017.01.04-09.06.45:590][263]LogModuleManager: Shutting down and abandoning module Renderer (7)
[2017.01.04-09.06.45:590][263]LogModuleManager: Shutting down and abandoning module Engine (6)
[2017.01.04-09.06.45:590][263]LogModuleManager: Shutting down and abandoning module CoreUObject (5)
[2017.01.04-09.06.45:590][263]LogModuleManager: Shutting down and abandoning module NetworkFile (4)
[2017.01.04-09.06.45:590][263]LogModuleManager: Shutting down and abandoning module StreamingFile (3)
[2017.01.04-09.06.45:590][263]LogModuleManager: Shutting down and abandoning module SandboxFile (2)
[2017.01.04-09.06.45:590][263]LogModuleManager: Shutting down and abandoning module PakFile (1)
[2017.01.04-09.06.45:592][263]LogExit: Exiting.
[2017.01.04-09.06.45:593][263]Log file closed, 01/04/17 01:06:45
