"../../../Engine/Content/EditorResources/S_Actor.uasset" 0
"../../../Engine/Content/EngineResources/AICON-Red.uasset" 1
"../../../Engine/Content/EngineResources/AICON-Green.uasset" 2
"../../../Engine/Content/EngineFonts/Roboto.uasset" 3
"../../../Engine/Content/Functions/Engine_MaterialFunctions01/Shading/PowerToRoughness.uasset" 4
"../../../Engine/Content/Functions/Engine_MaterialFunctions01/Shading/ConvertFromDiffSpec.uasset" 5
"../../../Engine/Content/EngineMaterials/DefaultDiffuse.uasset" 6
"../../../Engine/Content/EngineMaterials/DefaultDeferredDecalMaterial.uasset" 7
"../../../Engine/Content/EngineMaterials/DefaultLightFunctionMaterial.uasset" 8
"../../../Engine/Content/Functions/Engine_MaterialFunctions02/Utility/BreakOutFloat2Components.uasset" 9
"../../../Engine/Content/EngineMaterials/DefaultPostProcessMaterial.uasset" 10
"../../../Engine/Content/EngineResources/DefaultTexture.uasset" 11
"../../../Engine/Content/Functions/Engine_MaterialFunctions01/Texturing/ScaleUVsByCenter.uasset" 12
"../../../Engine/Content/Functions/Engine_MaterialFunctions02/ScreenResolution.uasset" 13
"../../../Engine/Content/Functions/Engine_MaterialFunctions02/Texturing/ScreenAlignedUVs.uasset" 14
"../../../Engine/Content/EngineResources/WhiteSquareTexture.uasset" 15
"../../../Engine/Content/EngineMaterials/Widget3DPassThrough.uasset" 16
"../../../Engine/Content/EngineMaterials/Widget3DPassThrough_Translucent.uasset" 17
"../../../Engine/Content/EngineMaterials/Widget3DPassThrough_Translucent_OneSided.uasset" 18
"../../../Engine/Content/EngineMaterials/Widget3DPassThrough_Opaque.uasset" 19
"../../../Engine/Content/EngineMaterials/Widget3DPassThrough_Opaque_OneSided.uasset" 20
"../../../Engine/Content/EngineMaterials/Widget3DPassThrough_Masked.uasset" 21
"../../../Engine/Content/EngineMaterials/Widget3DPassThrough_Masked_OneSided.uasset" 22
"../../../Engine/Content/Maps/Templates/Thumbnails/Default.uasset" 23
"../../../Engine/Content/Maps/Templates/Thumbnails/VR-Basic.uasset" 24
"../../../Engine/Content/EditorMaterials/ParticleSystems/PSysThumbnail_NoImage.uasset" 25
"../../../Engine/Content/EditorMaterials/ParticleSystems/PSysThumbnail_OOD.uasset" 26
"../../../Engine/Content/EditorLandscapeResources/DataLayer.uasset" 27
"../../../Engine/Content/EngineDamageTypes/DmgTypeBP_Environmental.uasset" 28
"../../../Engine/Content/EngineMeshes/Sphere.uasset" 29
"../../../Engine/Content/EngineFonts/RobotoDistanceField.uasset" 30
"../../../Engine/Content/EngineMaterials/DefaultTextMaterialOpaque.uasset" 31
"../../../Engine/Content/EditorResources/S_Trigger.uasset" 32
"../../../Engine/Content/EngineResources/GradientTexture0.uasset" 33
"../../../Engine/Content/EngineResources/Black.uasset" 34
"../../../Engine/Content/EditorMaterials/MatineeGroups/MAT_Groups_Float.uasset" 35
"../../../Engine/Content/EditorMaterials/MatineeGroups/MAT_Groups_Director.uasset" 36
"../../../Engine/Content/EditorMaterials/MatineeGroups/MAT_Groups_Event.uasset" 37
"../../../Engine/Content/EditorMaterials/MatineeGroups/MAT_Groups_Anim.uasset" 38
"../../../Engine/Content/EditorMaterials/MatineeGroups/MAT_Groups_Fade.uasset" 39
"../../../Engine/Content/EditorMaterials/MatineeGroups/MAT_Groups_Move.uasset" 40
"../../../Engine/Content/EditorMaterials/MatineeGroups/MAT_Groups_Slomo.uasset" 41
"../../../Engine/Content/EditorMaterials/MatineeGroups/MAT_ColorTrack.uasset" 42
"../../../Engine/Content/EditorMaterials/MAT_Groups_Toggle.uasset" 43
"../../../Engine/Content/EditorMaterials/MatineeGroups/MAT_Groups_AudioMaster.uasset" 44
"../../../Engine/Content/EditorMaterials/MatineeGroups/MAT_Groups_Sound.uasset" 45
"../../../Engine/Content/EditorMaterials/MatineeGroups/MAT_Groups_Vector.uasset" 46
"../../../Engine/Content/EditorMaterials/MAT_Groups_Visibility.uasset" 47
"../../../Engine/Content/EngineResources/DefaultTextureCube.uasset" 48
"../../../Engine/Content/Functions/Engine_MaterialFunctions01/Opacity/CameraDepthFade.uasset" 49
"../../../Engine/Content/EngineMaterials/T_Default_Material_Grid_M.uasset" 50
"../../../Engine/Content/EngineMaterials/T_Default_Material_Grid_N.uasset" 51
"../../../Engine/Content/EngineMaterials/DefaultMaterial.uasset" 52
"../../../Engine/Content/EngineMeshes/Cylinder.uasset" 53
"../../../Engine/Content/EngineTireTypes/DefaultTireType.uasset" 54
"../../../Engine/Content/EditorMaterials/Camera/CineMat.uasset" 55
"../../../Engine/Content/EditorMaterials/Camera/MI_CineMat_Rig.uasset" 56
"../../../Engine/Content/EditorMeshes/Camera/SM_CraneRig_Base.uasset" 57
"../../../Engine/Content/EditorMeshes/Camera/SM_CraneRig_Arm.uasset" 58
"../../../Engine/Content/EditorMeshes/Camera/SM_CraneRig_Mount.uasset" 59
"../../../Engine/Content/EditorMeshes/Camera/SM_CraneRig_Body.uasset" 60
"../../../Engine/Content/EditorMeshes/Camera/SM_RailRig_Track.uasset" 61
"../../../Engine/Content/EditorMeshes/Camera/SM_RailRig_Mount.uasset" 62
"../../../Engine/Content/VREditor/LaserPointer/VR_LaserPower_01.uasset" 63
"../../../Engine/Content/VREditor/TransformGizmo/TransformGizmoMaterial.uasset" 64
"../../../Engine/Content/VREditor/TransformGizmo/TranslucentTransformGizmoMaterial.uasset" 65
"../../../Engine/Content/VREditor/TransformGizmo/TranslationHandle.uasset" 66
"../../../Engine/Content/VREditor/TransformGizmo/PlaneTranslationHandle.uasset" 67
"../../../Engine/Content/VREditor/TransformGizmo/RotationHandle.uasset" 68
"../../../Engine/Content/VREditor/TransformGizmo/StretchingHandle.uasset" 69
"../../../Engine/Content/VREditor/TransformGizmo/BoundingBoxCorner.uasset" 70
"../../../Engine/Content/VREditor/TransformGizmo/BoundingBoxEdge.uasset" 71
"../../../Engine/Content/VREditor/TransformGizmo/UniformScaleHandle.uasset" 72
"../../../Engine/Content/VREditor/FloatingText/LineMaterial.uasset" 73
"../../../Engine/Content/VREditor/FloatingText/LineSegmentCylinder.uasset" 74
"../../../Engine/Content/VREditor/FloatingText/JointSphere.uasset" 75
"../../../Engine/Content/VREditor/Fonts/VRText_RobotoLarge.uasset" 76
"../../../Engine/Content/VREditor/Fonts/VRTextMaterial.uasset" 77
"../../../Engine/Content/VREditor/Fonts/TranslucentVRTextMaterial.uasset" 78
"../../../Engine/Content/VREditor/UI/SelectionBarMesh.uasset" 79
"../../../Engine/Content/VREditor/UI/CloseButtonMesh.uasset" 80
"../../../Engine/Content/Tutorial/Basics/TutorialAssets/icon_tab_Levels_40x.uasset" 81
"../../../Engine/Content/Tutorial/BlueprintTutorials/TutorialAssets/Blueprint_64x.uasset" 82
"../../../Engine/Content/Tutorial/SubEditors/TutorialAssets/icon_ShowSkeletalMeshes_40x.uasset" 83
"../../../Engine/Content/Tutorial/ContentIntroCurve.uasset" 84
"../../../Engine/Plugins/2D/Paper2D/Content/PlaceholderTextures/DummySpriteTexture.uasset" 85
"../../../Engine/Plugins/2D/Paper2D/Content/DefaultSpriteMaterial.uasset" 86
"../../../Engine/Plugins/2D/Paper2D/Content/MaskedUnlitSpriteMaterial.uasset" 87
"../../../Engine/Plugins/2D/Paper2D/Content/OpaqueUnlitSpriteMaterial.uasset" 88
"../../../Engine/Plugins/2D/Paper2D/Content/DummySprite.uasset" 89
"../../../Engine/Plugins/2D/Paper2D/Content/DefaultPaperTerrainMaterial.uasset" 90
"../../../Engine/Content/EngineMaterials/RemoveSurfaceMaterial.uasset" 91
"../../../Engine/Content/EngineDebugMaterials/DebugMeshMaterial.uasset" 92
"../../../Engine/Content/EngineMaterials/InvalidLightmapSettings.uasset" 93
"../../../Engine/Content/EngineMaterials/M_InvalidLightmapSettings.uasset" 94
"../../../Engine/Content/EditorMaterials/GizmoMaterial.uasset" 95
"../../../Engine/Content/EngineMaterials/Good64x64TilingNoiseHighFreq.uasset" 96
"../../../Engine/Content/EngineMaterials/DefaultBokeh.uasset" 97
"../../../Engine/Content/EngineMaterials/PreintegratedSkinBRDF.uasset" 98
"../../../Engine/Content/EngineMaterials/MiniFont.uasset" 99
"../../../Engine/Content/EngineMaterials/WeightMapPlaceholderTexture.uasset" 100
"../../../Engine/Content/EngineMaterials/DefaultWhiteGrid.uasset" 101
"../../../Engine/Content/EngineMaterials/DefaultPhysicalMaterial.uasset" 102
"../../../Engine/Content/EngineFonts/RobotoTiny.uasset" 103
"../../../Engine/Content/EditorSounds/Notifications/CompileSuccess.uasset" 104
"../../../Engine/Content/EditorSounds/Notifications/CompileStart_Cue.uasset" 105
"../../../Engine/Content/EditorSounds/Notifications/CompileSuccess_Cue.uasset" 106
"../../../Engine/Content/EditorSounds/Notifications/CompileFailed.uasset" 107
"../../../Engine/Content/EditorSounds/Notifications/CompileFailed_Cue.uasset" 108
"../../../UE4KongSec6/Content/Geometry/Meshes/CubeMaterial.uasset" 109
"../../../UE4KongSec6/Content/Geometry/Meshes/1M_Cube_Chamfer.uasset" 110
"../../../UE4KongSec6/Content/Mannequin/Character/Mesh/UE4_Mannequin_Skeleton.uasset" 111
"../../../UE4KongSec6/Content/Mannequin/Animations/ThirdPersonJump_End.uasset" 112
"../../../UE4KongSec6/Content/UEKong/SFX/BGM_Tutorial.uasset" 113
"../../../UE4KongSec6/Content/UEKong/SFX/SFX_CoinCollect1.uasset" 114
"../../../Engine/Content/MobileResources/T_MobileMenu2.uasset" 115
"../../../Engine/Content/MobileResources/T_MobileControls_texture.uasset" 116
"../../../Engine/Content/EditorResources/EmptyActor.uasset" 117
"../../../Engine/Content/MobileResources/HUD/T_Castle_ThumbstickOutter.uasset" 118
"../../../Engine/Content/EditorResources/AudioIcons/S_AudioComponent_AutoActivate.uasset" 119
"../../../Engine/Content/MobileResources/HUD/T_Castle_ThumbstickInner.uasset" 120
"../../../Engine/Content/MobileResources/HUD/MobileHUDButton1_off.uasset" 121
"../../../Engine/Content/MobileResources/HUD/MobileHUDDirectionPad3.uasset" 122
"../../../UE4KongSec6/Content/UEKong/Textures/RGBTable16x1.uasset" 123
"../../../Engine/Content/MobileResources/HUD/MobileHUDButton1_on.uasset" 124
"../../../Engine/Content/EditorResources/AudioIcons/S_AudioComponent.uasset" 125
"../../../Engine/Content/MobileResources/HUD/AnalogHat.uasset" 126
"../../../UE4KongSec6/Content/StarterContent/Materials/M_Basic_Wall.uasset" 127
"../../../UE4KongSec6/Content/StarterContent/Shapes/Shape_TriPyramid.uasset" 128
"../../../UE4KongSec6/Content/StarterContent/Shapes/Shape_Trim_90_Out.uasset" 129
"../../../UE4KongSec6/Content/StarterContent/Shapes/Shape_Trim_90_In.uasset" 130
"../../../UE4KongSec6/Content/StarterContent/Shapes/Shape_Trim.uasset" 131
"../../../UE4KongSec6/Content/StarterContent/Shapes/Shape_Torus.uasset" 132
"../../../Engine/Content/MobileResources/HUD/MobileHUDButtonFire.uasset" 133
"../../../Engine/Content/MobileResources/HUD/MobileHUDDirectionPad2.uasset" 134
"../../../Engine/Content/MobileResources/HUD/VirtualJoystick_Background.uasset" 135
"../../../Engine/Content/MobileResources/HUD/VirtualJoystick_Thumb.uasset" 136
"../../../Engine/Content/MobileResources/HUD/LeftVirtualJoystickOnly.uasset" 137
"../../../Engine/Content/MobileResources/HUD/DefaultVirtualJoysticks.uasset" 138
"../../../UE4KongSec6/Content/Mannequin/Animations/ThirdPerson_Jump.uasset" 139
"../../../UE4KongSec6/Content/Mannequin/Animations/ThirdPersonJump_Loop.uasset" 140
"../../../UE4KongSec6/Content/Mannequin/Animations/ThirdPersonJump_Start.uasset" 141
"../../../UE4KongSec6/Content/Mannequin/Animations/ThirdPersonIdle.uasset" 142
"../../../UE4KongSec6/Content/Mannequin/Animations/ThirdPersonRun.uasset" 143
"../../../UE4KongSec6/Content/Mannequin/Animations/ThirdPersonWalk.uasset" 144
"../../../UE4KongSec6/Content/Mannequin/Animations/ThirdPerson_IdleRun_2D.uasset" 145
"../../../Engine/Content/EditorBlueprintResources/StandardMacros.uasset" 146
"../../../UE4KongSec6/Content/Mannequin/Animations/ThirdPerson_AnimBP.uasset" 147
"../../../UE4KongSec6/Content/StarterContent/Textures/T_Burst_M.uasset" 148
"../../../UE4KongSec6/Content/StarterContent/Particles/Materials/M_Burst.uasset" 149
"../../../UE4KongSec6/Content/StarterContent/Textures/T_Explosion_SubUV.uasset" 150
"../../../UE4KongSec6/Content/StarterContent/Particles/Materials/M_explosion_subUV.uasset" 151
"../../../UE4KongSec6/Content/StarterContent/Particles/Materials/m_flare_01.uasset" 152
"../../../Engine/Content/Functions/Engine_MaterialFunctions01/Gradient/RadialGradient.uasset" 153
"../../../UE4KongSec6/Content/StarterContent/Particles/Materials/M_radial_ramp.uasset" 154
"../../../UE4KongSec6/Content/StarterContent/Textures/T_Smoke_SubUV.uasset" 155
"../../../UE4KongSec6/Content/StarterContent/Textures/T_Smoke_Tiled_D.uasset" 156
"../../../UE4KongSec6/Content/StarterContent/Particles/Materials/M_smoke_subUV.uasset" 157
"../../../UE4KongSec6/Content/StarterContent/Particles/P_Explosion.uasset" 158
"../../../UE4KongSec6/Content/UEKong/Mesh/SM_Barrel.uasset" 159
"../../../UE4KongSec6/Content/UEKong/BP/BP_Barrel.uasset" 160
"../../../UE4KongSec6/Content/UEKong/Materials/M_Coin.uasset" 161
"../../../Engine/Content/BasicShapes/Cylinder.uasset" 162
"../../../UE4KongSec6/Content/UEKong/BP/BP_Coin.uasset" 163
"../../../UE4KongSec6/Content/UEKong/Materials/M_SprakyEyes.uasset" 164
"../../../UE4KongSec6/Content/StarterContent/Particles/Materials/M_Radial_Gradient.uasset" 165
"../../../UE4KongSec6/Content/StarterContent/Textures/T_Spark_Core.uasset" 166
"../../../UE4KongSec6/Content/StarterContent/Particles/Materials/M_Spark.uasset" 167
"../../../UE4KongSec6/Content/StarterContent/Particles/P_Sparks.uasset" 168
"../../../UE4KongSec6/Content/StarterContent/Shapes/Shape_Cylinder.uasset" 169
"../../../UE4KongSec6/Content/UEKong/BP/BP_PatrolEnemy.uasset" 170
"../../../Engine/Content/Functions/Engine_MaterialFunctions02/Utility/BlendAngleCorrectedNormals.uasset" 171
"../../../Engine/Content/Functions/MaterialLayerFunctions/MatLayerBlend_NormalBlend.uasset" 172
"../../../Engine/Content/Functions/MaterialLayerFunctions/MatLayerBlend_Simple.uasset" 173
"../../../UE4KongSec6/Content/Mannequin/Character/Materials/MaterialLayers/T_ML_Rubber_Blue_01_D.uasset" 174
"../../../UE4KongSec6/Content/Mannequin/Character/Materials/MaterialLayers/T_ML_Rubber_Blue_01_N.uasset" 175
"../../../UE4KongSec6/Content/Mannequin/Character/Materials/MaterialLayers/ML_GlossyBlack_Latex_UE4.uasset" 176
"../../../UE4KongSec6/Content/Mannequin/Character/Materials/MaterialLayers/ML_Plastic_Shiny_Beige.uasset" 177
"../../../UE4KongSec6/Content/Mannequin/Character/Textures/UE4_LOGO_CARD.uasset" 178
"../../../UE4KongSec6/Content/Mannequin/Character/Materials/MaterialLayers/ML_Plastic_Shiny_Beige_LOGO.uasset" 179
"../../../UE4KongSec6/Content/Mannequin/Character/Materials/MaterialLayers/T_ML_Aluminum01.uasset" 180
"../../../UE4KongSec6/Content/Mannequin/Character/Materials/MaterialLayers/T_ML_Aluminum01_N.uasset" 181
"../../../UE4KongSec6/Content/Mannequin/Character/Materials/MaterialLayers/ML_SoftMetal_UE4.uasset" 182
"../../../UE4KongSec6/Content/Mannequin/Character/Textures/UE4_Mannequin__normals.uasset" 183
"../../../UE4KongSec6/Content/Mannequin/Character/Textures/UE4_Mannequin_MAT_MASKA.uasset" 184
"../../../UE4KongSec6/Content/UEKong/Materials/M_Inv.uasset" 185
"../../../UE4KongSec6/Content/Mannequin/Character/Materials/M_UE4Man_Body.uasset" 186
"../../../UE4KongSec6/Content/Mannequin/Character/Textures/UE4Man_Logo_N.uasset" 187
"../../../UE4KongSec6/Content/Mannequin/Character/Materials/M_UE4Man_ChestLogo.uasset" 188
"../../../UE4KongSec6/Content/Mannequin/Character/Mesh/SK_Mannequin_PhysicsAsset.uasset" 189
"../../../UE4KongSec6/Content/Mannequin/Character/Mesh/SK_Mannequin.uasset" 190
"../../../UE4KongSec6/Content/SideScrollerBP/Blueprints/SideScrollerCharacter.uasset" 191
"../../../UE4KongSec6/Content/UEKong/Extras/GM_UEKong.uasset" 192
"../../../Engine/Content/EditorResources/LightIcons/S_LightError.uasset" 193
"../../../UE4KongSec6/Content/StarterContent/Shapes/Shape_WideCapsule.uasset" 194
"../../../UE4KongSec6/Content/StarterContent/Shapes/Shape_Wedge_B.uasset" 195
"../../../UE4KongSec6/Content/StarterContent/Shapes/Shape_Wedge_A.uasset" 196
"../../../UE4KongSec6/Content/StarterContent/Shapes/Shape_Tube.uasset" 197
"../../../Engine/Content/MobileResources/HUD/MobileHUDDirectionPad.uasset" 198
"../../../Engine/Content/MobileResources/HUD/MobileHUDButton2_on.uasset" 199
"../../../Engine/Content/MobileResources/HUD/MobileHUDButton3.uasset" 200
"../../../Engine/Content/BasicShapes/Cone.uasset" 201
"../../../Engine/Content/EditorMaterials/PhAT_JointLimitMaterial.uasset" 202
"../../../Engine/Content/EditorMaterials/PreviewShadowIndicator.uasset" 203
"../../../Engine/Content/EditorMaterials/PreviewShadowIndicatorMaterial.uasset" 204
"../../../Engine/Content/EditorResources/BSPVertex.uasset" 205
"../../../Engine/Content/EngineDebugMaterials/HeatmapGradient.uasset" 206
"../../../Engine/Content/EngineDebugMaterials/BoneWeightMaterial.uasset" 207
"../../../Engine/Content/EngineDebugMaterials/GeomMaterial.uasset" 208
"../../../Engine/Content/EngineMaterials/EditorBrushMaterial.uasset" 209
"../../../Engine/Content/EngineMeshes/Cube.uasset" 210
"../../../Engine/Content/MobileResources/HUD/MobileHUDButton2_off.uasset" 211
"../../../Engine/Content/MobileResources/HUD/MobileHUDDirectionStick.uasset" 212
"../../../Engine/Content/Tutorial/BlueprintTutorials/TutorialAssets/BlueprintInterface_64x.uasset" 213
"../../../Engine/Content/Tutorial/BlueprintTutorials/TutorialAssets/BlueprintMacroLibrary_64x.uasset" 214
"../../../Engine/Content/Tutorial/BlueprintTutorials/TutorialAssets/Tutorial_BP_Interface.uasset" 215
"../../../Engine/Content/Tutorial/Foliage/TutorialAssets/Foliage.uasset" 216
"../../../Engine/Content/Tutorial/Landscape/TutorialAssets/Landscape.uasset" 217
"../../../Engine/Content/Tutorial/Paper2D/TutorialAssets/Paper2DFlipbook_TutorialIcon.uasset" 218
"../../../Engine/Content/Tutorial/Paper2D/TutorialAssets/Paper2DSprite_TutorialIcon.uasset" 219
"../../../Engine/Content/Tutorial/SubEditors/TutorialAssets/icon_Editor_Preferences_General_40x.uasset" 220
"../../../Engine/Content/Tutorial/SubEditors/TutorialAssets/TutorialMaterial.uasset" 221
"../../../Engine/Content/Tutorial/SubEditors/TutorialAssets/T_SmokeSubUV_8X8.uasset" 222
"../../../Engine/Content/Tutorial/SubEditors/TutorialAssets/T_soft_smoke.uasset" 223
"../../../Engine/Content/Tutorial/SubEditors/TutorialAssets/M_smoke_subUV_blackbody.uasset" 224
"../../../Engine/Content/Tutorial/SubEditors/TutorialAssets/TutorialParticleSystem.uasset" 225
"../../../Engine/Content/EngineMaterials/WorldGridMaterial.uasset" 226
"../../../Engine/Content/EditorMeshes/EditorCube.uasset" 227
"../../../Engine/Content/Tutorial/SubEditors/TutorialAssets/Tutorial_DM.uasset" 228
"../../../UE4KongSec6/Content/SideScrollerBP/Blueprints/SideScrollerGameMode.uasset" 229
"../../../UE4KongSec6/Content/SideScrollerBP/Meshes/CubeMaterial.uasset" 230
"../../../UE4KongSec6/Content/SideScrollerBP/Meshes/Ramp_Mesh.uasset" 231
"../../../UE4KongSec6/Content/StarterContent/Architecture/Pillar_50x500.uasset" 232
"../../../UE4KongSec6/Content/StarterContent/Architecture/Wall_400x300.uasset" 233
"../../../UE4KongSec6/Content/StarterContent/Architecture/Wall_400x400.uasset" 234
"../../../UE4KongSec6/Content/StarterContent/Architecture/Wall_500x500.uasset" 235
"../../../UE4KongSec6/Content/StarterContent/Architecture/Wall_Door_400x400.uasset" 236
"../../../UE4KongSec6/Content/StarterContent/Architecture/Wall_Window_400x400.uasset" 237
"../../../UE4KongSec6/Content/StarterContent/Audio/Light01_Cue.uasset" 238
"../../../UE4KongSec6/Content/StarterContent/Audio/Light02_Cue.uasset" 239
"../../../UE4KongSec6/Content/StarterContent/Audio/Explosion_Cue.uasset" 240
"../../../UE4KongSec6/Content/StarterContent/Blueprints/Blueprint_Effect_Explosion.uasset" 241
"../../../Engine/Content/EditorMeshes/ColorCalibrator/T_ColorGrid.uasset" 242
"../../../UE4KongSec6/Content/StarterContent/Materials/M_ColorGrid_LowSpec.uasset" 243
"../../../UE4KongSec6/Content/StarterContent/Textures/T_Bush_D.uasset" 244
"../../../UE4KongSec6/Content/StarterContent/Textures/T_Bush_N.uasset" 245
"../../../UE4KongSec6/Content/StarterContent/Props/Materials/M_Bush.uasset" 246
"../../../UE4KongSec6/Content/StarterContent/Props/SM_Bush.uasset" 247
"../../../UE4KongSec6/Content/StarterContent/Textures/T_Chair_M.uasset" 248
"../../../UE4KongSec6/Content/StarterContent/Textures/T_Chair_N.uasset" 249
"../../../UE4KongSec6/Content/StarterContent/Props/Materials/M_Chair.uasset" 250
"../../../UE4KongSec6/Content/StarterContent/Props/SM_Couch.uasset" 251
"../../../UE4KongSec6/Content/StarterContent/Materials/M_Glass.uasset" 252
"../../../UE4KongSec6/Content/StarterContent/Textures/T_Door_M.uasset" 253
"../../../UE4KongSec6/Content/StarterContent/Textures/T_Door_N.uasset" 254
"../../../UE4KongSec6/Content/StarterContent/Props/Materials/M_Door.uasset" 255
"../../../UE4KongSec6/Content/StarterContent/Props/SM_Door.uasset" 256
"../../../UE4KongSec6/Content/StarterContent/Props/Materials/M_MaterialSphere.uasset" 257
"../../../UE4KongSec6/Content/StarterContent/Props/Materials/M_MaterialSphere_Plain.uasset" 258
"../../../UE4KongSec6/Content/StarterContent/Props/SM_MatPreviewMesh_02.uasset" 259
"../../../UE4KongSec6/Content/StarterContent/Textures/T_Detail_Rocky_N.uasset" 260
"../../../UE4KongSec6/Content/StarterContent/Textures/T_Rock_Basalt_D.uasset" 261
"../../../UE4KongSec6/Content/StarterContent/Textures/T_RockMesh_M.uasset" 262
"../../../UE4KongSec6/Content/StarterContent/Textures/T_RockMesh_N.uasset" 263
"../../../UE4KongSec6/Content/StarterContent/Props/Materials/M_Rock.uasset" 264
"../../../UE4KongSec6/Content/StarterContent/Props/SM_Rock.uasset" 265
"../../../UE4KongSec6/Content/StarterContent/Textures/T_Shelf_M.uasset" 266
"../../../UE4KongSec6/Content/StarterContent/Textures/T_Shelf_N.uasset" 267
"../../../UE4KongSec6/Content/StarterContent/Props/Materials/M_Shelf.uasset" 268
"../../../UE4KongSec6/Content/StarterContent/Props/SM_Shelf.uasset" 269
"../../../UE4KongSec6/Content/StarterContent/Materials/M_Basic_Floor.uasset" 270
"../../../UE4KongSec6/Content/StarterContent/Props/SM_Stairs.uasset" 271
"../../../UE4KongSec6/Content/StarterContent/Shapes/Shape_Cone.uasset" 272
"../../../UE4KongSec6/Content/StarterContent/Shapes/Shape_NarrowCapsule.uasset" 273
"../../../UE4KongSec6/Content/StarterContent/Shapes/Shape_Pipe.uasset" 274
"../../../UE4KongSec6/Content/StarterContent/Shapes/Shape_Pipe_180.uasset" 275
"../../../UE4KongSec6/Content/StarterContent/Shapes/Shape_Pipe_90.uasset" 276
"../../../Engine/Content/EngineSky/C_Sky_Cloud_Color.uasset" 277
"../../../Engine/Content/EngineSky/C_Sky_Horizon_Color.uasset" 278
"../../../Engine/Content/EngineSky/C_Sky_Zenith_Color.uasset" 279
"../../../Engine/Content/EngineSky/T_Sky_Blue.uasset" 280
"../../../Engine/Content/EngineSky/T_Sky_Clouds_M.uasset" 281
"../../../Engine/Content/EngineSky/T_Sky_Stars.uasset" 282
"../../../Engine/Content/EngineSky/M_Sky_Panning_Clouds2.uasset" 283
"../../../Engine/Content/EngineSky/SM_SkySphere.uasset" 284
"../../../Engine/Content/EngineSky/BP_Sky_Sphere.uasset" 285
"../../../UE4KongSec6/Content/SidePatroTest.uasset" 286
"../../../UE4KongSec6/Content/UEKong/BP/BP_BarrelDestroyer.uasset" 287
"../../../UE4KongSec6/Content/UEKong/BP/BP_BarrelLauncher.uasset" 288
"../../../UE4KongSec6/Content/UEKong/Materials/M_RedBeam.uasset" 289
"../../../UE4KongSec6/Content/UEKong/Textures/T_RedBeamWAlpha.uasset" 290
"../../../UE4KongSec6/Content/UEKong/Materials/M_RedBeam_2.uasset" 291
"../../../UE4KongSec6/Content/UEKong/Textures/T_RedBeamFlatWAlpha.uasset" 292
"../../../UE4KongSec6/Content/UEKong/Materials/M_RedBeam_Flat_Inst.uasset" 293
"../../../UE4KongSec6/Content/Geometry/Meshes/1M_Cube.uasset" 294
"../../../UE4KongSec6/Content/StarterContent/Shapes/Shape_Plane.uasset" 295
"../../../UE4KongSec6/Content/UEKong/BP/BP_Elevator.uasset" 296
"../../../Engine/Content/Functions/Engine_MaterialFunctions01/Gradient/LinearGradient.uasset" 297
"../../../UE4KongSec6/Content/StarterContent/Textures/T_Checker_Noise_M.uasset" 298
"../../../UE4KongSec6/Content/UEKong/Materials/M_GlowStripes.uasset" 299
"../../../Engine/Content/BasicShapes/Cube.uasset" 300
"../../../UE4KongSec6/Content/UEKong/SFX/BGM_Win.uasset" 301
"../../../UE4KongSec6/Content/UEKong/BP/BP_End.uasset" 302
"../../../UE4KongSec6/Content/UEKong/BP/BP_JumpPad.uasset" 303
"../../../UE4KongSec6/Content/UEKong/BP/BP_Start.uasset" 304
"../../../Engine/Content/BasicShapes/BasicShapeMaterial.uasset" 305
"../../../UE4KongSec6/Content/UEKong/Materials/M_Bckgrnd.uasset" 306
"../../../Engine/Content/BasicShapes/Sphere.uasset" 307
"../../../UE4KongSec6/Content/Geometry/Meshes/TemplateFloor.uasset" 308
"../../../UE4KongSec6/Content/UEKong_22.umap" 309
"../../../UE4KongSec6/Content/Ledge5_Blueprint.uasset" 310
"../../../Engine/Content/Functions/Engine_MaterialFunctions03/Procedurals/ComputeFilterWidth.uasset" 311
"../../../Engine/Content/EngineMaterials/AntiAliasedTextMaterialTranslucent.uasset" 312
"../../../UE4KongSec6/Content/UEKong/SFX/BGM_Title.uasset" 313
"../../../UE4KongSec6/Content/UEKong/SFX/SFX_Hover1.uasset" 314
"../../../UE4KongSec6/Content/UEKong/SFX/SFX_Select1.uasset" 315
"../../../UE4KongSec6/Content/UEKong/Textures/T_Back.uasset" 316
"../../../UE4KongSec6/Content/UEKong/Textures/T_BackHover.uasset" 317
"../../../UE4KongSec6/Content/UEKong/Textures/T_Exit.uasset" 318
"../../../UE4KongSec6/Content/UEKong/Textures/T_ExitHover.uasset" 319
"../../../UE4KongSec6/Content/UEKong/Textures/T_LevelSelect.uasset" 320
"../../../UE4KongSec6/Content/UEKong/Textures/T_LevelSelectHover.uasset" 321
"../../../UE4KongSec6/Content/UEKong/Textures/T_Lvl_1.uasset" 322
"../../../UE4KongSec6/Content/UEKong/Textures/T_Lvl_1_Hover.uasset" 323
"../../../UE4KongSec6/Content/UEKong/Textures/T_Lvl_2.uasset" 324
"../../../UE4KongSec6/Content/UEKong/Textures/T_Lvl_2_Hover.uasset" 325
"../../../UE4KongSec6/Content/UEKong/Textures/T_Lvl_3.uasset" 326
"../../../UE4KongSec6/Content/UEKong/Textures/T_Lvl_3_Hover.uasset" 327
"../../../UE4KongSec6/Content/UEKong/Textures/T_Start.uasset" 328
"../../../UE4KongSec6/Content/UEKong/Textures/T_StartHover.uasset" 329
"../../../UE4KongSec6/Content/UEKong/Textures/T_Title.uasset" 330
"../../../UE4KongSec6/Content/UEKong/BP/BP_MainMenuExample.uasset" 331
"../../../UE4KongSec6/Content/SideScrollerBP/Maps/SideScrollerExampleMap.umap" 332
"../../../UE4KongSec6/Content/UEKong/BP/BP_BarrelQuickLaunch.uasset" 333
"../../../UE4KongSec6/Content/UEKong/BP/BP_ElevatorDOWN.uasset" 334
"../../../UE4KongSec6/Content/UEKong/BP/BP_ElevatorUP.uasset" 335
"../../../UE4KongSec6/Content/UEKong/BP/BP_End_L2.uasset" 336
"../../../UE4KongSec6/Content/UEKong/Materials/M_RedBeamSolid.uasset" 337
"../../../UE4KongSec6/Content/UEKong/Materials/M_RedBeam_2_Inst.uasset" 338
"../../../UE4KongSec6/Content/UEKong/SFX/BGM_Game.uasset" 339
"../../../UE4KongSec6/Content/UEKong/Textures/RetroLUTRGBTable16x1.uasset" 340
"../../../UE4KongSec6/Content/UEKong/Maps/UEKong_2.umap" 341
"../../../UE4KongSec6/Content/UEKong/BP/BP_Barrel_LastLvl.uasset" 342
"../../../UE4KongSec6/Content/UEKong/BP/BP_BarrelLauncher_UP.uasset" 343
"../../../UE4KongSec6/Content/UEKong/Maps/UEKong_3.umap" 344
"../../../UE4KongSec6/Content/StarterContent/Textures/T_MacroVariation.uasset" 345
"../../../UE4KongSec6/Content/StarterContent/Materials/M_Metal_Brushed_Nickel.uasset" 346
"../../../UE4KongSec6/Content/StarterContent/Textures/T_Metal_Aluminum_D.uasset" 347
"../../../UE4KongSec6/Content/StarterContent/Textures/T_Metal_Gold_N.uasset" 348
"../../../UE4KongSec6/Content/StarterContent/Materials/M_Metal_Burnished_Steel.uasset" 349
"../../../UE4KongSec6/Content/StarterContent/Textures/T_Metal_Copper_D.uasset" 350
"../../../UE4KongSec6/Content/StarterContent/Materials/M_Metal_Copper.uasset" 351
"../../../UE4KongSec6/Content/StarterContent/Textures/T_Statue_M.uasset" 352
"../../../UE4KongSec6/Content/StarterContent/Textures/T_Statue_N.uasset" 353
"../../../UE4KongSec6/Content/StarterContent/Props/Materials/M_StatueGlass.uasset" 354
"../../../UE4KongSec6/Content/StarterContent/Architecture/Floor_400x400.uasset" 355
"../../../UE4KongSec6/Content/StarterContent/Audio/Starter_Background_Cue.uasset" 356
"../../../UE4KongSec6/Content/StarterContent/Props/SM_Chair.uasset" 357
"../../../UE4KongSec6/Content/StarterContent/Props/Materials/M_Statue.uasset" 358
"../../../UE4KongSec6/Content/StarterContent/Props/SM_Statue.uasset" 359
"../../../UE4KongSec6/Content/StarterContent/Textures/T_TableRound_M.uasset" 360
"../../../UE4KongSec6/Content/StarterContent/Textures/T_TableRound_N.uasset" 361
"../../../UE4KongSec6/Content/StarterContent/Props/Materials/M_TableRound.uasset" 362
"../../../UE4KongSec6/Content/StarterContent/Props/SM_TableRound.uasset" 363
"../../../UE4KongSec6/Content/StarterContent/Maps/Minimal_Default.umap" 364
"../../../Engine/Content/EngineMaterials/DefaultNormal.uasset" 365
"../../../Engine/Content/Maps/Entry.umap" 366
"../../../UE4KongSec6/Content/StarterContent/Audio/Fire01_Cue.uasset" 367
"../../../UE4KongSec6/Content/StarterContent/Textures/T_Fire_SubUV.uasset" 368
"../../../UE4KongSec6/Content/StarterContent/Textures/T_Fire_Tiled_D.uasset" 369
"../../../UE4KongSec6/Content/StarterContent/Particles/Materials/M_Fire_SubUV.uasset" 370
"../../../UE4KongSec6/Content/StarterContent/Textures/T_Water_N.uasset" 371
"../../../UE4KongSec6/Content/StarterContent/Particles/Materials/M_Heat_Distortion.uasset" 372
"../../../UE4KongSec6/Content/StarterContent/Particles/P_Fire.uasset" 373
"../../../UE4KongSec6/Content/StarterContent/Blueprints/Blueprint_Effect_Fire.uasset" 374
"../../../UE4KongSec6/Content/StarterContent/Audio/Smoke01_Cue.uasset" 375
"../../../UE4KongSec6/Content/StarterContent/Particles/P_Smoke.uasset" 376
"../../../UE4KongSec6/Content/StarterContent/Blueprints/Blueprint_Effect_Smoke.uasset" 377
"../../../UE4KongSec6/Content/StarterContent/Audio/Fire_Sparks01_Cue.uasset" 378
"../../../UE4KongSec6/Content/StarterContent/Blueprints/Blueprint_Effect_Sparks.uasset" 379
"../../../UE4KongSec6/Content/StarterContent/Audio/Steam01_Cue.uasset" 380
"../../../UE4KongSec6/Content/StarterContent/Particles/P_Steam_Lit.uasset" 381
"../../../UE4KongSec6/Content/StarterContent/Blueprints/Blueprint_Effect_Steam.uasset" 382
"../../../UE4KongSec6/Content/StarterContent/Textures/T_Lamp_M.uasset" 383
"../../../UE4KongSec6/Content/StarterContent/Textures/T_Lamp_N.uasset" 384
"../../../UE4KongSec6/Content/StarterContent/Props/Materials/M_Lamp.uasset" 385
"../../../UE4KongSec6/Content/StarterContent/Props/SM_Lamp_Ceiling.uasset" 386
"../../../UE4KongSec6/Content/StarterContent/Blueprints/Blueprint_CeilingLight.uasset" 387
"../../../UE4KongSec6/Content/StarterContent/Props/SM_Lamp_Wall.uasset" 388
"../../../UE4KongSec6/Content/StarterContent/Blueprints/Blueprint_WallSconce.uasset" 389
"../../../UE4KongSec6/Content/StarterContent/Textures/T_Brick_Clay_Beveled_D.uasset" 390
"../../../UE4KongSec6/Content/StarterContent/Textures/T_Brick_Clay_Beveled_M.uasset" 391
"../../../UE4KongSec6/Content/StarterContent/Textures/T_Brick_Clay_Beveled_N.uasset" 392
"../../../UE4KongSec6/Content/StarterContent/Materials/M_Brick_Clay_Beveled.uasset" 393
"../../../UE4KongSec6/Content/StarterContent/Textures/T_Brick_Clay_New_D.uasset" 394
"../../../UE4KongSec6/Content/StarterContent/Textures/T_Brick_Clay_New_M.uasset" 395
"../../../UE4KongSec6/Content/StarterContent/Textures/T_Brick_Clay_New_N.uasset" 396
"../../../UE4KongSec6/Content/StarterContent/Materials/M_Brick_Clay_New.uasset" 397
"../../../UE4KongSec6/Content/StarterContent/Textures/T_Brick_Clay_Old_D.uasset" 398
"../../../UE4KongSec6/Content/StarterContent/Textures/T_Brick_Clay_Old_N.uasset" 399
"../../../UE4KongSec6/Content/StarterContent/Textures/T_Perlin_Noise_M.uasset" 400
"../../../UE4KongSec6/Content/StarterContent/Materials/M_Brick_Clay_Old.uasset" 401
"../../../UE4KongSec6/Content/StarterContent/Textures/T_Brick_Cut_Stone_D.uasset" 402
"../../../UE4KongSec6/Content/StarterContent/Textures/T_Brick_Cut_Stone_N.uasset" 403
"../../../UE4KongSec6/Content/StarterContent/Materials/M_Brick_Cut_Stone.uasset" 404
"../../../UE4KongSec6/Content/StarterContent/Textures/T_Brick_Hewn_Stone_D.uasset" 405
"../../../UE4KongSec6/Content/StarterContent/Textures/T_Brick_Hewn_Stone_M.uasset" 406
"../../../UE4KongSec6/Content/StarterContent/Textures/T_Brick_Hewn_Stone_N.uasset" 407
"../../../UE4KongSec6/Content/StarterContent/Materials/M_Brick_Hewn_Stone.uasset" 408
"../../../UE4KongSec6/Content/StarterContent/Textures/T_Ceramic_Tile_M.uasset" 409
"../../../UE4KongSec6/Content/StarterContent/Textures/T_Ceramic_Tile_N.uasset" 410
"../../../UE4KongSec6/Content/StarterContent/Textures/T_Rock_Marble_Polished_D.uasset" 411
"../../../UE4KongSec6/Content/StarterContent/Materials/M_Ceramic_Tile_Checker.uasset" 412
"../../../UE4KongSec6/Content/StarterContent/Textures/T_CobbleStone_Pebble_D.uasset" 413
"../../../UE4KongSec6/Content/StarterContent/Textures/T_CobbleStone_Pebble_M.uasset" 414
"../../../UE4KongSec6/Content/StarterContent/Textures/T_CobbleStone_Pebble_N.uasset" 415
"../../../UE4KongSec6/Content/StarterContent/Materials/M_CobbleStone_Pebble.uasset" 416
"../../../UE4KongSec6/Content/StarterContent/Textures/T_CobbleStone_Rough_D.uasset" 417
"../../../UE4KongSec6/Content/StarterContent/Textures/T_CobbleStone_Rough_N.uasset" 418
"../../../UE4KongSec6/Content/StarterContent/Textures/T_Gradinet_01.uasset" 419
"../../../UE4KongSec6/Content/StarterContent/Textures/T_Rock_Smooth_Granite_D.uasset" 420
"../../../UE4KongSec6/Content/StarterContent/Materials/M_CobbleStone_Rough.uasset" 421
"../../../UE4KongSec6/Content/StarterContent/Textures/T_CobbleStone_Smooth_D.uasset" 422
"../../../UE4KongSec6/Content/StarterContent/Textures/T_CobbleStone_Smooth_M.uasset" 423
"../../../UE4KongSec6/Content/StarterContent/Textures/T_CobbleStone_Smooth_N.uasset" 424
"../../../UE4KongSec6/Content/StarterContent/Materials/M_CobbleStone_Smooth.uasset" 425
"../../../UE4KongSec6/Content/StarterContent/Textures/T_Concrete_Grime_D.uasset" 426
"../../../UE4KongSec6/Content/StarterContent/Textures/T_Metal_Rust_N.uasset" 427
"../../../UE4KongSec6/Content/StarterContent/Materials/M_Concrete_Grime.uasset" 428
"../../../UE4KongSec6/Content/StarterContent/Textures/T_Concrete_Panels_D.uasset" 429
"../../../UE4KongSec6/Content/StarterContent/Textures/T_Concrete_Panels_N.uasset" 430
"../../../UE4KongSec6/Content/StarterContent/Materials/M_Concrete_Panels.uasset" 431
"../../../UE4KongSec6/Content/StarterContent/Textures/T_Concrete_Poured_D.uasset" 432
"../../../UE4KongSec6/Content/StarterContent/Textures/T_Concrete_Poured_N.uasset" 433
"../../../UE4KongSec6/Content/StarterContent/Materials/M_Concrete_Poured.uasset" 434
"../../../UE4KongSec6/Content/StarterContent/Textures/T_Concrete_Tiles_D.uasset" 435
"../../../UE4KongSec6/Content/StarterContent/Textures/T_Concrete_Tiles_M.uasset" 436
"../../../UE4KongSec6/Content/StarterContent/Textures/T_Concrete_Tiles_N.uasset" 437
"../../../UE4KongSec6/Content/StarterContent/Textures/T_Concrete_Tiles_Variation_M.uasset" 438
"../../../UE4KongSec6/Content/StarterContent/Materials/M_Concrete_Tiles.uasset" 439
"../../../UE4KongSec6/Content/StarterContent/Textures/T_Ground_Grass_D.uasset" 440
"../../../UE4KongSec6/Content/StarterContent/Textures/T_Ground_Grass_N.uasset" 441
"../../../UE4KongSec6/Content/StarterContent/Materials/M_Ground_Grass.uasset" 442
"../../../UE4KongSec6/Content/StarterContent/Textures/T_Ground_Gravel_D.uasset" 443
"../../../UE4KongSec6/Content/StarterContent/Textures/T_Ground_Gravel_N.uasset" 444
"../../../UE4KongSec6/Content/StarterContent/Materials/M_Ground_Gravel.uasset" 445
"../../../UE4KongSec6/Content/StarterContent/Textures/T_ground_Moss_D.uasset" 446
"../../../UE4KongSec6/Content/StarterContent/Textures/T_Ground_Moss_N.uasset" 447
"../../../UE4KongSec6/Content/StarterContent/Materials/M_Ground_Moss.uasset" 448
"../../../UE4KongSec6/Content/StarterContent/Materials/M_Metal_Chrome.uasset" 449
"../../../UE4KongSec6/Content/StarterContent/Textures/T_Metal_Gold_D.uasset" 450
"../../../UE4KongSec6/Content/StarterContent/Materials/M_Metal_Gold.uasset" 451
"../../../UE4KongSec6/Content/StarterContent/Textures/T_Metal_Rust_D.uasset" 452
"../../../UE4KongSec6/Content/StarterContent/Materials/M_Metal_Rust.uasset" 453
"../../../UE4KongSec6/Content/StarterContent/Textures/T_Metal_Steel_D.uasset" 454
"../../../UE4KongSec6/Content/StarterContent/Textures/T_Metal_Steel_N.uasset" 455
"../../../UE4KongSec6/Content/StarterContent/Materials/M_Metal_Steel.uasset" 456
"../../../UE4KongSec6/Content/StarterContent/Textures/T_Rock_Basalt_N.uasset" 457
"../../../UE4KongSec6/Content/StarterContent/Materials/M_Rock_Basalt.uasset" 458
"../../../UE4KongSec6/Content/StarterContent/Materials/M_Rock_Marble_Polished.uasset" 459
"../../../UE4KongSec6/Content/StarterContent/Textures/T_Rock_Sandstone_D.uasset" 460
"../../../UE4KongSec6/Content/StarterContent/Textures/T_Rock_Sandstone_N.uasset" 461
"../../../UE4KongSec6/Content/StarterContent/Materials/M_Rock_Sandstone.uasset" 462
"../../../UE4KongSec6/Content/StarterContent/Textures/T_Rock_Slate_D.uasset" 463
"../../../UE4KongSec6/Content/StarterContent/Textures/T_Rock_Slate_N.uasset" 464
"../../../UE4KongSec6/Content/StarterContent/Materials/M_Rock_Slate.uasset" 465
"../../../UE4KongSec6/Content/StarterContent/Textures/T_Single_Tile_N.uasset" 466
"../../../UE4KongSec6/Content/StarterContent/Textures/T_Tech_Dot_M.uasset" 467
"../../../UE4KongSec6/Content/StarterContent/Textures/T_Tech_Dot_N.uasset" 468
"../../../UE4KongSec6/Content/StarterContent/Materials/M_Tech_Checker_Dot.uasset" 469
"../../../UE4KongSec6/Content/StarterContent/Textures/T_Tech_Hex_Tile_M.uasset" 470
"../../../UE4KongSec6/Content/StarterContent/Textures/T_Tech_Hex_Tile_N.uasset" 471
"../../../UE4KongSec6/Content/StarterContent/Materials/M_Tech_Hex_Tile.uasset" 472
"../../../UE4KongSec6/Content/StarterContent/Materials/M_Tech_Hex_Tile_Pulse.uasset" 473
"../../../UE4KongSec6/Content/StarterContent/Textures/T_Tech_Panel_M.uasset" 474
"../../../UE4KongSec6/Content/StarterContent/Textures/T_Tech_Panel_N.uasset" 475
"../../../UE4KongSec6/Content/StarterContent/Materials/M_Tech_Panel.uasset" 476
"../../../UE4KongSec6/Content/StarterContent/Materials/M_Water_Lake.uasset" 477
"../../../UE4KongSec6/Content/StarterContent/Textures/T_Water_M.uasset" 478
"../../../UE4KongSec6/Content/StarterContent/Materials/M_Water_Ocean.uasset" 479
"../../../UE4KongSec6/Content/StarterContent/Textures/T_Wood_Floor_Walnut_D.uasset" 480
"../../../UE4KongSec6/Content/StarterContent/Textures/T_Wood_Floor_Walnut_M.uasset" 481
"../../../UE4KongSec6/Content/StarterContent/Textures/T_Wood_Floor_Walnut_N.uasset" 482
"../../../UE4KongSec6/Content/StarterContent/Materials/M_Wood_Floor_Walnut_Polished.uasset" 483
"../../../Engine/Content/Functions/Engine_MaterialFunctions01/Opacity/AlphaOffset.uasset" 484
"../../../UE4KongSec6/Content/StarterContent/Materials/M_Wood_Floor_Walnut_Worn.uasset" 485
"../../../UE4KongSec6/Content/StarterContent/Textures/T_Wood_Oak_D.uasset" 486
"../../../UE4KongSec6/Content/StarterContent/Textures/T_Wood_Oak_N.uasset" 487
"../../../UE4KongSec6/Content/StarterContent/Materials/M_Wood_Oak.uasset" 488
"../../../UE4KongSec6/Content/StarterContent/Textures/T_Wood_Pine_D.uasset" 489
"../../../UE4KongSec6/Content/StarterContent/Textures/T_Wood_Pine_N.uasset" 490
"../../../UE4KongSec6/Content/StarterContent/Materials/M_Wood_Pine.uasset" 491
"../../../UE4KongSec6/Content/StarterContent/Textures/T_Wood_Walnut_D.uasset" 492
"../../../UE4KongSec6/Content/StarterContent/Textures/T_Wood_Walnut_N.uasset" 493
"../../../UE4KongSec6/Content/StarterContent/Materials/M_Wood_Walnut.uasset" 494
"../../../UE4KongSec6/Content/StarterContent/Architecture/Wall_400x200.uasset" 495
"../../../UE4KongSec6/Content/StarterContent/Architecture/Wall_Door_400x300.uasset" 496
"../../../UE4KongSec6/Content/StarterContent/Architecture/Wall_Window_400x300.uasset" 497
"../../../UE4KongSec6/Content/StarterContent/Audio/Collapse_Cue.uasset" 498
"../../../UE4KongSec6/Content/StarterContent/Audio/Starter_Music_Cue.uasset" 499
"../../../UE4KongSec6/Content/StarterContent/Textures/T_Dust_Particle_D.uasset" 500
"../../../UE4KongSec6/Content/StarterContent/Particles/Materials/M_Dust_Particle.uasset" 501
"../../../UE4KongSec6/Content/StarterContent/Particles/P_Ambient_Dust.uasset" 502
"../../../UE4KongSec6/Content/StarterContent/Props/MaterialSphere.uasset" 503
"../../../UE4KongSec6/Content/StarterContent/Textures/T_Frame_M.uasset" 504
"../../../UE4KongSec6/Content/StarterContent/Textures/T_Frame_N.uasset" 505
"../../../UE4KongSec6/Content/StarterContent/Props/Materials/M_Frame.uasset" 506
"../../../UE4KongSec6/Content/StarterContent/Props/SM_CornerFrame.uasset" 507
"../../../UE4KongSec6/Content/StarterContent/Props/SM_DoorFrame.uasset" 508
"../../../UE4KongSec6/Content/StarterContent/Props/SM_GlassWindow.uasset" 509
"../../../UE4KongSec6/Content/StarterContent/Props/SM_PillarFrame.uasset" 510
"../../../UE4KongSec6/Content/StarterContent/Props/SM_PillarFrame300.uasset" 511
"../../../UE4KongSec6/Content/StarterContent/Props/SM_WindowFrame.uasset" 512
"../../../UE4KongSec6/Content/StarterContent/Shapes/Shape_Cube.uasset" 513
"../../../UE4KongSec6/Content/StarterContent/Shapes/Shape_QuadPyramid.uasset" 514
"../../../UE4KongSec6/Content/StarterContent/Shapes/Shape_Sphere.uasset" 515
"../../../UE4KongSec6/Content/StarterContent/Maps/StarterMap.umap" 516
"../../../UE4KongSec6/Content/UEKong/BP/BP_End_L1.uasset" 517
"../../../UE4KongSec6/Content/UEKong/Maps/UEKong_1.umap" 518
"../../../UE4KongSec6/Content/UEKong/BP/BP_MainMenu.uasset" 519
"../../../UE4KongSec6/Content/UEKong/Maps/UEKong_Menu.umap" 520
"../../../UE4KongSec6/Content/StarterContent/Blueprints/Assets/FogBrightnessLUT.uasset" 521
"../../../UE4KongSec6/Content/StarterContent/Blueprints/Assets/SunlightColorLUT.uasset" 522
"../../../UE4KongSec6/Content/StarterContent/Blueprints/Assets/M_LightStage_Arrows.uasset" 523
"../../../Engine/Content/MapTemplates/Sky/DaylightAmbientCubemap.uasset" 524
"../../../UE4KongSec6/Content/StarterContent/Blueprints/Assets/M_LightStage_Skybox_Master.uasset" 525
"../../../UE4KongSec6/Content/StarterContent/Blueprints/Assets/M_LightStage_Skybox_Black.uasset" 526
"../../../UE4KongSec6/Content/StarterContent/Blueprints/Assets/M_LightStage_Skybox_HDRI.uasset" 527
"../../../Engine/Content/EditorMaterials/Thumbnails/SkySphereMaterial.uasset" 528
"../../../UE4KongSec6/Content/StarterContent/Blueprints/Assets/Skybox.uasset" 529
"../../../UE4KongSec6/Content/StarterContent/Blueprints/Assets/SM_Arrows.uasset" 530
"../../../UE4KongSec6/Content/StarterContent/HDRI/HDRI_Epic_Courtyard_Daylight.uasset" 531
"../../../UE4KongSec6/Content/StarterContent/Blueprints/BP_LightStudio.uasset" 532
"../../../UE4KongSec6/Content/StarterContent/Materials/M_AssetPlatform.uasset" 533
"../../../Engine/Content/EditorMeshes/ColorCalibrator/M_ChromeBall.uasset" 534
"../../../Engine/Content/EditorMeshes/ColorCalibrator/M_ClearCoat.uasset" 535
"../../../Engine/Content/EditorMeshes/ColorCalibrator/M_ClearCoatBlack.uasset" 536
"../../../Engine/Content/EditorMeshes/ColorCalibrator/M_ColorGrid.uasset" 537
"../../../Engine/Content/EditorMeshes/ColorCalibrator/M_GreyBall.uasset" 538
"../../../Engine/Content/EditorMeshes/ColorCalibrator/SM_ColorCalibrator.uasset" 539
"../../../UE4KongSec6/Content/StarterContent/Architecture/SM_AssetPlatform.uasset" 540
"../../../UE4KongSec6/Content/StarterContent/Maps/Advanced_Lighting.umap" 541
