Log file open, 01/04/17 01:27:57
LogInit:Display: Running engine for game: LineTraceExample
LogPlatformFile: Not using cached read wrapper
LogInit:Display: RandInit(-130846457) SRandInit(-130846453).
LogTaskGraph: Started task graph with 4 named threads and 7 total threads with 1 sets of task threads.
LogStats: Stats thread started at 0.417936
LogInit: Version: 4.12.5-3039270+++UE4+Release-4.12
LogInit: API Version: 2992821
LogInit: Net Version: 3039270
LogDevObjectVersion: Number of dev versions registered: 13
LogDevObjectVersion:   Dev-Blueprints (B0D832E4-1F89-4F0D-ACCF-7EB736FD4AA2): 3
LogDevObjectVersion:   Dev-Build (E1C64328-A22C-4D53-A36C-8E866417BD8C): 0
LogDevObjectVersion:   Dev-Core (375EC13C-06E4-48FB-B500-84F0262A717E): 1
LogDevObjectVersion:   Dev-Editor (E4B068ED-F494-42E9-A231-DA0B2E46BB41): 2
LogDevObjectVersion:   Dev-Framework (CFFC743F-43B0-4480-9391-14DF171D2073): 6
LogDevObjectVersion:   Dev-Mobile (B02B49B5-BB20-44E9-A304-32B752E40360): 0
LogDevObjectVersion:   Dev-Networking (A4E4105C-59A1-49B5-A7C5-40C4547EDFEE): 0
LogDevObjectVersion:   Dev-Online (39C831C9-5AE6-47DC-9A44-9C173E1C8E7C): 0
LogDevObjectVersion:   Dev-Physics (78F01B33-EBEA-4F98-B9B4-84EACCB95AA2): 0
LogDevObjectVersion:   Dev-Platform (6631380F-2D4D-43E0-8009-CF276956A95A): 0
LogDevObjectVersion:   Dev-Rendering (12F88B9F-8875-4AFC-A67C-D90C383ABD29): 2
LogDevObjectVersion:   Dev-Sequencer (7B5AE74C-D270-4C10-A958-57980B212A5A): 0
LogDevObjectVersion:   Dev-VR (D7296918-1DD6-4BDD-9DE2-64A83CC13884): 0
LogInit: Compiled (64-bit): Jul  6 2016 09:09:46
LogInit: Compiled with Visual C++: 19.00.23026.00
LogInit: Build Configuration: Development
LogInit: Branch Name: ++UE4+Release-4.12
LogInit: Command line:  
LogInit: Base directory: C:/Program Files/Epic Games/4.12/Engine/Binaries/Win64/
LogInit: Installed Engine Build: 1
LogInit: Using libcurl 7.41.0
LogInit:  - built for x86_64-pc-win32
LogInit:  - supports SSL with WinSSL
LogInit:  - other features:
LogInit:      CURL_VERSION_SSL
LogInit:      CURL_VERSION_IPV6
LogInit:      CURL_VERSION_ASYNCHDNS
LogInit:      CURL_VERSION_LARGEFILE
LogInit:      CURL_VERSION_IDN
LogInit:  CurlRequestOptions (configurable via config and command line):
LogInit:  - bVerifyPeer = true  - Libcurl will verify peer certificate
LogInit:  - bUseHttpProxy = false  - Libcurl will NOT use HTTP proxy
LogInit:  - bDontReuseConnections = false  - Libcurl will reuse connections
LogInit:  - CertBundlePath = nullptr  - Libcurl will use whatever was configured at build time.
LogInit: Presizing for max 8388607 objects, including 0 objects not considered by GC, pre-allocating 0 bytes for permanent pool.
LogInit: Object subsystem initialized
[2017.01.04-09.27.58:689][  0]LogInit: Selected Device Profile: [Windows]
[2017.01.04-09.27.58:689][  0]LogInit: Applying CVar settings loaded from the selected device profile: [Windows]
[2017.01.04-09.27.58:736][  0]LogInit: Computer: REDLINE
[2017.01.04-09.27.58:736][  0]LogInit: User: Machinehead
[2017.01.04-09.27.58:736][  0]LogInit: CPU Page size=65536, Cores=4
[2017.01.04-09.27.58:736][  0]LogInit: High frequency timer resolution =3.225831 MHz
[2017.01.04-09.27.58:736][  0]LogMemory: Memory total: Physical=8.0GB (8GB approx)
[2017.01.04-09.27.58:736][  0]LogMemory: Platform Memory Stats for Windows
[2017.01.04-09.27.58:736][  0]LogMemory: Process Physical Memory: 188.97 MB used, 188.97 MB peak
[2017.01.04-09.27.58:736][  0]LogMemory: Process Virtual Memory: 191.93 MB used, 191.93 MB peak
[2017.01.04-09.27.58:736][  0]LogMemory: Physical Memory: 2691.87 MB used, 8154.05 MB total
[2017.01.04-09.27.58:736][  0]LogMemory: Virtual Memory: 549.69 MB used, 134217728.00 MB total
[2017.01.04-09.28.00:159][  0]LogTextLocalizationManager: No specific translations for ('en-US') exist, so ('en') translations will be used.
[2017.01.04-09.28.00:891][  0]LogD3D11RHI: D3D11 adapters:
[2017.01.04-09.28.02:173][  0]LogD3D11RHI:    0. 'NVIDIA GeForce GTX 760' (Feature Level 11_0)
[2017.01.04-09.28.02:173][  0]LogD3D11RHI:       4062/0/4077 MB DedicatedVideo/DedicatedSystem/SharedSystem, Outputs:2, VendorId:0x10de
[2017.01.04-09.28.02:325][  0]LogD3D11RHI:    1. 'Microsoft Basic Render Driver' (Feature Level 11_0)
[2017.01.04-09.28.02:325][  0]LogD3D11RHI:       0/0/4077 MB DedicatedVideo/DedicatedSystem/SharedSystem, Outputs:0, VendorId:0x1414
[2017.01.04-09.28.02:325][  0]LogD3D11RHI: Chosen D3D11 Adapter: 0
[2017.01.04-09.28.02:329][  0]LogD3D11RHI: Creating new Direct3DDevice
[2017.01.04-09.28.02:329][  0]LogD3D11RHI:     GPU DeviceId: 0x1187 (for the marketing name, search the web for "GPU Device Id")
[2017.01.04-09.28.02:329][  0]LogWindows: EnumDisplayDevices:
[2017.01.04-09.28.02:329][  0]LogWindows:    0. 'NVIDIA GeForce GTX 760' (P:0 D:1)
[2017.01.04-09.28.02:329][  0]LogWindows:    1. 'NVIDIA GeForce GTX 760' (P:1 D:1)
[2017.01.04-09.28.02:329][  0]LogWindows:    2. 'NVIDIA GeForce GTX 760' (P:0 D:0)
[2017.01.04-09.28.02:329][  0]LogWindows:    3. 'NVIDIA GeForce GTX 760' (P:0 D:0)
[2017.01.04-09.28.02:330][  0]LogWindows: DebugString: FoundDriverCount:4 
[2017.01.04-09.28.02:330][  0]LogD3D11RHI:     Adapter Name: NVIDIA GeForce GTX 760
[2017.01.04-09.28.02:330][  0]LogD3D11RHI:   Driver Version: 369.09 (internal:21.21.13.6909, unified:369.09)
[2017.01.04-09.28.02:330][  0]LogD3D11RHI:      Driver Date: 8-1-2016
[2017.01.04-09.28.02:330][  0]LogRHI: Texture pool is 1361 MB (70% of 1945 MB)
[2017.01.04-09.28.02:349][  0]LogD3D11RHI: Async texture creation enabled
[2017.01.04-09.28.02:414][  0]LogD3D11RHI: GPU Timing Frequency: 1000.000000 (Debug: 2 2)
[2017.01.04-09.28.02:414][  0]LogShaderCompilers: Guid format shader working directory is -28 characters bigger than the processId version (../../../../../../Users/Machinehead/Desktop/UE4xProjectFiles/LineTraceExample/Intermediate/Shaders/WorkingDirectory/6100/).
[2017.01.04-09.28.02:414][  0]LogShaderCompilers: Cleaned the shader compiler working directory 'C:/Users/MACHIN~1/AppData/Local/Temp/UnrealShaderWorkingDir/4AB5DB504A7628E4CAD25499EEB1B02E/'.
[2017.01.04-09.28.02:414][  0]LogShaderCompilers:Display: Using Local Shader Compiler.
[2017.01.04-09.28.05:731][  0]LogTemp:Display: Loaded TP AllDesktopTargetPlatform
[2017.01.04-09.28.05:821][  0]LogTemp:Display: Loaded TP WindowsClientTargetPlatform
[2017.01.04-09.28.05:879][  0]LogTemp:Display: Loaded TP WindowsNoEditorTargetPlatform
[2017.01.04-09.28.05:941][  0]LogTemp:Display: Loaded TP WindowsServerTargetPlatform
[2017.01.04-09.28.05:995][  0]LogTemp:Display: Loaded TP WindowsTargetPlatform
[2017.01.04-09.28.06:074][  0]LogTemp:Display: Loaded TP AndroidTargetPlatform
[2017.01.04-09.28.06:146][  0]LogTemp:Display: Loaded TP Android_ASTCTargetPlatform
[2017.01.04-09.28.06:182][  0]LogTemp:Display: Loaded TP Android_ATCTargetPlatform
[2017.01.04-09.28.06:216][  0]LogTemp:Display: Loaded TP Android_DXTTargetPlatform
[2017.01.04-09.28.06:260][  0]LogTemp:Display: Loaded TP Android_ETC1TargetPlatform
[2017.01.04-09.28.06:328][  0]LogTemp:Display: Loaded TP Android_ETC2TargetPlatform
[2017.01.04-09.28.06:522][  0]LogTemp:Display: Loaded TP Android_MultiTargetPlatform
[2017.01.04-09.28.06:522][  0]LogTemp:Display: Loaded TP Android_PVRTCTargetPlatform
[2017.01.04-09.28.06:627][  0]LogTemp:Display: Loaded TP HTML5TargetPlatform
[2017.01.04-09.28.06:867][  0]LogTemp:Display: Loaded TP IOSTargetPlatform
[2017.01.04-09.28.06:929][  0]LogTemp:Display: Loaded TP TVOSTargetPlatform
[2017.01.04-09.28.06:989][  0]LogTemp:Display: Loaded TP LinuxNoEditorTargetPlatform
[2017.01.04-09.28.07:073][  0]LogTemp:Display: Loaded TP LinuxServerTargetPlatform
[2017.01.04-09.28.07:186][  0]LogTemp:Display: Loaded TP LinuxTargetPlatform
[2017.01.04-09.28.07:186][  0]LogTargetPlatformManager:Display: Building Assets For Windows
[2017.01.04-09.28.09:513][  0]LogDerivedDataCache:Display: Max Cache Size: 512 MB
[2017.01.04-09.28.10:258][  0]LogDerivedDataCache: Loaded boot cache 0.75s 48MB C:/Users/Machinehead/AppData/Local/UnrealEngine/4.12/DerivedDataCache/Boot.ddc.
[2017.01.04-09.28.10:259][  0]LogDerivedDataCache:Display: Loaded Boot cache: C:/Users/Machinehead/AppData/Local/UnrealEngine/4.12/DerivedDataCache/Boot.ddc
[2017.01.04-09.28.10:259][  0]LogDerivedDataCache: FDerivedDataBackendGraph:  Pak pak cache file ../../../../../../Users/Machinehead/Desktop/UE4xProjectFiles/LineTraceExample/DerivedDataCache/DDC.ddp not found, will not use a pak cache.
[2017.01.04-09.28.10:259][  0]LogDerivedDataCache: Unable to find inner node Pak for hierarchical cache Hierarchy.
[2017.01.04-09.28.10:259][  0]LogDerivedDataCache: FDerivedDataBackendGraph:  CompressedPak pak cache file ../../../../../../Users/Machinehead/Desktop/UE4xProjectFiles/LineTraceExample/DerivedDataCache/Compressed.ddp not found, will not use a pak cache.
[2017.01.04-09.28.10:259][  0]LogDerivedDataCache: Unable to find inner node CompressedPak for hierarchical cache Hierarchy.
[2017.01.04-09.28.10:309][  0]LogDerivedDataCache:Display: Pak cache opened for reading ../../../Engine/DerivedDataCache/Compressed.ddp.
[2017.01.04-09.28.10:321][  0]LogDerivedDataCache: Using Local data cache path C:/Users/Machinehead/AppData/Local/UnrealEngine/Common/DerivedDataCache: Writable
[2017.01.04-09.28.13:138][  0]LogInit: Selected Device Profile: [Windows]
[2017.01.04-09.28.13:173][  0]LogContentStreaming: Texture pool size is 0.00 MB
[2017.01.04-09.28.13:970][  0]LogMeshUtilities: No automatic mesh reduction module available
[2017.01.04-09.28.13:970][  0]LogMeshUtilities: No automatic mesh merging module available
[2017.01.04-09.28.13:970][  0]LogMeshUtilities: No distributed automatic mesh merging module available
[2017.01.04-09.28.15:653][  0]LogAssetRegistry: FAssetRegistry took 0.0227 seconds to start up
[2017.01.04-09.28.15:793][  0]LogPackageLocalizationCache: Processed 3 localized package path(s) for 2 prioritized culture(s) in 0.130352 seconds
[2017.01.04-09.28.15:797][  0]LogUObjectArray: 28739 objects as part of root set at end of initial load.
[2017.01.04-09.28.15:797][  0]LogUObjectAllocator: 5855632 out of 0 bytes used by permanent object pool.
[2017.01.04-09.28.15:797][  0]LogUObjectArray: CloseDisregardForGC: 0/0 objects in disregard for GC pool
[2017.01.04-09.28.15:911][  0]LogInit: WinSock: version 1.1 (2.2), MaxSocks=32767, MaxUdp=65467
[2017.01.04-09.28.30:967][  0]LogSlate: SlateFontCache - WITH_FREETYPE: 1, WITH_HARFBUZZ: 1
[2017.01.04-09.28.30:967][  0]LogSlate: SlateFontCache - WITH_FREETYPE: 1, WITH_HARFBUZZ: 1
[2017.01.04-09.28.40:548][  0]LogUdpMessaging: Initializing bridge on interface 0.0.0.0:0 to multicast group 230.0.0.1:6666.
[2017.01.04-09.28.42:182][  0]SourceControl: Info Source control is disabled
[2017.01.04-09.28.42:197][  0]SourceControl: Info Source control is disabled
[2017.01.04-09.28.42:347][  0]SourceControl: Info Source control is disabled
[2017.01.04-09.28.42:556][  0]SourceControl: Info Source control is disabled
[2017.01.04-09.28.45:000][  0]LogEngine: Initializing Engine...
[2017.01.04-09.28.45:082][  0]LogHMD: SteamVR failed to initialize.  Err: 110
[2017.01.04-09.28.45:084][  0]LogHMD: SteamVR failed to initialize.  Err: 110
[2017.01.04-09.28.45:904][  0]LogAIModule: Creating AISystem for world NewWorld
[2017.01.04-09.28.45:965][  0]LogInit: XAudio2 using 'D50u-D1-4 (NVIDIA High Definition Audio)' : 2 channels at 48 kHz using 16 bits per sample (channel mask 0x3)
[2017.01.04-09.28.46:033][  0]LogInit: FAudioDevice initialized.
[2017.01.04-09.28.46:056][  0]LogDerivedDataCache: Saved boot cache 0.02s 48MB C:/Users/Machinehead/AppData/Local/UnrealEngine/4.12/DerivedDataCache/Boot.ddc.
[2017.01.04-09.28.46:063][  0]LogInit: Texture streaming: Enabled
[2017.01.04-09.28.47:419][  0]LogInit: Transaction tracking system initialized
[2017.01.04-09.28.51:241][  0]BlueprintLog: New page: Editor Load
[2017.01.04-09.28.58:613][  0]LocalizationService: Info Localization service is disabled
[2017.01.04-09.29.01:741][  0]LogConsoleResponse:Display: 
[2017.01.04-09.29.05:595][  0]LogCook:Display: Max memory allowance for cook 8192mb
[2017.01.04-09.29.05:595][  0]LogCook:Display: Mobile HDR setting 1
[2017.01.04-09.29.06:853][  0]LogFileCache: Scanning file cache for directory 'C:/Users/Machinehead/Desktop/UE4xProjectFiles/LineTraceExample/Content/' took 0.02s
[2017.01.04-09.29.10:300][  0]SourceControl: Info Source control is disabled
[2017.01.04-09.29.10:300][  0]Cmd: MAP LOAD FILE="../../../../../../Users/Machinehead/Desktop/UE4xProjectFiles/LineTraceExample/Content/ThirdPersonBP/Maps/ThirdPersonExampleMap.umap" TEMPLATE=0 SHOWPROGRESS=1 FEATURELEVEL=3
[2017.01.04-09.29.10:301][  0]LightingResults: New page: Lighting Build
[2017.01.04-09.29.10:306][  0]MapCheck: New page: Map Check
[2017.01.04-09.29.10:306][  0]LightingResults: New page: Lighting Build
[2017.01.04-09.29.15:168][  0]LogAIModule: Creating AISystem for world ThirdPersonExampleMap
[2017.01.04-09.29.15:260][  0]LogEditorServer: Finished looking for orphan Actors (0.000 secs)
[2017.01.04-09.29.15:261][  0]Cmd: MAP CHECKDEP NOCLEARLOG
[2017.01.04-09.29.15:368][  0]MapCheck: Info Map check complete: 0 Error(s), 0 Warning(s), took 107.078ms to complete.
[2017.01.04-09.29.15:368][  0]LogFileHelpers: Loading map 'ThirdPersonExampleMap' took 5.068
[2017.01.04-09.29.16:323][  0]LogCollectionManager: Loaded 0 collections in 0.007807 seconds
[2017.01.04-09.29.16:403][  0]LogFileCache: Scanning file cache for directory 'C:/Users/Machinehead/Desktop/UE4xProjectFiles/LineTraceExample/Saved/Collections/' took 0.01s
[2017.01.04-09.29.16:403][  0]LogFileCache: Scanning file cache for directory 'C:/Users/Machinehead/Desktop/UE4xProjectFiles/LineTraceExample/Content/Developers/Machinehead/Collections/' took 0.01s
[2017.01.04-09.29.16:403][  0]LogFileCache: Scanning file cache for directory 'C:/Users/Machinehead/Desktop/UE4xProjectFiles/LineTraceExample/Content/Collections/' took 0.01s
[2017.01.04-09.29.16:404][  0]LogCollectionManager: Rebuilt the GUID cache for 0 collections in 0.000013 seconds
[2017.01.04-09.29.16:415][  0]LogContentBrowser: Native class hierarchy populated in 0.0116 seconds. Added 2047 classes and 369 folders.
[2017.01.04-09.29.16:422][  0]LogStats: UGameplayTagsManager::ConstructGameplayTagTree: Construct from data asset -  0.000 s
[2017.01.04-09.29.16:422][  0]LogStats: UGameplayTagsManager::ConstructGameplayTagTree: GameplayTagTreeChangedEvent.Broadcast -  0.000 s
[2017.01.04-09.29.16:423][  0]LogContentBrowser: Native class hierarchy updated for 'GameplayTags' in 0.0005 seconds. Added 12 classes and 0 folders.
[2017.01.04-09.29.16:432][  0]LogContentBrowser: Native class hierarchy updated for 'WidgetCarousel' in 0.0004 seconds. Added 0 classes and 0 folders.
[2017.01.04-09.29.22:238][  0]LogContentBrowser: Native class hierarchy updated for 'AddContentDialog' in 0.0004 seconds. Added 0 classes and 0 folders.
[2017.01.04-09.29.22:351][  0]LogContentBrowser: Native class hierarchy updated for 'SceneOutliner' in 0.0004 seconds. Added 1 classes and 2 folders.
[2017.01.04-09.29.22:437][  0]LogCrashTracker: Crashtracker disabled due to settings.
[2017.01.04-09.29.22:442][  0]LogUObjectGlobals:Warning: Failed to find object 'Class None.'
[2017.01.04-09.29.22:565][  0]LogContentBrowser: Native class hierarchy updated for 'HierarchicalLODOutliner' in 0.0009 seconds. Added 1 classes and 2 folders.
[2017.01.04-09.29.22:566][  0]LogLoad: Full Startup: 89.02 seconds (BP compile: 0.17 seconds)
[2017.01.04-09.29.22:566][  0]LogExternalProfiler: No external profilers were discovered.  External profiling features will not be available.
[2017.01.04-09.29.22:909][  0]LogOcInput: OculusInput pre-init called
[2017.01.04-09.29.22:929][  0]LogContentStreaming: Texture pool size now 1000 MB
[2017.01.04-09.29.23:324][  0]LogRenderer: Reallocating scene render targets to support 2216x1336 (Frame:2).
[2017.01.04-09.29.23:485][  1]LogAssetRegistry: Asset discovery search completed in 67.8539 seconds
[2017.01.04-09.29.23:485][  1]LogCollectionManager: Rebuilt the object cache for 0 collections in 0.000001 seconds (found 0 objects)
[2017.01.04-09.29.23:485][  1]LogCollectionManager: Fixed up redirectors for 0 collections in 0.000041 seconds (updated 0 objects)
[2017.01.04-09.31.44:215][373]LogAIModule: Creating AISystem for world StarterMap
[2017.01.04-09.31.48:400][373]LogAIModule: Creating AISystem for world Advanced_Lighting
[2017.01.04-09.31.48:626][373]LogAIModule: Creating AISystem for world Minimal_Default
[2017.01.04-09.34.07:512][ 35]LogTexture:Display: Building textures: T_Bush_D (AutoDXT)
[2017.01.04-09.34.07:967][ 35]LogTexture:Display: Building textures: T_Bush_N (BC5)
[2017.01.04-09.34.08:165][ 35]LogTexture:Display: Building textures: T_Door_M (DXT1)
[2017.01.04-09.34.09:035][ 35]LogTexture:Display: Building textures: T_Door_N (BC5)
[2017.01.04-09.34.09:843][ 35]LogTexture:Display: Building textures: T_RockMesh_M (DXT1)
[2017.01.04-09.34.12:640][ 35]LogTexture:Display: Building textures: T_RockMesh_N (BC5)
[2017.01.04-09.34.13:414][ 35]LogTexture:Display: Building textures: T_Shelf_M (DXT1)
[2017.01.04-09.34.14:285][ 35]LogTexture:Display: Building textures: T_Shelf_N (BC5)
[2017.01.04-09.37.09:118][943]LogSavePackage: Save=315.12ms
[2017.01.04-09.37.09:118][943]LogSavePackage: Moving '../../../../../../Users/Machinehead/Desktop/UE4xProjectFiles/LineTraceExample/Saved/ThirdPersonExampleMapC635A1F642A33B9F3E86A9A279AEC55F.tmp' to '../../../../../../Users/Machinehead/Desktop/UE4xProjectFiles/LineTraceExample/Content/ThirdPersonBP/Maps/ThirdPersonExampleMap.umap'
[2017.01.04-09.37.09:121][943]LogSavePackage:Display: Finished SavePackage ../../../../../../Users/Machinehead/Desktop/UE4xProjectFiles/LineTraceExample/Content/ThirdPersonBP/Maps/ThirdPersonExampleMap.umap
[2017.01.04-09.37.10:975][ 35]LogWindowsTextInputMethodSystem:Display: IME system now deactivated.
[2017.01.04-09.37.11:173][ 36]Cmd: QUIT_EDITOR
[2017.01.04-09.37.11:263][ 36]LogExit: Preparing to exit.
[2017.01.04-09.37.11:838][ 36]LogExit: Editor shut down
[2017.01.04-09.37.11:839][ 36]LogExit: Transaction tracking system shut down
[2017.01.04-09.37.11:967][ 36]LogObj: Freed 0b from 0 cluster array pools.
[2017.01.04-09.37.11:967][ 36]LogExit: Object subsystem successfully closed.
[2017.01.04-09.37.11:984][ 36]LogD3D11RHI: Shutdown
[2017.01.04-09.37.11:984][ 36]LogD3D11RHI: CleanupD3DDevice
[2017.01.04-09.37.12:132][ 36]LogD3D11RHI: ~FD3D11DynamicRHI
[2017.01.04-09.37.12:160][ 36]LogModuleManager: Shutting down and abandoning module HierarchicalLODOutliner (210)
[2017.01.04-09.37.12:160][ 36]LogModuleManager: Shutting down and abandoning module CrashTracker (209)
[2017.01.04-09.37.12:160][ 36]LogModuleManager: Shutting down and abandoning module SceneOutliner (208)
[2017.01.04-09.37.12:160][ 36]LogModuleManager: Shutting down and abandoning module WidgetCarousel (207)
[2017.01.04-09.37.12:160][ 36]LogModuleManager: Shutting down and abandoning module AddContentDialog (206)
[2017.01.04-09.37.12:161][ 36]LogModuleManager: Shutting down and abandoning module GameplayTags (205)
[2017.01.04-09.37.12:161][ 36]LogModuleManager: Shutting down and abandoning module EditorWidgets (204)
[2017.01.04-09.37.12:161][ 36]LogModuleManager: Shutting down and abandoning module CollectionManager (203)
[2017.01.04-09.37.12:162][ 36]LogModuleManager: Shutting down and abandoning module StatsViewer (202)
[2017.01.04-09.37.12:162][ 36]LogModuleManager: Shutting down and abandoning module FoliageEdit (201)
[2017.01.04-09.37.12:162][ 36]LogModuleManager: Shutting down and abandoning module LandscapeEditor (200)
[2017.01.04-09.37.12:162][ 36]LogModuleManager: Shutting down and abandoning module SceneDepthPickerMode (199)
[2017.01.04-09.37.12:162][ 36]LogModuleManager: Shutting down and abandoning module ActorPickerMode (198)
[2017.01.04-09.37.12:162][ 36]LogModuleManager: Shutting down and abandoning module GeometryMode (197)
[2017.01.04-09.37.12:162][ 36]LogModuleManager: Shutting down and abandoning module TextureAlignMode (196)
[2017.01.04-09.37.12:162][ 36]LogModuleManager: Shutting down and abandoning module BspMode (195)
[2017.01.04-09.37.12:162][ 36]LogModuleManager: Shutting down and abandoning module SequenceRecorderSections (194)
[2017.01.04-09.37.12:162][ 36]LogModuleManager: Shutting down and abandoning module SequenceRecorder (193)
[2017.01.04-09.37.12:162][ 36]LogModuleManager: Shutting down and abandoning module AutomationWorker (192)
[2017.01.04-09.37.12:162][ 36]LogModuleManager: Shutting down and abandoning module MatineeToLevelSequence (191)
[2017.01.04-09.37.12:162][ 36]LogModuleManager: Shutting down and abandoning module PlacementMode (190)
[2017.01.04-09.37.12:162][ 36]LogModuleManager: Shutting down and abandoning module LevelSequenceEditor (189)
[2017.01.04-09.37.12:162][ 36]LogModuleManager: Shutting down and abandoning module CharacterAI (188)
[2017.01.04-09.37.12:162][ 36]LogModuleManager: Shutting down and abandoning module SmartSnapping (187)
[2017.01.04-09.37.12:162][ 36]LogModuleManager: Shutting down and abandoning module SessionServices (186)
[2017.01.04-09.37.12:162][ 36]LogModuleManager: Shutting down and abandoning module ViewportSnapping (185)
[2017.01.04-09.37.12:162][ 36]LogModuleManager: Shutting down and abandoning module LogVisualizer (184)
[2017.01.04-09.37.12:163][ 36]LogModuleManager: Shutting down and abandoning module GameProjectGeneration (183)
[2017.01.04-09.37.12:163][ 36]LogModuleManager: Shutting down and abandoning module IntroTutorials (182)
[2017.01.04-09.37.12:163][ 36]LogModuleManager: Shutting down and abandoning module EditorLiveStreaming (181)
[2017.01.04-09.37.12:163][ 36]LogModuleManager: Shutting down and abandoning module IOSPlatformEditor (180)
[2017.01.04-09.37.12:163][ 36]LogModuleManager: Shutting down and abandoning module HTML5PlatformEditor (179)
[2017.01.04-09.37.12:163][ 36]LogModuleManager: Shutting down and abandoning module AndroidDeviceDetection (178)
[2017.01.04-09.37.12:628][ 36]LogModuleManager: Shutting down and abandoning module AndroidPlatformEditor (177)
[2017.01.04-09.37.12:628][ 36]LogModuleManager: Shutting down and abandoning module IOSRuntimeSettings (176)
[2017.01.04-09.37.12:628][ 36]LogModuleManager: Shutting down and abandoning module AndroidRuntimeSettings (175)
[2017.01.04-09.37.12:628][ 36]LogModuleManager: Shutting down and abandoning module MergeActors (174)
[2017.01.04-09.37.12:628][ 36]LogModuleManager: Shutting down and abandoning module SizeMap (173)
[2017.01.04-09.37.12:628][ 36]LogModuleManager: Shutting down and abandoning module TreeMap (172)
[2017.01.04-09.37.12:628][ 36]LogModuleManager: Shutting down and abandoning module ReferenceViewer (171)
[2017.01.04-09.37.12:628][ 36]LogModuleManager: Shutting down and abandoning module LocalizationService (170)
[2017.01.04-09.37.12:628][ 36]LogModuleManager: Shutting down and abandoning module LocalizationDashboard (169)
[2017.01.04-09.37.12:628][ 36]LogModuleManager: Shutting down and abandoning module HardwareTargeting (168)
[2017.01.04-09.37.12:628][ 36]LogModuleManager: Shutting down and abandoning module DeviceProfileEditor (167)
[2017.01.04-09.37.12:628][ 36]LogModuleManager: Shutting down and abandoning module UndoHistory (166)
[2017.01.04-09.37.12:628][ 36]LogModuleManager: Shutting down and abandoning module UserFeedback (165)
[2017.01.04-09.37.12:628][ 36]LogModuleManager: Shutting down and abandoning module XmlParser (164)
[2017.01.04-09.37.12:628][ 36]LogModuleManager: Shutting down and abandoning module Blutility (163)
[2017.01.04-09.37.12:628][ 36]LogModuleManager: Shutting down and abandoning module ProjectTargetPlatformEditor (162)
[2017.01.04-09.37.12:629][ 36]LogModuleManager: Shutting down and abandoning module ProjectSettingsViewer (161)
[2017.01.04-09.37.12:629][ 36]LogModuleManager: Shutting down and abandoning module InputBindingEditor (160)
[2017.01.04-09.37.12:629][ 36]LogModuleManager: Shutting down and abandoning module EditorSettingsViewer (159)
[2017.01.04-09.37.12:629][ 36]LogModuleManager: Shutting down and abandoning module SettingsEditor (158)
[2017.01.04-09.37.12:629][ 36]LogModuleManager: Shutting down and abandoning module ProjectLauncher (157)
[2017.01.04-09.37.12:629][ 36]LogModuleManager: Shutting down and abandoning module SessionFrontend (156)
[2017.01.04-09.37.12:629][ 36]LogModuleManager: Shutting down and abandoning module ProfilerClient (155)
[2017.01.04-09.37.12:629][ 36]LogModuleManager: Shutting down and abandoning module TargetDeviceServices (154)
[2017.01.04-09.37.12:629][ 36]LogModuleManager: Shutting down and abandoning module DeviceManager (153)
[2017.01.04-09.37.12:681][ 36]LogModuleManager: Shutting down and abandoning module AutomationController (152)
[2017.01.04-09.37.12:681][ 36]LogModuleManager: Shutting down and abandoning module AutomationWindow (151)
[2017.01.04-09.37.12:681][ 36]LogModuleManager: Shutting down and abandoning module Layers (150)
[2017.01.04-09.37.12:681][ 36]LogModuleManager: Shutting down and abandoning module ComponentVisualizers (149)
[2017.01.04-09.37.12:681][ 36]LogModuleManager: Shutting down and abandoning module DetailCustomizations (148)
[2017.01.04-09.37.12:682][ 36]LogModuleManager: Shutting down and abandoning module PackagesDialog (147)
[2017.01.04-09.37.12:682][ 36]LogModuleManager: Shutting down and abandoning module Persona (146)
[2017.01.04-09.37.12:682][ 36]LogModuleManager: Shutting down and abandoning module Kismet (145)
[2017.01.04-09.37.12:682][ 36]LogModuleManager: Shutting down and abandoning module GraphEditor (144)
[2017.01.04-09.37.12:682][ 36]LogModuleManager: Shutting down and abandoning module ClassViewer (143)
[2017.01.04-09.37.12:682][ 36]LogModuleManager: Shutting down and abandoning module Toolbox (142)
[2017.01.04-09.37.12:682][ 36]LogModuleManager: Shutting down and abandoning module ModuleUI (141)
[2017.01.04-09.37.12:682][ 36]LogModuleManager: Shutting down and abandoning module MovieSceneTools (140)
[2017.01.04-09.37.12:682][ 36]LogModuleManager: Shutting down and abandoning module OutputLog (139)
[2017.01.04-09.37.12:682][ 36]LogModuleManager: Shutting down and abandoning module GammaUI (138)
[2017.01.04-09.37.12:682][ 36]LogModuleManager: Shutting down and abandoning module Documentation (137)
[2017.01.04-09.37.12:682][ 36]LogModuleManager: Shutting down and abandoning module StreamingPauseRendering (136)
[2017.01.04-09.37.12:683][ 36]LogModuleManager: Shutting down and abandoning module PortalServices (135)
[2017.01.04-09.37.12:683][ 36]LogModuleManager: Shutting down and abandoning module PortalRpc (134)
[2017.01.04-09.37.12:683][ 36]LogModuleManager: Shutting down and abandoning module MessagingRpc (133)
[2017.01.04-09.37.12:683][ 36]LogModuleManager: Shutting down and abandoning module GameplayDebugger (132)
[2017.01.04-09.37.12:683][ 36]LogModuleManager: Shutting down and abandoning module AITestSuite (131)
[2017.01.04-09.37.12:683][ 36]LogModuleManager: Shutting down and abandoning module AIModule (130)
[2017.01.04-09.37.12:683][ 36]LogModuleManager: Shutting down and abandoning module ProfilerService (129)
[2017.01.04-09.37.12:906][ 36]LogModuleManager: Shutting down and abandoning module TaskGraph (128)
[2017.01.04-09.37.12:906][ 36]LogModuleManager: Shutting down and abandoning module SlateRemote (127)
[2017.01.04-09.37.12:906][ 36]LogModuleManager: Shutting down and abandoning module SteamVRController (126)
[2017.01.04-09.37.12:906][ 36]LogModuleManager: Shutting down and abandoning module SteamVR (125)
[2017.01.04-09.37.12:906][ 36]LogModuleManager: Shutting down and abandoning module ProceduralMeshComponent (124)
[2017.01.04-09.37.12:906][ 36]LogModuleManager: Shutting down and abandoning module OculusLibrary (123)
[2017.01.04-09.37.12:906][ 36]LogModuleManager: Shutting down and abandoning module OculusInput (122)
[2017.01.04-09.37.12:906][ 36]LogModuleManager: Shutting down and abandoning module CustomMeshComponent (121)
[2017.01.04-09.37.12:906][ 36]LogModuleManager: Shutting down and abandoning module CableComponent (120)
[2017.01.04-09.37.12:906][ 36]LogModuleManager: Shutting down and abandoning module ArchVisCharacter (119)
[2017.01.04-09.37.12:906][ 36]LogModuleManager: Shutting down and abandoning module MediaPlayerEditor (118)
[2017.01.04-09.37.12:906][ 36]LogModuleManager: Shutting down and abandoning module HTML5Networking (117)
[2017.01.04-09.37.12:906][ 36]LogModuleManager: Shutting down and abandoning module SuperSearch (116)
[2017.01.04-09.37.12:906][ 36]LogModuleManager: Shutting down and abandoning module SuperSearchEditor (115)
[2017.01.04-09.37.12:906][ 36]LogModuleManager: Shutting down and abandoning module SpeedTreeImporter (114)
[2017.01.04-09.37.12:906][ 36]LogModuleManager: Shutting down and abandoning module PluginBrowser (113)
[2017.01.04-09.37.12:906][ 36]LogModuleManager: Shutting down and abandoning module EpicSurvey (112)
[2017.01.04-09.37.12:907][ 36]LogModuleManager: Shutting down and abandoning module DesktopPlatform (111)
[2017.01.04-09.37.12:907][ 36]LogModuleManager: Shutting down and abandoning module VisualStudioSourceCodeAccess (110)
[2017.01.04-09.37.12:907][ 36]LogModuleManager: Shutting down and abandoning module UObjectPlugin (109)
[2017.01.04-09.37.12:907][ 36]LogModuleManager: Shutting down and abandoning module SubversionSourceControl (108)
[2017.01.04-09.37.12:907][ 36]LogModuleManager: Shutting down and abandoning module PerforceSourceControl (107)
[2017.01.04-09.37.12:907][ 36]LogModuleManager: Shutting down and abandoning module SourceControl (106)
[2017.01.04-09.37.12:907][ 36]LogModuleManager: Shutting down and abandoning module GitSourceControl (105)
[2017.01.04-09.37.12:907][ 36]LogModuleManager: Shutting down and abandoning module LightPropagationVolumeEditor (104)
[2017.01.04-09.37.12:907][ 36]LogModuleManager: Shutting down and abandoning module PaperTiledImporter (103)
[2017.01.04-09.37.12:907][ 36]LogModuleManager: Shutting down and abandoning module PaperSpriteSheetImporter (102)
[2017.01.04-09.37.12:907][ 36]LogModuleManager: Shutting down and abandoning module MeshPaint (101)
[2017.01.04-09.37.12:907][ 36]LogModuleManager: Shutting down and abandoning module PixelInspectorModule (100)
[2017.01.04-09.37.12:907][ 36]LogModuleManager: Shutting down and abandoning module HotReload (99)
[2017.01.04-09.37.12:908][ 36]LogModuleManager: Shutting down and abandoning module MainFrame (98)
[2017.01.04-09.37.12:908][ 36]LogModuleManager: Shutting down and abandoning module LevelEditor (97)
[2017.01.04-09.37.12:909][ 36]LogModuleManager: Shutting down and abandoning module ContentBrowser (96)
[2017.01.04-09.37.12:910][ 36]LogModuleManager: Shutting down and abandoning module Paper2DEditor (95)
[2017.01.04-09.37.12:910][ 36]LogModuleManager: Shutting down and abandoning module UdpMessaging (94)
[2017.01.04-09.37.13:011][ 36]LogModuleManager: Shutting down and abandoning module LightPropagationVolumeRuntime (93)
[2017.01.04-09.37.13:011][ 36]LogModuleManager: Shutting down and abandoning module Paper2D (92)
[2017.01.04-09.37.13:011][ 36]LogModuleManager: Shutting down and abandoning module WindowsMoviePlayer (91)
[2017.01.04-09.37.13:011][ 36]LogModuleManager: Shutting down and abandoning module Media (90)
[2017.01.04-09.37.13:011][ 36]LogModuleManager: Shutting down and abandoning module WmfMedia (89)
[2017.01.04-09.37.13:011][ 36]LogModuleManager: Shutting down and abandoning module MediaAssets (88)
[2017.01.04-09.37.13:011][ 36]LogModuleManager: Shutting down and abandoning module GameLiveStreaming (87)
[2017.01.04-09.37.13:012][ 36]LogModuleManager: Shutting down and abandoning module GameplayTagsEditor (86)
[2017.01.04-09.37.13:012][ 36]LogModuleManager: Shutting down and abandoning module OnlineBlueprintSupport (85)
[2017.01.04-09.37.13:012][ 36]LogModuleManager: Shutting down and abandoning module VREditor (84)
[2017.01.04-09.37.13:012][ 36]LogModuleManager: Shutting down and abandoning module GameplayTasksEditor (83)
[2017.01.04-09.37.13:012][ 36]LogModuleManager: Shutting down and abandoning module PropertyEditor (82)
[2017.01.04-09.37.13:012][ 36]LogModuleManager: Shutting down and abandoning module BehaviorTreeEditor (81)
[2017.01.04-09.37.13:012][ 36]LogModuleManager: Shutting down and abandoning module FunctionalTesting (80)
[2017.01.04-09.37.13:012][ 36]LogModuleManager: Shutting down and abandoning module CollisionAnalyzer (79)
[2017.01.04-09.37.13:012][ 36]LogModuleManager: Shutting down and abandoning module Sequencer (78)
[2017.01.04-09.37.13:012][ 36]LogModuleManager: Shutting down and abandoning module WorkspaceMenuStructure (77)
[2017.01.04-09.37.13:012][ 36]LogModuleManager: Shutting down and abandoning module MessageLog (76)
[2017.01.04-09.37.13:012][ 36]LogModuleManager: Shutting down and abandoning module AssetTools (75)
[2017.01.04-09.37.13:012][ 36]LogModuleManager: Shutting down and abandoning module UMGEditor (74)
[2017.01.04-09.37.13:013][ 36]LogModuleManager: Shutting down and abandoning module UMG (73)
[2017.01.04-09.37.13:013][ 36]LogModuleManager: Shutting down and abandoning module SlateReflector (72)
[2017.01.04-09.37.13:013][ 36]LogModuleManager: Shutting down and abandoning module Slate (71)
[2017.01.04-09.37.13:013][ 36]LogModuleManager: Shutting down and abandoning module EditorStyle (70)
[2017.01.04-09.37.13:019][ 36]LogModuleManager: Shutting down and abandoning module SourceCodeAccess (69)
[2017.01.04-09.37.13:019][ 36]LogModuleManager: Shutting down and abandoning module HeadMountedDisplay (68)
[2017.01.04-09.37.13:019][ 36]LogModuleManager: Shutting down and abandoning module XAudio2 (67)
[2017.01.04-09.37.13:019][ 36]LogModuleManager: Shutting down and abandoning module Networking (65)
[2017.01.04-09.37.13:019][ 36]LogModuleManager: Shutting down and abandoning module Core (64)
[2017.01.04-09.37.13:019][ 36]LogModuleManager: Shutting down and abandoning module DirectoryWatcher (63)
[2017.01.04-09.37.13:020][ 36]LogModuleManager: Shutting down and abandoning module AssetRegistry (62)
[2017.01.04-09.37.13:165][ 36]LogModuleManager: Shutting down and abandoning module KismetCompiler (61)
[2017.01.04-09.37.13:165][ 36]LogModuleManager: Shutting down and abandoning module PhysXFormats (60)
[2017.01.04-09.37.13:165][ 36]LogModuleManager: Shutting down and abandoning module MeshUtilities (59)
[2017.01.04-09.37.13:165][ 36]LogModuleManager: Shutting down and abandoning module DerivedDataCache (58)
[2017.01.04-09.37.13:185][ 36]LogDerivedDataCache: Shutdown
[2017.01.04-09.37.13:185][ 36]LogModuleManager: Shutting down and abandoning module VulkanShaderFormat (57)
[2017.01.04-09.37.13:185][ 36]LogModuleManager: Shutting down and abandoning module ShaderFormatOpenGL (56)
[2017.01.04-09.37.13:185][ 36]LogModuleManager: Shutting down and abandoning module ShaderFormatD3D (55)
[2017.01.04-09.37.13:185][ 36]LogModuleManager: Shutting down and abandoning module MetalShaderFormat (54)
[2017.01.04-09.37.13:185][ 36]LogModuleManager: Shutting down and abandoning module TextureFormatUncompressed (53)
[2017.01.04-09.37.13:185][ 36]LogModuleManager: Shutting down and abandoning module TextureFormatPVR (52)
[2017.01.04-09.37.13:185][ 36]LogModuleManager: Shutting down and abandoning module TextureFormatIntelISPCTexComp (51)
[2017.01.04-09.37.13:185][ 36]LogModuleManager: Shutting down and abandoning module TextureFormatDXT (50)
[2017.01.04-09.37.13:185][ 36]LogModuleManager: Shutting down and abandoning module ImageWrapper (49)
[2017.01.04-09.37.13:185][ 36]LogModuleManager: Shutting down and abandoning module TextureFormatASTC (48)
[2017.01.04-09.37.13:185][ 36]LogModuleManager: Shutting down and abandoning module TextureFormatAndroid (47)
[2017.01.04-09.37.13:185][ 36]LogModuleManager: Shutting down and abandoning module AudioFormatOpus (46)
[2017.01.04-09.37.13:185][ 36]LogModuleManager: Shutting down and abandoning module AudioFormatOgg (45)
[2017.01.04-09.37.13:185][ 36]LogModuleManager: Shutting down and abandoning module AudioFormatADPCM (44)
[2017.01.04-09.37.13:186][ 36]LogModuleManager: Shutting down and abandoning module LinuxTargetPlatform (43)
[2017.01.04-09.37.13:186][ 36]LogModuleManager: Shutting down and abandoning module LinuxServerTargetPlatform (42)
[2017.01.04-09.37.13:186][ 36]LogModuleManager: Shutting down and abandoning module LinuxNoEditorTargetPlatform (41)
[2017.01.04-09.37.13:186][ 36]LogModuleManager: Shutting down and abandoning module TVOSTargetPlatform (40)
[2017.01.04-09.37.13:186][ 36]LogModuleManager: Shutting down and abandoning module Messaging (39)
[2017.01.04-09.37.13:186][ 36]LogModuleManager: Shutting down and abandoning module IOSTargetPlatform (38)
[2017.01.04-09.37.13:186][ 36]LogModuleManager: Shutting down and abandoning module HTML5TargetPlatform (37)
[2017.01.04-09.37.13:186][ 36]LogModuleManager: Shutting down and abandoning module Android_PVRTCTargetPlatform (36)
[2017.01.04-09.37.13:186][ 36]LogModuleManager: Shutting down and abandoning module Android_MultiTargetPlatform (35)
[2017.01.04-09.37.13:186][ 36]LogModuleManager: Shutting down and abandoning module Android_ETC2TargetPlatform (34)
[2017.01.04-09.37.13:186][ 36]LogModuleManager: Shutting down and abandoning module Android_ETC1TargetPlatform (33)
[2017.01.04-09.37.13:186][ 36]LogModuleManager: Shutting down and abandoning module Android_DXTTargetPlatform (32)
[2017.01.04-09.37.13:186][ 36]LogModuleManager: Shutting down and abandoning module Android_ATCTargetPlatform (31)
[2017.01.04-09.37.13:186][ 36]LogModuleManager: Shutting down and abandoning module Android_ASTCTargetPlatform (30)
[2017.01.04-09.37.13:186][ 36]LogModuleManager: Shutting down and abandoning module AndroidTargetPlatform (29)
[2017.01.04-09.37.13:186][ 36]LogModuleManager: Shutting down and abandoning module WindowsTargetPlatform (28)
[2017.01.04-09.37.13:186][ 36]LogModuleManager: Shutting down and abandoning module WindowsServerTargetPlatform (27)
[2017.01.04-09.37.13:186][ 36]LogModuleManager: Shutting down and abandoning module WindowsNoEditorTargetPlatform (26)
[2017.01.04-09.37.13:186][ 36]LogModuleManager: Shutting down and abandoning module WindowsClientTargetPlatform (25)
[2017.01.04-09.37.13:186][ 36]LogModuleManager: Shutting down and abandoning module AllDesktopTargetPlatform (24)
[2017.01.04-09.37.13:186][ 36]LogModuleManager: Shutting down and abandoning module TargetPlatform (23)
[2017.01.04-09.37.13:186][ 36]LogModuleManager: Shutting down and abandoning module InputCore (22)
[2017.01.04-09.37.13:186][ 36]LogModuleManager: Shutting down and abandoning module Settings (21)
[2017.01.04-09.37.13:186][ 36]LogModuleManager: Shutting down and abandoning module OnlineSubsystem (19)
[2017.01.04-09.37.13:186][ 36]LogModuleManager: Shutting down and abandoning module HTTP (18)
[2017.01.04-09.37.13:186][ 36]LogModuleManager: Shutting down and abandoning module XMPP (17)
[2017.01.04-09.37.13:186][ 36]LogModuleManager: Shutting down and abandoning module OculusRift (16)
[2017.01.04-09.37.13:186][ 36]LogModuleManager: Shutting down and abandoning module ExampleDeviceProfileSelector (15)
[2017.01.04-09.37.13:186][ 36]LogModuleManager: Shutting down and abandoning module TextureCompressor (14)
[2017.01.04-09.37.13:186][ 36]LogModuleManager: Shutting down and abandoning module ShaderCore (13)
[2017.01.04-09.37.13:186][ 36]LogModuleManager: Shutting down and abandoning module Landscape (12)
[2017.01.04-09.37.13:186][ 36]LogModuleManager: Shutting down and abandoning module SlateRHIRenderer (11)
[2017.01.04-09.37.13:187][ 36]LogModuleManager: Shutting down and abandoning module OpenGLDrv (10)
[2017.01.04-09.37.13:187][ 36]LogModuleManager: Shutting down and abandoning module D3D11RHI (9)
[2017.01.04-09.37.13:187][ 36]LogModuleManager: Shutting down and abandoning module AnimGraphRuntime (8)
[2017.01.04-09.37.13:187][ 36]LogModuleManager: Shutting down and abandoning module Renderer (7)
[2017.01.04-09.37.13:187][ 36]LogModuleManager: Shutting down and abandoning module Engine (6)
[2017.01.04-09.37.13:187][ 36]LogModuleManager: Shutting down and abandoning module CoreUObject (5)
[2017.01.04-09.37.13:187][ 36]LogModuleManager: Shutting down and abandoning module NetworkFile (4)
[2017.01.04-09.37.13:187][ 36]LogModuleManager: Shutting down and abandoning module StreamingFile (3)
[2017.01.04-09.37.13:187][ 36]LogModuleManager: Shutting down and abandoning module SandboxFile (2)
[2017.01.04-09.37.13:187][ 36]LogModuleManager: Shutting down and abandoning module PakFile (1)
[2017.01.04-09.37.13:189][ 36]LogExit: Exiting.
[2017.01.04-09.37.13:199][ 36]Log file closed, 01/04/17 01:37:13
