Log file open, 12/06/16 00:06:19
LogInit:Display: Running engine for game: MyProject
LogPlatformFile: Not using cached read wrapper
LogInit:Display: RandInit(-458951166) SRandInit(-458951164).
LogTaskGraph: Started task graph with 4 named threads and 7 total threads with 1 sets of task threads.
LogStats: Stats thread started at 0.106854
LogInit: Version: 4.12.5-3039270+++UE4+Release-4.12
LogInit: API Version: 2992821
LogInit: Net Version: 3039270
LogDevObjectVersion: Number of dev versions registered: 13
LogDevObjectVersion:   Dev-Blueprints (B0D832E4-1F89-4F0D-ACCF-7EB736FD4AA2): 3
LogDevObjectVersion:   Dev-Build (E1C64328-A22C-4D53-A36C-8E866417BD8C): 0
LogDevObjectVersion:   Dev-Core (375EC13C-06E4-48FB-B500-84F0262A717E): 1
LogDevObjectVersion:   Dev-Editor (E4B068ED-F494-42E9-A231-DA0B2E46BB41): 2
LogDevObjectVersion:   Dev-Framework (CFFC743F-43B0-4480-9391-14DF171D2073): 6
LogDevObjectVersion:   Dev-Mobile (B02B49B5-BB20-44E9-A304-32B752E40360): 0
LogDevObjectVersion:   Dev-Networking (A4E4105C-59A1-49B5-A7C5-40C4547EDFEE): 0
LogDevObjectVersion:   Dev-Online (39C831C9-5AE6-47DC-9A44-9C173E1C8E7C): 0
LogDevObjectVersion:   Dev-Physics (78F01B33-EBEA-4F98-B9B4-84EACCB95AA2): 0
LogDevObjectVersion:   Dev-Platform (6631380F-2D4D-43E0-8009-CF276956A95A): 0
LogDevObjectVersion:   Dev-Rendering (12F88B9F-8875-4AFC-A67C-D90C383ABD29): 2
LogDevObjectVersion:   Dev-Sequencer (7B5AE74C-D270-4C10-A958-57980B212A5A): 0
LogDevObjectVersion:   Dev-VR (D7296918-1DD6-4BDD-9DE2-64A83CC13884): 0
LogInit: Compiled (64-bit): Jul  6 2016 09:09:46
LogInit: Compiled with Visual C++: 19.00.23026.00
LogInit: Build Configuration: Development
LogInit: Branch Name: ++UE4+Release-4.12
LogInit: Command line:  
LogInit: Base directory: C:/Program Files/Epic Games/4.12/Engine/Binaries/Win64/
LogInit: Installed Engine Build: 1
LogInit: Using libcurl 7.41.0
LogInit:  - built for x86_64-pc-win32
LogInit:  - supports SSL with WinSSL
LogInit:  - other features:
LogInit:      CURL_VERSION_SSL
LogInit:      CURL_VERSION_IPV6
LogInit:      CURL_VERSION_ASYNCHDNS
LogInit:      CURL_VERSION_LARGEFILE
LogInit:      CURL_VERSION_IDN
LogInit:  CurlRequestOptions (configurable via config and command line):
LogInit:  - bVerifyPeer = true  - Libcurl will verify peer certificate
LogInit:  - bUseHttpProxy = false  - Libcurl will NOT use HTTP proxy
LogInit:  - bDontReuseConnections = false  - Libcurl will reuse connections
LogInit:  - CertBundlePath = nullptr  - Libcurl will use whatever was configured at build time.
LogInit: Presizing for max 8388607 objects, including 0 objects not considered by GC, pre-allocating 0 bytes for permanent pool.
LogInit: Object subsystem initialized
[2016.12.06-08.06.19:203][  0]LogInit: Selected Device Profile: [Windows]
[2016.12.06-08.06.19:203][  0]LogInit: Applying CVar settings loaded from the selected device profile: [Windows]
[2016.12.06-08.06.19:220][  0]LogInit: Computer: REDLINE
[2016.12.06-08.06.19:220][  0]LogInit: User: Machinehead
[2016.12.06-08.06.19:220][  0]LogInit: CPU Page size=65536, Cores=4
[2016.12.06-08.06.19:220][  0]LogInit: High frequency timer resolution =3.225826 MHz
[2016.12.06-08.06.19:220][  0]LogMemory: Memory total: Physical=8.0GB (8GB approx)
[2016.12.06-08.06.19:220][  0]LogMemory: Platform Memory Stats for Windows
[2016.12.06-08.06.19:220][  0]LogMemory: Process Physical Memory: 189.84 MB used, 189.84 MB peak
[2016.12.06-08.06.19:220][  0]LogMemory: Process Virtual Memory: 194.88 MB used, 194.88 MB peak
[2016.12.06-08.06.19:220][  0]LogMemory: Physical Memory: 3820.73 MB used, 8154.05 MB total
[2016.12.06-08.06.19:220][  0]LogMemory: Virtual Memory: 538.27 MB used, 134217728.00 MB total
[2016.12.06-08.06.19:389][  0]LogTextLocalizationManager: No specific translations for ('en-US') exist, so ('en') translations will be used.
[2016.12.06-08.06.19:834][  0]LogD3D11RHI: D3D11 adapters:
[2016.12.06-08.06.19:856][  0]LogD3D11RHI:    0. 'NVIDIA GeForce GTX 760' (Feature Level 11_0)
[2016.12.06-08.06.19:856][  0]LogD3D11RHI:       4062/0/4077 MB DedicatedVideo/DedicatedSystem/SharedSystem, Outputs:2, VendorId:0x10de
[2016.12.06-08.06.19:857][  0]LogD3D11RHI:    1. 'Microsoft Basic Render Driver' (Feature Level 11_0)
[2016.12.06-08.06.19:857][  0]LogD3D11RHI:       0/0/4077 MB DedicatedVideo/DedicatedSystem/SharedSystem, Outputs:0, VendorId:0x1414
[2016.12.06-08.06.19:857][  0]LogD3D11RHI: Chosen D3D11 Adapter: 0
[2016.12.06-08.06.19:861][  0]LogD3D11RHI: Creating new Direct3DDevice
[2016.12.06-08.06.19:861][  0]LogD3D11RHI:     GPU DeviceId: 0x1187 (for the marketing name, search the web for "GPU Device Id")
[2016.12.06-08.06.19:861][  0]LogWindows: EnumDisplayDevices:
[2016.12.06-08.06.19:861][  0]LogWindows:    0. 'NVIDIA GeForce GTX 760' (P:1 D:1)
[2016.12.06-08.06.19:861][  0]LogWindows:    1. 'NVIDIA GeForce GTX 760' (P:0 D:1)
[2016.12.06-08.06.19:862][  0]LogWindows:    2. 'NVIDIA GeForce GTX 760' (P:0 D:0)
[2016.12.06-08.06.19:862][  0]LogWindows:    3. 'NVIDIA GeForce GTX 760' (P:0 D:0)
[2016.12.06-08.06.19:862][  0]LogWindows: DebugString: FoundDriverCount:4 
[2016.12.06-08.06.19:862][  0]LogD3D11RHI:     Adapter Name: NVIDIA GeForce GTX 760
[2016.12.06-08.06.19:862][  0]LogD3D11RHI:   Driver Version: 369.09 (internal:21.21.13.6909, unified:369.09)
[2016.12.06-08.06.19:862][  0]LogD3D11RHI:      Driver Date: 8-1-2016
[2016.12.06-08.06.19:862][  0]LogRHI: Texture pool is 1361 MB (70% of 1945 MB)
[2016.12.06-08.06.19:875][  0]LogD3D11RHI: Async texture creation enabled
[2016.12.06-08.06.19:887][  0]LogD3D11RHI: GPU Timing Frequency: 1000.000000 (Debug: 2 1)
[2016.12.06-08.06.19:887][  0]LogShaderCompilers: Guid format shader working directory is -22 characters bigger than the processId version (../../../../../../Users/Machinehead/Documents/Unreal Projects/MyProject/Intermediate/Shaders/WorkingDirectory/7304/).
[2016.12.06-08.06.19:887][  0]LogShaderCompilers: Cleaned the shader compiler working directory 'C:/Users/MACHIN~1/AppData/Local/Temp/UnrealShaderWorkingDir/5F7F901349ABC19E2C2399A63207AE5E/'.
[2016.12.06-08.06.19:887][  0]LogShaderCompilers:Display: Using Local Shader Compiler.
[2016.12.06-08.06.21:194][  0]LogTemp:Display: Loaded TP AllDesktopTargetPlatform
[2016.12.06-08.06.21:211][  0]LogTemp:Display: Loaded TP WindowsClientTargetPlatform
[2016.12.06-08.06.21:229][  0]LogTemp:Display: Loaded TP WindowsNoEditorTargetPlatform
[2016.12.06-08.06.21:247][  0]LogTemp:Display: Loaded TP WindowsServerTargetPlatform
[2016.12.06-08.06.21:265][  0]LogTemp:Display: Loaded TP WindowsTargetPlatform
[2016.12.06-08.06.21:281][  0]LogTemp:Display: Loaded TP AndroidTargetPlatform
[2016.12.06-08.06.21:296][  0]LogTemp:Display: Loaded TP Android_ASTCTargetPlatform
[2016.12.06-08.06.21:312][  0]LogTemp:Display: Loaded TP Android_ATCTargetPlatform
[2016.12.06-08.06.21:327][  0]LogTemp:Display: Loaded TP Android_DXTTargetPlatform
[2016.12.06-08.06.21:343][  0]LogTemp:Display: Loaded TP Android_ETC1TargetPlatform
[2016.12.06-08.06.21:358][  0]LogTemp:Display: Loaded TP Android_ETC2TargetPlatform
[2016.12.06-08.06.21:389][  0]LogTemp:Display: Loaded TP Android_MultiTargetPlatform
[2016.12.06-08.06.21:389][  0]LogTemp:Display: Loaded TP Android_PVRTCTargetPlatform
[2016.12.06-08.06.21:397][  0]LogTemp:Display: Loaded TP HTML5TargetPlatform
[2016.12.06-08.06.21:443][  0]LogTemp:Display: Loaded TP IOSTargetPlatform
[2016.12.06-08.06.21:457][  0]LogTemp:Display: Loaded TP TVOSTargetPlatform
[2016.12.06-08.06.21:471][  0]LogTemp:Display: Loaded TP LinuxNoEditorTargetPlatform
[2016.12.06-08.06.21:485][  0]LogTemp:Display: Loaded TP LinuxServerTargetPlatform
[2016.12.06-08.06.21:501][  0]LogTemp:Display: Loaded TP LinuxTargetPlatform
[2016.12.06-08.06.21:501][  0]LogTargetPlatformManager:Display: Building Assets For Windows
[2016.12.06-08.06.21:834][  0]LogDerivedDataCache:Display: Max Cache Size: 512 MB
[2016.12.06-08.06.21:885][  0]LogDerivedDataCache: Loaded boot cache 0.05s 48MB C:/Users/Machinehead/AppData/Local/UnrealEngine/4.12/DerivedDataCache/Boot.ddc.
[2016.12.06-08.06.21:885][  0]LogDerivedDataCache:Display: Loaded Boot cache: C:/Users/Machinehead/AppData/Local/UnrealEngine/4.12/DerivedDataCache/Boot.ddc
[2016.12.06-08.06.21:885][  0]LogDerivedDataCache: FDerivedDataBackendGraph:  Pak pak cache file ../../../../../../Users/Machinehead/Documents/Unreal Projects/MyProject/DerivedDataCache/DDC.ddp not found, will not use a pak cache.
[2016.12.06-08.06.21:885][  0]LogDerivedDataCache: Unable to find inner node Pak for hierarchical cache Hierarchy.
[2016.12.06-08.06.21:886][  0]LogDerivedDataCache: FDerivedDataBackendGraph:  CompressedPak pak cache file ../../../../../../Users/Machinehead/Documents/Unreal Projects/MyProject/DerivedDataCache/Compressed.ddp not found, will not use a pak cache.
[2016.12.06-08.06.21:886][  0]LogDerivedDataCache: Unable to find inner node CompressedPak for hierarchical cache Hierarchy.
[2016.12.06-08.06.21:904][  0]LogDerivedDataCache:Display: Pak cache opened for reading ../../../Engine/DerivedDataCache/Compressed.ddp.
[2016.12.06-08.06.21:916][  0]LogDerivedDataCache: Using Local data cache path C:/Users/Machinehead/AppData/Local/UnrealEngine/Common/DerivedDataCache: Writable
[2016.12.06-08.06.22:158][  0]LogInit: Selected Device Profile: [Windows]
[2016.12.06-08.06.22:159][  0]LogContentStreaming: Texture pool size is 0.00 MB
[2016.12.06-08.06.22:379][  0]LogMeshUtilities: No automatic mesh reduction module available
[2016.12.06-08.06.22:379][  0]LogMeshUtilities: No automatic mesh merging module available
[2016.12.06-08.06.22:379][  0]LogMeshUtilities: No distributed automatic mesh merging module available
[2016.12.06-08.06.22:693][  0]LogAssetRegistry: FAssetRegistry took 0.0217 seconds to start up
[2016.12.06-08.06.22:743][  0]LogPackageLocalizationCache: Processed 3 localized package path(s) for 2 prioritized culture(s) in 0.045233 seconds
[2016.12.06-08.06.22:748][  0]LogUObjectArray: 28739 objects as part of root set at end of initial load.
[2016.12.06-08.06.22:748][  0]LogUObjectAllocator: 5855632 out of 0 bytes used by permanent object pool.
[2016.12.06-08.06.22:748][  0]LogUObjectArray: CloseDisregardForGC: 0/0 objects in disregard for GC pool
[2016.12.06-08.06.22:767][  0]LogInit: WinSock: version 1.1 (2.2), MaxSocks=32767, MaxUdp=65467
[2016.12.06-08.06.23:636][  0]LogSlate: SlateFontCache - WITH_FREETYPE: 1, WITH_HARFBUZZ: 1
[2016.12.06-08.06.23:636][  0]LogSlate: SlateFontCache - WITH_FREETYPE: 1, WITH_HARFBUZZ: 1
[2016.12.06-08.06.24:674][  0]LogUdpMessaging: Initializing bridge on interface 0.0.0.0:0 to multicast group 230.0.0.1:6666.
[2016.12.06-08.06.25:103][  0]SourceControl: Info Source control is disabled
[2016.12.06-08.06.25:104][  0]SourceControl: Info Source control is disabled
[2016.12.06-08.06.25:144][  0]SourceControl: Info Source control is disabled
[2016.12.06-08.06.25:177][  0]SourceControl: Info Source control is disabled
[2016.12.06-08.06.25:753][  0]LogEngine: Initializing Engine...
[2016.12.06-08.06.25:761][  0]LogHMD: SteamVR failed to initialize.  Err: 110
[2016.12.06-08.06.25:762][  0]LogHMD: SteamVR failed to initialize.  Err: 110
[2016.12.06-08.06.25:929][  0]LogAIModule: Creating AISystem for world NewWorld
[2016.12.06-08.06.25:948][  0]LogInit: XAudio2 using 'D50u-D1-4 (NVIDIA High Definition Audio)' : 2 channels at 48 kHz using 16 bits per sample (channel mask 0x3)
[2016.12.06-08.06.25:966][  0]LogInit: FAudioDevice initialized.
[2016.12.06-08.06.25:996][  0]LogDerivedDataCache: Saved boot cache 0.03s 48MB C:/Users/Machinehead/AppData/Local/UnrealEngine/4.12/DerivedDataCache/Boot.ddc.
[2016.12.06-08.06.26:007][  0]LogInit: Texture streaming: Enabled
[2016.12.06-08.06.26:058][  0]LogInit: Transaction tracking system initialized
[2016.12.06-08.06.26:150][  0]BlueprintLog: New page: Editor Load
[2016.12.06-08.06.26:562][  0]LocalizationService: Info Localization service is disabled
[2016.12.06-08.06.26:784][  0]LogConsoleResponse:Display: 
[2016.12.06-08.06.26:974][  0]LogCook:Display: Max memory allowance for cook 8192mb
[2016.12.06-08.06.26:974][  0]LogCook:Display: Mobile HDR setting 1
[2016.12.06-08.06.27:281][  0]LogFileCache: Scanning file cache for directory 'C:/Users/Machinehead/Documents/Unreal Projects/MyProject/Content/' took 0.03s
[2016.12.06-08.06.27:281][  0]SourceControl: Info Source control is disabled
[2016.12.06-08.06.27:281][  0]Cmd: MAP LOAD FILE="../../../../../../Users/Machinehead/Documents/Unreal Projects/MyProject/Content/ThirdPersonBP/Maps/ThirdPersonExampleMap.umap" TEMPLATE=0 SHOWPROGRESS=1 FEATURELEVEL=3
[2016.12.06-08.06.27:373][  0]LightingResults: New page: Lighting Build
[2016.12.06-08.06.27:379][  0]MapCheck: New page: Map Check
[2016.12.06-08.06.27:379][  0]LightingResults: New page: Lighting Build
[2016.12.06-08.06.29:795][  0]LogAIModule: Creating AISystem for world ThirdPersonExampleMap
[2016.12.06-08.06.29:805][  0]LogEditorServer: Finished looking for orphan Actors (0.000 secs)
[2016.12.06-08.06.29:805][  0]Cmd: MAP CHECKDEP NOCLEARLOG
[2016.12.06-08.06.29:911][  0]MapCheck: Info Map check complete: 0 Error(s), 0 Warning(s), took 106.183ms to complete.
[2016.12.06-08.06.29:911][  0]LogFileHelpers: Loading map 'ThirdPersonExampleMap' took 2.630
[2016.12.06-08.06.30:107][  0]LogCollectionManager: Loaded 0 collections in 0.003993 seconds
[2016.12.06-08.06.30:161][  0]LogFileCache: Scanning file cache for directory 'C:/Users/Machinehead/Documents/Unreal Projects/MyProject/Saved/Collections/' took 0.01s
[2016.12.06-08.06.30:161][  0]LogFileCache: Scanning file cache for directory 'C:/Users/Machinehead/Documents/Unreal Projects/MyProject/Content/Developers/Machinehead/Collections/' took 0.01s
[2016.12.06-08.06.30:161][  0]LogFileCache: Scanning file cache for directory 'C:/Users/Machinehead/Documents/Unreal Projects/MyProject/Content/Collections/' took 0.01s
[2016.12.06-08.06.30:161][  0]LogCollectionManager: Rebuilt the GUID cache for 0 collections in 0.000003 seconds
[2016.12.06-08.06.30:169][  0]LogContentBrowser: Native class hierarchy populated in 0.0081 seconds. Added 2047 classes and 369 folders.
[2016.12.06-08.06.30:175][  0]LogStats: UGameplayTagsManager::ConstructGameplayTagTree: Construct from data asset -  0.000 s
[2016.12.06-08.06.30:175][  0]LogStats: UGameplayTagsManager::ConstructGameplayTagTree: GameplayTagTreeChangedEvent.Broadcast -  0.000 s
[2016.12.06-08.06.30:176][  0]LogContentBrowser: Native class hierarchy updated for 'GameplayTags' in 0.0006 seconds. Added 12 classes and 0 folders.
[2016.12.06-08.06.30:184][  0]LogContentBrowser: Native class hierarchy updated for 'WidgetCarousel' in 0.0004 seconds. Added 0 classes and 0 folders.
[2016.12.06-08.06.30:255][  0]LogContentBrowser: Native class hierarchy updated for 'AddContentDialog' in 0.0005 seconds. Added 0 classes and 0 folders.
[2016.12.06-08.06.30:282][  0]LogContentBrowser: Native class hierarchy updated for 'SceneOutliner' in 0.0005 seconds. Added 1 classes and 2 folders.
[2016.12.06-08.06.30:318][  0]LogCrashTracker: Crashtracker disabled due to settings.
[2016.12.06-08.06.30:322][  0]LogUObjectGlobals:Warning: Failed to find object 'Class None.'
[2016.12.06-08.06.30:366][  0]LogContentBrowser: Native class hierarchy updated for 'HierarchicalLODOutliner' in 0.0005 seconds. Added 1 classes and 2 folders.
[2016.12.06-08.06.30:366][  0]LogLoad: Full Startup: 12.69 seconds (BP compile: 0.13 seconds)
[2016.12.06-08.06.30:366][  0]LogExternalProfiler: No external profilers were discovered.  External profiling features will not be available.
[2016.12.06-08.06.30:376][  0]LogWindowsTextInputMethodSystem:Display: IME system now deactivated.
[2016.12.06-08.06.30:378][  0]LogOcInput: OculusInput pre-init called
[2016.12.06-08.06.30:397][  0]LogContentStreaming: Texture pool size now 1000 MB
[2016.12.06-08.06.30:569][  0]LogRenderer: Reallocating scene render targets to support 2252x1336 (Frame:2).
[2016.12.06-08.06.30:658][  1]LogAssetRegistry: Asset discovery search completed in 7.9875 seconds
[2016.12.06-08.06.30:659][  1]LogCollectionManager: Rebuilt the object cache for 0 collections in 0.000001 seconds (found 0 objects)
[2016.12.06-08.06.30:659][  1]LogCollectionManager: Fixed up redirectors for 0 collections in 0.000025 seconds (updated 0 objects)
[2016.12.06-08.06.46:246][562]LogFactory: FactoryCreateFile: StaticMesh with FbxFactory (0 0 ../../../../../../Users/Machinehead/Desktop/CHR_BoxTest.FBX)
[2016.12.06-08.06.46:368][562]LogFbx: ItemName: GlobalSettings, ItemCount : 1
[2016.12.06-08.06.46:368][562]LogFbx: ItemName: AnimationStack, ItemCount : 1
[2016.12.06-08.06.46:368][562]LogFbx: ItemName: AnimationLayer, ItemCount : 1
[2016.12.06-08.06.46:368][562]LogFbx: ItemName: Model, ItemCount : 83
[2016.12.06-08.06.46:368][562]LogFbx: ItemName: NodeAttribute, ItemCount : 82
[2016.12.06-08.06.46:368][562]LogFbx: ItemName: Geometry, ItemCount : 1
[2016.12.06-08.06.46:368][562]LogFbx: ItemName: AnimationCurve, ItemCount : 9
[2016.12.06-08.06.46:368][562]LogFbx: ItemName: AnimationCurveNode, ItemCount : 3
[2016.12.06-08.06.46:368][562]LogFbx: ItemName: Deformer, ItemCount : 13
[2016.12.06-08.06.46:368][562]LogFbx: ItemName: Pose, ItemCount : 1
[2016.12.06-08.06.46:386][562]LogFbx: Loading FBX Scene from ../../../../../../Users/Machinehead/Desktop/CHR_BoxTest.FBX
[2016.12.06-08.06.46:425][562]LogFbx: FBX Scene Loaded Succesfully
[2016.12.06-08.06.54:832][562]LogFbx: Loading FBX Scene from ../../../../../../Users/Machinehead/Desktop/CHR_BoxTest.FBX
[2016.12.06-08.06.54:856][562]LogFbx: FBX Scene Loaded Succesfully
[2016.12.06-08.06.54:858][562]LogFbx: =================================================
[2016.12.06-08.06.54:858][562]LogFbx: Dumping Node START [Box001] 
[2016.12.06-08.06.54:858][562]LogFbx: 	Total Deformer Count 910793200.
[2016.12.06-08.06.54:858][562]LogFbx: 		[Node 1]  (Type Skin).
[2016.12.06-08.06.54:858][562]LogFbx: =================================================
[2016.12.06-08.06.54:858][562]LogFbx: 	Attribute () Type (4).
[2016.12.06-08.06.54:858][562]LogFbx: 		[Node Attribute Child 1] Box001 (Type Mesh).
[2016.12.06-08.06.54:858][562]LogFbx: Dumping Node END [Box001]
[2016.12.06-08.06.54:859][562]LogFbx: =================================================
[2016.12.06-08.06.54:859][562]LogFbx: Dumping Node START [Box001] 
[2016.12.06-08.06.54:859][562]LogFbx: 	Total Deformer Count 910789056.
[2016.12.06-08.06.54:859][562]LogFbx: 		[Node 1]  (Type Skin).
[2016.12.06-08.06.54:859][562]LogFbx: =================================================
[2016.12.06-08.06.54:859][562]LogFbx: 	Attribute () Type (4).
[2016.12.06-08.06.54:859][562]LogFbx: 		[Node Attribute Child 1] Box001 (Type Mesh).
[2016.12.06-08.06.54:859][562]LogFbx: Dumping Node END [Box001]
[2016.12.06-08.06.54:862][562]LogFbx:Warning: Not valid bind pose for Pose (BIND_POSES) - Node Box001 : The relative matrices do not match
[2016.12.06-08.06.54:862][562]LogFbx:Warning: Getting valid bind pose failed. Try to recreate bind pose
[2016.12.06-08.06.54:862][562]LogFbx: Valid bind pose for Pose (FbxSDKBindPose) - Box001
[2016.12.06-08.06.54:862][562]LogFbx:Warning: Recreating bind pose succeeded.
[2016.12.06-08.06.54:864][562]LogFbx:Warning: Bones digested - 82  Depth of hierarchy - 14
[2016.12.06-08.06.54:865][562]LogSkeletalMesh: Chunk 0: 144 rigid vertices, 0 soft vertices, 6 active bones
[2016.12.06-08.06.54:865][562]LogSkeletalMesh: Section 0: Material=0, Chunk=0, 72 triangles
[2016.12.06-08.06.54:867][562]LogLinker:Warning: Can't find file '/Game/BP/CHR_BoxTest_PhysicsAsset'
[2016.12.06-08.06.54:867][562]LogLinker:Warning: Can't find file '/Game/BP/CHR_BoxTest_PhysicsAsset'
[2016.12.06-08.06.54:867][562]LogUObjectGlobals:Warning: Failed to find object 'Object /Game/BP/CHR_BoxTest_PhysicsAsset.CHR_BoxTest_PhysicsAsset'
[2016.12.06-08.06.54:868][562]LogLinker:Warning: Can't find file '/Game/BP/CHR_BoxTest_Skeleton'
[2016.12.06-08.06.54:869][562]LogLinker:Warning: Can't find file '/Game/BP/CHR_BoxTest_Skeleton'
[2016.12.06-08.06.54:869][562]LogUObjectGlobals:Warning: Failed to find object 'Object /Game/BP/CHR_BoxTest_Skeleton.CHR_BoxTest_Skeleton'
[2016.12.06-08.06.54:872][562]FBXImport:Warning: Warning The following bones are missing from the bind pose:
Bip001 L Finger0  
Bip001 L Finger01  
Bip001 L Finger02  
Bip001 L Finger1  
Bip001 L Finger11  
Bip001 L Finger12  
Bip001 L Finger2  
Bip001 L Finger21  
Bip001 L Finger22  
Bip001 L Finger3  
Bip001 L Finger31  
Bip001 L Finger32  
Bip001 L Finger4  
Bip001 L Finger41  
Bip001 L Finger42  
Bip001 R Finger0  
Bip001 R Finger01  
Bip001 R Finger02  
Bip001 R Finger1  
Bip001 R Finger11  
Bip001 R Finger12  
Bip001 R Finger2  
Bip001 R Finger21  
Bip001 R Finger22  
Bip001 R Finger3  
Bip001 R Finger31  
Bip001 R Finger32  
Bip001 R Finger4  
Bip001 R Finger41  
Bip001 R Finger42  
Bip001 L Toe0  
Bip001 L Toe01  
Bip001 L Toe02  
Bip001 L Toe1  
Bip001 L Toe11  
Bip001 L Toe12  
Bip001 L Toe2  
Bip001 L Toe21  
Bip001 L Toe22  
Bip001 L Toe3  
Bip001 L Toe31  
Bip001 L Toe32  
Bip001 L Toe4  
Bip001 L Toe41  
Bip001 L Toe42  
Bip001 R Toe0  
Bip001 R Toe01  
Bip001 R Toe02  
Bip001 R Toe1  
Bip001 R Toe11  
Bip001 R Toe12  
Bip001 R Toe2  
Bip001 R Toe21  
Bip001 R Toe22  
Bip001 R Toe3  
Bip001 R Toe31  
Bip001 R Toe32  
Bip001 R Toe4  
Bip001 R Toe41  
Bip001 R Toe42  

This can happen for bones that are not vert weighted. If they are not in the correct orientation after importing,
please set the "Use T0 as ref pose" option or add them to the bind pose and reimport the skeletal mesh. 
[2016.12.06-08.07.07:871][779]LogSkeletalMesh: InitArticulated: Bodies already created (/Engine/Transient.DebugSkelMeshComponent_0) - call TermArticulated first.
[2016.12.06-08.07.08:017][779]LogRenderer: Reallocating scene render targets to support 2252x1960 (Frame:950).
[2016.12.06-08.10.40:960][200]LogFactory: FactoryCreateFile: StaticMesh with FbxFactory (0 0 ../../../../../../Users/Machinehead/Desktop/CHR_BoxTest_ANMTest.FBX)
[2016.12.06-08.10.40:973][200]LogFbx: ItemName: GlobalSettings, ItemCount : 1
[2016.12.06-08.10.40:973][200]LogFbx: ItemName: AnimationStack, ItemCount : 1
[2016.12.06-08.10.40:973][200]LogFbx: ItemName: AnimationLayer, ItemCount : 1
[2016.12.06-08.10.40:973][200]LogFbx: ItemName: Model, ItemCount : 67
[2016.12.06-08.10.40:973][200]LogFbx: ItemName: NodeAttribute, ItemCount : 67
[2016.12.06-08.10.40:973][200]LogFbx: ItemName: AnimationCurve, ItemCount : 603
[2016.12.06-08.10.40:973][200]LogFbx: ItemName: AnimationCurveNode, ItemCount : 201
[2016.12.06-08.10.40:978][200]LogFbx: Loading FBX Scene from ../../../../../../Users/Machinehead/Desktop/CHR_BoxTest_ANMTest.FBX
[2016.12.06-08.10.41:016][200]LogFbx: FBX Scene Loaded Succesfully
[2016.12.06-08.10.47:680][200]LogFbx: Loading FBX Scene from ../../../../../../Users/Machinehead/Desktop/CHR_BoxTest_ANMTest.FBX
[2016.12.06-08.10.47:720][200]LogFbx: FBX Scene Loaded Succesfully
[2016.12.06-08.10.47:724][200]LogFbx: SortedLinks :(0) Bip001
[2016.12.06-08.10.47:724][200]LogFbx: SortedLinks :(1) Bip001 Pelvis
[2016.12.06-08.10.47:724][200]LogFbx: SortedLinks :(2) Bip001 Spine
[2016.12.06-08.10.47:724][200]LogFbx: SortedLinks :(3) Bip001 Spine1
[2016.12.06-08.10.47:724][200]LogFbx: SortedLinks :(4) Bip001 Spine2
[2016.12.06-08.10.47:724][200]LogFbx: SortedLinks :(5) Bip001 Spine3
[2016.12.06-08.10.47:724][200]LogFbx: SortedLinks :(6) Bip001 Neck
[2016.12.06-08.10.47:724][200]LogFbx: SortedLinks :(7) Bip001 L Clavicle
[2016.12.06-08.10.47:724][200]LogFbx: SortedLinks :(8) Bip001 L UpperArm
[2016.12.06-08.10.47:724][200]LogFbx: SortedLinks :(9) Bip001 L Forearm
[2016.12.06-08.10.47:724][200]LogFbx: SortedLinks :(10) Bip001 L Hand
[2016.12.06-08.10.47:724][200]LogFbx: SortedLinks :(11) Bip001 L Finger0
[2016.12.06-08.10.47:724][200]LogFbx: SortedLinks :(12) Bip001 L Finger01
[2016.12.06-08.10.47:724][200]LogFbx: SortedLinks :(13) Bip001 L Finger02
[2016.12.06-08.10.47:724][200]LogFbx: SortedLinks :(14) Bip001 L Finger1
[2016.12.06-08.10.47:724][200]LogFbx: SortedLinks :(15) Bip001 L Finger11
[2016.12.06-08.10.47:724][200]LogFbx: SortedLinks :(16) Bip001 L Finger12
[2016.12.06-08.10.47:724][200]LogFbx: SortedLinks :(17) Bip001 L Finger2
[2016.12.06-08.10.47:724][200]LogFbx: SortedLinks :(18) Bip001 L Finger21
[2016.12.06-08.10.47:724][200]LogFbx: SortedLinks :(19) Bip001 L Finger22
[2016.12.06-08.10.47:724][200]LogFbx: SortedLinks :(20) Bip001 L Finger3
[2016.12.06-08.10.47:725][200]LogFbx: SortedLinks :(21) Bip001 L Finger31
[2016.12.06-08.10.47:725][200]LogFbx: SortedLinks :(22) Bip001 L Finger32
[2016.12.06-08.10.47:725][200]LogFbx: SortedLinks :(23) Bip001 L Finger4
[2016.12.06-08.10.47:725][200]LogFbx: SortedLinks :(24) Bip001 L Finger41
[2016.12.06-08.10.47:725][200]LogFbx: SortedLinks :(25) Bip001 L Finger42
[2016.12.06-08.10.47:725][200]LogFbx: SortedLinks :(26) Bip001 R Clavicle
[2016.12.06-08.10.47:725][200]LogFbx: SortedLinks :(27) Bip001 R UpperArm
[2016.12.06-08.10.47:725][200]LogFbx: SortedLinks :(28) Bip001 R Forearm
[2016.12.06-08.10.47:725][200]LogFbx: SortedLinks :(29) Bip001 R Hand
[2016.12.06-08.10.47:725][200]LogFbx: SortedLinks :(30) Bip001 R Finger0
[2016.12.06-08.10.47:725][200]LogFbx: SortedLinks :(31) Bip001 R Finger01
[2016.12.06-08.10.47:725][200]LogFbx: SortedLinks :(32) Bip001 R Finger02
[2016.12.06-08.10.47:725][200]LogFbx: SortedLinks :(33) Bip001 R Finger1
[2016.12.06-08.10.47:725][200]LogFbx: SortedLinks :(34) Bip001 R Finger11
[2016.12.06-08.10.47:725][200]LogFbx: SortedLinks :(35) Bip001 R Finger12
[2016.12.06-08.10.47:725][200]LogFbx: SortedLinks :(36) Bip001 R Finger2
[2016.12.06-08.10.47:725][200]LogFbx: SortedLinks :(37) Bip001 R Finger21
[2016.12.06-08.10.47:725][200]LogFbx: SortedLinks :(38) Bip001 R Finger22
[2016.12.06-08.10.47:725][200]LogFbx: SortedLinks :(39) Bip001 R Finger3
[2016.12.06-08.10.47:725][200]LogFbx: SortedLinks :(40) Bip001 R Finger31
[2016.12.06-08.10.47:725][200]LogFbx: SortedLinks :(41) Bip001 R Finger32
[2016.12.06-08.10.47:725][200]LogFbx: SortedLinks :(42) Bip001 R Finger4
[2016.12.06-08.10.47:725][200]LogFbx: SortedLinks :(43) Bip001 R Finger41
[2016.12.06-08.10.47:725][200]LogFbx: SortedLinks :(44) Bip001 R Finger42
[2016.12.06-08.10.47:725][200]LogFbx: SortedLinks :(45) Bip001 Head
[2016.12.06-08.10.47:725][200]LogFbx: SortedLinks :(46) Bip001 L Thigh
[2016.12.06-08.10.47:725][200]LogFbx: SortedLinks :(47) Bip001 L Calf
[2016.12.06-08.10.47:725][200]LogFbx: SortedLinks :(48) Bip001 L Foot
[2016.12.06-08.10.47:725][200]LogFbx: SortedLinks :(49) Bip001 R Thigh
[2016.12.06-08.10.47:725][200]LogFbx: SortedLinks :(50) Bip001 R Calf
[2016.12.06-08.10.47:725][200]LogFbx: SortedLinks :(51) Bip001 R Foot
[2016.12.06-08.10.47:725][200]LogFbx: SortedLinks :(52) Bip001 R Toe0
[2016.12.06-08.10.47:725][200]LogFbx: SortedLinks :(53) Bip001 R Toe01
[2016.12.06-08.10.47:725][200]LogFbx: SortedLinks :(54) Bip001 R Toe02
[2016.12.06-08.10.47:725][200]LogFbx: SortedLinks :(55) Bip001 R Toe1
[2016.12.06-08.10.47:725][200]LogFbx: SortedLinks :(56) Bip001 R Toe11
[2016.12.06-08.10.47:725][200]LogFbx: SortedLinks :(57) Bip001 R Toe12
[2016.12.06-08.10.47:725][200]LogFbx: SortedLinks :(58) Bip001 R Toe2
[2016.12.06-08.10.47:725][200]LogFbx: SortedLinks :(59) Bip001 R Toe21
[2016.12.06-08.10.47:725][200]LogFbx: SortedLinks :(60) Bip001 R Toe22
[2016.12.06-08.10.47:725][200]LogFbx: SortedLinks :(61) Bip001 R Toe3
[2016.12.06-08.10.47:725][200]LogFbx: SortedLinks :(62) Bip001 R Toe31
[2016.12.06-08.10.47:725][200]LogFbx: SortedLinks :(63) Bip001 R Toe32
[2016.12.06-08.10.47:725][200]LogFbx: SortedLinks :(64) Bip001 R Toe4
[2016.12.06-08.10.47:725][200]LogFbx: SortedLinks :(65) Bip001 R Toe41
[2016.12.06-08.10.47:725][200]LogFbx: SortedLinks :(66) Bip001 R Toe42
[2016.12.06-08.10.47:726][200]LogFbx: Parsing AnimStack Take 001
[2016.12.06-08.10.47:750][200]LogLinker:Warning: Can't find file '/Game/BP/CHR_BoxTest_ANMTest'
[2016.12.06-08.10.47:751][200]LogLinker:Warning: Can't find file '/Game/BP/CHR_BoxTest_ANMTest'
[2016.12.06-08.10.47:751][200]LogUObjectGlobals:Warning: Failed to find object 'Object /Game/BP/CHR_BoxTest_ANMTest.CHR_BoxTest_ANMTest'
[2016.12.06-08.10.48:427][200]LogAnimationCompression: Building Anim DDC data for AnimSequence /Game/BP/CHR_BoxTest_ANMTest.CHR_BoxTest_ANMTest
[2016.12.06-08.10.50:985][287]LogSkeletalMesh: InitArticulated: Bodies already created (/Engine/Transient.DebugSkelMeshComponent_1) - call TermArticulated first.
[2016.12.06-08.10.51:193][287]LogContentBrowser:Verbose: The majority of assets in the view are of type: AnimSequence
[2016.12.06-08.11.07:948][969]LogBlueprintUserMessages: Early PlayInEditor Detection: Level '/Game/ThirdPersonBP/Maps/ThirdPersonExampleMap.ThirdPersonExampleMap:PersistentLevel' has LevelScriptBlueprint '/Game/ThirdPersonBP/Maps/ThirdPersonExampleMap.ThirdPersonExampleMap:PersistentLevel.ThirdPersonExampleMap' with GeneratedClass '/Game/ThirdPersonBP/Maps/ThirdPersonExampleMap.ThirdPersonExampleMap_C' with ClassGeneratedBy '/Game/ThirdPersonBP/Maps/ThirdPersonExampleMap.ThirdPersonExampleMap:PersistentLevel.ThirdPersonExampleMap'
[2016.12.06-08.11.07:948][969]LogPlayLevel: PlayLevel: No blueprints needed recompiling
[2016.12.06-08.11.07:949][969]PIE: New page: PIE session: ThirdPersonExampleMap (Dec 5, 2016, 4:11:07 PM)
[2016.12.06-08.11.07:949][969]LogPlayLevel: Creating play world package: /Game/ThirdPersonBP/Maps/UEDPIE_0_ThirdPersonExampleMap
[2016.12.06-08.11.07:974][969]LogPlayLevel: PIE: StaticDuplicateObject took: (0.024187s)
[2016.12.06-08.11.07:974][969]LogAIModule: Creating AISystem for world ThirdPersonExampleMap
[2016.12.06-08.11.07:975][969]LogPlayLevel: PIE: World Init took: (0.000971s)
[2016.12.06-08.11.07:975][969]LogPlayLevel: PIE: Created PIE world by copying editor world from /Game/ThirdPersonBP/Maps/ThirdPersonExampleMap.ThirdPersonExampleMap to /Game/ThirdPersonBP/Maps/UEDPIE_0_ThirdPersonExampleMap.ThirdPersonExampleMap (0.025596s)
[2016.12.06-08.11.08:022][969]LogInit: XAudio2 using 'D50u-D1-4 (NVIDIA High Definition Audio)' : 2 channels at 48 kHz using 16 bits per sample (channel mask 0x3)
[2016.12.06-08.11.08:028][969]LogInit: FAudioDevice initialized.
[2016.12.06-08.11.08:149][969]LogWorld: Game class is 'ThirdPersonGameMode_C'
[2016.12.06-08.11.08:156][969]LogWorld: Bringing World /Game/ThirdPersonBP/Maps/UEDPIE_0_ThirdPersonExampleMap.ThirdPersonExampleMap up for play (max tick rate 0) at 2016.12.06-00.11.08
[2016.12.06-08.11.08:157][969]LogWorld: Bringing up level for play took: 0.006933
[2016.12.06-08.11.08:163][969]LogContentBrowser: Native class hierarchy updated for 'MovieSceneCapture' in 0.0005 seconds. Added 11 classes and 0 folders.
[2016.12.06-08.11.08:164][969]PIE: Info Play in editor start time for /Game/ThirdPersonBP/Maps/UEDPIE_0_ThirdPersonExampleMap -0.085
[2016.12.06-08.11.08:164][969]LogBlueprintUserMessages: Late PlayInEditor Detection: Level '/Game/ThirdPersonBP/Maps/ThirdPersonExampleMap.ThirdPersonExampleMap:PersistentLevel' has LevelScriptBlueprint '/Game/ThirdPersonBP/Maps/ThirdPersonExampleMap.ThirdPersonExampleMap:PersistentLevel.ThirdPersonExampleMap' with GeneratedClass '/Game/ThirdPersonBP/Maps/ThirdPersonExampleMap.ThirdPersonExampleMap_C' with ClassGeneratedBy '/Game/ThirdPersonBP/Maps/ThirdPersonExampleMap.ThirdPersonExampleMap:PersistentLevel.ThirdPersonExampleMap'
[2016.12.06-08.11.11:941][164]LogBlueprintUserMessages: [BP_LazerBox_38] I'm RED!
[2016.12.06-08.11.15:960][328]LogBlueprintUserMessages: [BP_LazerBox_38] I'm BLUE!
[2016.12.06-08.11.19:963][475]LogBlueprintUserMessages: [BP_LazerBox_38] I'm RED!
[2016.12.06-08.11.21:685][533]Set new viewmode: Lit
[2016.12.06-08.11.22:422][557]Set new viewmode: Unlit
[2016.12.06-08.11.23:108][617]Set new viewmode: Wireframe
[2016.12.06-08.11.23:966][708]LogBlueprintUserMessages: [BP_LazerBox_38] I'm BLUE!
[2016.12.06-08.11.24:587][775]Set new viewmode: Unlit
[2016.12.06-08.11.26:199][924]Set new viewmode: Lit
[2016.12.06-08.11.26:724][941]Set new viewmode: Unlit
[2016.12.06-08.11.27:976][ 53]LogBlueprintUserMessages: [BP_LazerBox_38] I'm RED!
[2016.12.06-08.11.31:986][423]LogBlueprintUserMessages: [BP_LazerBox_38] I'm BLUE!
[2016.12.06-08.11.35:993][786]LogBlueprintUserMessages: [BP_LazerBox_38] I'm RED!
[2016.12.06-08.11.36:069][793]Set new viewmode: Wireframe
[2016.12.06-08.11.36:313][818]Set new viewmode: Unlit
[2016.12.06-08.11.37:217][900]Set new viewmode: Wireframe
[2016.12.06-08.11.38:535][ 38]Set new viewmode: Wireframe
[2016.12.06-08.11.39:106][ 98]Set new viewmode: Unlit
[2016.12.06-08.11.39:996][178]LogBlueprintUserMessages: [BP_LazerBox_38] I'm BLUE!
[2016.12.06-08.11.40:923][261]Set new viewmode: Lit
[2016.12.06-08.11.44:025][331]LogBlueprintUserMessages: [BP_LazerBox_38] I'm RED!
[2016.12.06-08.11.44:528][342]Set new viewmode: Unlit
[2016.12.06-08.11.45:234][396]Set new viewmode: Lit
[2016.12.06-08.11.45:803][408]Error: view mode not recognized: detaillighting
[2016.12.06-08.11.48:044][456]LogBlueprintUserMessages: [BP_LazerBox_38] I'm BLUE!
[2016.12.06-08.11.52:070][542]LogBlueprintUserMessages: [BP_LazerBox_38] I'm RED!
[2016.12.06-08.11.56:082][623]LogBlueprintUserMessages: [BP_LazerBox_38] I'm BLUE!
[2016.12.06-08.12.00:119][700]LogBlueprintUserMessages: [BP_LazerBox_38] I'm RED!
[2016.12.06-08.12.04:169][775]LogBlueprintUserMessages: [BP_LazerBox_38] I'm BLUE!
[2016.12.06-08.12.08:181][858]LogBlueprintUserMessages: [BP_LazerBox_38] I'm RED!
[2016.12.06-08.12.12:234][953]LogBlueprintUserMessages: [BP_LazerBox_38] I'm BLUE!
[2016.12.06-08.12.16:295][ 18]LogBlueprintUserMessages: [BP_LazerBox_38] I'm RED!
[2016.12.06-08.12.19:861][ 71]LogBlueprintUserMessages: Early EndPlayMap Detection: Level '/Game/ThirdPersonBP/Maps/ThirdPersonExampleMap.ThirdPersonExampleMap:PersistentLevel' has LevelScriptBlueprint '/Game/ThirdPersonBP/Maps/ThirdPersonExampleMap.ThirdPersonExampleMap:PersistentLevel.ThirdPersonExampleMap' with GeneratedClass '/Game/ThirdPersonBP/Maps/ThirdPersonExampleMap.ThirdPersonExampleMap_C' with ClassGeneratedBy '/Game/ThirdPersonBP/Maps/ThirdPersonExampleMap.ThirdPersonExampleMap:PersistentLevel.ThirdPersonExampleMap'
[2016.12.06-08.12.20:051][ 71]LogBlueprintUserMessages: Late EndPlayMap Detection: Level '/Game/ThirdPersonBP/Maps/ThirdPersonExampleMap.ThirdPersonExampleMap:PersistentLevel' has LevelScriptBlueprint '/Game/ThirdPersonBP/Maps/ThirdPersonExampleMap.ThirdPersonExampleMap:PersistentLevel.ThirdPersonExampleMap' with GeneratedClass '/Game/ThirdPersonBP/Maps/ThirdPersonExampleMap.ThirdPersonExampleMap_C' with ClassGeneratedBy '/Game/ThirdPersonBP/Maps/ThirdPersonExampleMap.ThirdPersonExampleMap:PersistentLevel.ThirdPersonExampleMap'
[2016.12.06-08.12.23:031][211]LogBlueprintUserMessages: Early PlayInEditor Detection: Level '/Game/ThirdPersonBP/Maps/ThirdPersonExampleMap.ThirdPersonExampleMap:PersistentLevel' has LevelScriptBlueprint '/Game/ThirdPersonBP/Maps/ThirdPersonExampleMap.ThirdPersonExampleMap:PersistentLevel.ThirdPersonExampleMap' with GeneratedClass '/Game/ThirdPersonBP/Maps/ThirdPersonExampleMap.ThirdPersonExampleMap_C' with ClassGeneratedBy '/Game/ThirdPersonBP/Maps/ThirdPersonExampleMap.ThirdPersonExampleMap:PersistentLevel.ThirdPersonExampleMap'
[2016.12.06-08.12.23:031][211]LogPlayLevel: PlayLevel: No blueprints needed recompiling
[2016.12.06-08.12.23:031][211]PIE: New page: PIE session: ThirdPersonExampleMap (Dec 5, 2016, 4:12:23 PM)
[2016.12.06-08.12.23:031][211]LogPlayLevel: Creating play world package: /Game/ThirdPersonBP/Maps/UEDPIE_0_ThirdPersonExampleMap
[2016.12.06-08.12.23:052][211]LogPlayLevel: PIE: StaticDuplicateObject took: (0.021371s)
[2016.12.06-08.12.23:053][211]LogAIModule: Creating AISystem for world ThirdPersonExampleMap
[2016.12.06-08.12.23:053][211]LogPlayLevel: PIE: World Init took: (0.000898s)
[2016.12.06-08.12.23:054][211]LogPlayLevel: PIE: Created PIE world by copying editor world from /Game/ThirdPersonBP/Maps/ThirdPersonExampleMap.ThirdPersonExampleMap to /Game/ThirdPersonBP/Maps/UEDPIE_0_ThirdPersonExampleMap.ThirdPersonExampleMap (0.022539s)
[2016.12.06-08.12.23:083][211]LogInit: XAudio2 using 'D50u-D1-4 (NVIDIA High Definition Audio)' : 2 channels at 48 kHz using 16 bits per sample (channel mask 0x3)
[2016.12.06-08.12.23:088][211]LogInit: FAudioDevice initialized.
[2016.12.06-08.12.23:142][211]LogWorld: Game class is 'ThirdPersonGameMode_C'
[2016.12.06-08.12.23:149][211]LogWorld: Bringing World /Game/ThirdPersonBP/Maps/UEDPIE_0_ThirdPersonExampleMap.ThirdPersonExampleMap up for play (max tick rate 0) at 2016.12.06-00.12.23
[2016.12.06-08.12.23:150][211]LogWorld: Bringing up level for play took: 0.006870
[2016.12.06-08.12.23:151][211]PIE: Info Play in editor start time for /Game/ThirdPersonBP/Maps/UEDPIE_0_ThirdPersonExampleMap 0.902
[2016.12.06-08.12.23:152][211]LogBlueprintUserMessages: Late PlayInEditor Detection: Level '/Game/ThirdPersonBP/Maps/ThirdPersonExampleMap.ThirdPersonExampleMap:PersistentLevel' has LevelScriptBlueprint '/Game/ThirdPersonBP/Maps/ThirdPersonExampleMap.ThirdPersonExampleMap:PersistentLevel.ThirdPersonExampleMap' with GeneratedClass '/Game/ThirdPersonBP/Maps/ThirdPersonExampleMap.ThirdPersonExampleMap_C' with ClassGeneratedBy '/Game/ThirdPersonBP/Maps/ThirdPersonExampleMap.ThirdPersonExampleMap:PersistentLevel.ThirdPersonExampleMap'
[2016.12.06-08.12.27:017][404]LogBlueprintUserMessages: [BP_LazerBox_38] I'm RED!
[2016.12.06-08.12.31:032][558]LogBlueprintUserMessages: [BP_LazerBox_38] I'm BLUE!
[2016.12.06-08.12.34:074][666]LogBlueprintUserMessages: Early EndPlayMap Detection: Level '/Game/ThirdPersonBP/Maps/ThirdPersonExampleMap.ThirdPersonExampleMap:PersistentLevel' has LevelScriptBlueprint '/Game/ThirdPersonBP/Maps/ThirdPersonExampleMap.ThirdPersonExampleMap:PersistentLevel.ThirdPersonExampleMap' with GeneratedClass '/Game/ThirdPersonBP/Maps/ThirdPersonExampleMap.ThirdPersonExampleMap_C' with ClassGeneratedBy '/Game/ThirdPersonBP/Maps/ThirdPersonExampleMap.ThirdPersonExampleMap:PersistentLevel.ThirdPersonExampleMap'
[2016.12.06-08.12.34:147][666]LogBlueprintUserMessages: Late EndPlayMap Detection: Level '/Game/ThirdPersonBP/Maps/ThirdPersonExampleMap.ThirdPersonExampleMap:PersistentLevel' has LevelScriptBlueprint '/Game/ThirdPersonBP/Maps/ThirdPersonExampleMap.ThirdPersonExampleMap:PersistentLevel.ThirdPersonExampleMap' with GeneratedClass '/Game/ThirdPersonBP/Maps/ThirdPersonExampleMap.ThirdPersonExampleMap_C' with ClassGeneratedBy '/Game/ThirdPersonBP/Maps/ThirdPersonExampleMap.ThirdPersonExampleMap:PersistentLevel.ThirdPersonExampleMap'
[2016.12.06-08.12.38:765][783]Cmd: QUIT_EDITOR
[2016.12.06-08.12.39:180][783]LogWindowsTextInputMethodSystem:Display: IME system now deactivated.
[2016.12.06-08.12.39:207][783]LogExit: Preparing to exit.
[2016.12.06-08.12.39:917][783]LogExit: Editor shut down
[2016.12.06-08.12.39:918][783]LogExit: Transaction tracking system shut down
[2016.12.06-08.12.40:029][783]LogObj: Freed 0b from 0 cluster array pools.
[2016.12.06-08.12.40:030][783]LogExit: Object subsystem successfully closed.
[2016.12.06-08.12.40:051][783]LogD3D11RHI: Shutdown
[2016.12.06-08.12.40:051][783]LogD3D11RHI: CleanupD3DDevice
[2016.12.06-08.12.40:132][783]LogD3D11RHI: ~FD3D11DynamicRHI
[2016.12.06-08.12.40:156][783]LogModuleManager: Shutting down and abandoning module MovieSceneCapture (211)
[2016.12.06-08.12.40:156][783]LogModuleManager: Shutting down and abandoning module HierarchicalLODOutliner (210)
[2016.12.06-08.12.40:156][783]LogModuleManager: Shutting down and abandoning module CrashTracker (209)
[2016.12.06-08.12.40:156][783]LogModuleManager: Shutting down and abandoning module SceneOutliner (208)
[2016.12.06-08.12.40:156][783]LogModuleManager: Shutting down and abandoning module WidgetCarousel (207)
[2016.12.06-08.12.40:156][783]LogModuleManager: Shutting down and abandoning module AddContentDialog (206)
[2016.12.06-08.12.40:159][783]LogModuleManager: Shutting down and abandoning module GameplayTags (205)
[2016.12.06-08.12.40:160][783]LogModuleManager: Shutting down and abandoning module EditorWidgets (204)
[2016.12.06-08.12.40:160][783]LogModuleManager: Shutting down and abandoning module CollectionManager (203)
[2016.12.06-08.12.40:160][783]LogModuleManager: Shutting down and abandoning module StatsViewer (202)
[2016.12.06-08.12.40:160][783]LogModuleManager: Shutting down and abandoning module FoliageEdit (201)
[2016.12.06-08.12.40:160][783]LogModuleManager: Shutting down and abandoning module LandscapeEditor (200)
[2016.12.06-08.12.40:160][783]LogModuleManager: Shutting down and abandoning module SceneDepthPickerMode (199)
[2016.12.06-08.12.40:160][783]LogModuleManager: Shutting down and abandoning module ActorPickerMode (198)
[2016.12.06-08.12.40:160][783]LogModuleManager: Shutting down and abandoning module GeometryMode (197)
[2016.12.06-08.12.40:160][783]LogModuleManager: Shutting down and abandoning module TextureAlignMode (196)
[2016.12.06-08.12.40:160][783]LogModuleManager: Shutting down and abandoning module BspMode (195)
[2016.12.06-08.12.40:160][783]LogModuleManager: Shutting down and abandoning module SequenceRecorderSections (194)
[2016.12.06-08.12.40:160][783]LogModuleManager: Shutting down and abandoning module SequenceRecorder (193)
[2016.12.06-08.12.40:160][783]LogModuleManager: Shutting down and abandoning module AutomationWorker (192)
[2016.12.06-08.12.40:160][783]LogModuleManager: Shutting down and abandoning module MatineeToLevelSequence (191)
[2016.12.06-08.12.40:160][783]LogModuleManager: Shutting down and abandoning module PlacementMode (190)
[2016.12.06-08.12.40:160][783]LogModuleManager: Shutting down and abandoning module LevelSequenceEditor (189)
[2016.12.06-08.12.40:160][783]LogModuleManager: Shutting down and abandoning module CharacterAI (188)
[2016.12.06-08.12.40:160][783]LogModuleManager: Shutting down and abandoning module SmartSnapping (187)
[2016.12.06-08.12.40:160][783]LogModuleManager: Shutting down and abandoning module SessionServices (186)
[2016.12.06-08.12.40:160][783]LogModuleManager: Shutting down and abandoning module ViewportSnapping (185)
[2016.12.06-08.12.40:160][783]LogModuleManager: Shutting down and abandoning module LogVisualizer (184)
[2016.12.06-08.12.40:161][783]LogModuleManager: Shutting down and abandoning module GameProjectGeneration (183)
[2016.12.06-08.12.40:161][783]LogModuleManager: Shutting down and abandoning module IntroTutorials (182)
[2016.12.06-08.12.40:161][783]LogModuleManager: Shutting down and abandoning module EditorLiveStreaming (181)
[2016.12.06-08.12.40:161][783]LogModuleManager: Shutting down and abandoning module IOSPlatformEditor (180)
[2016.12.06-08.12.40:161][783]LogModuleManager: Shutting down and abandoning module HTML5PlatformEditor (179)
[2016.12.06-08.12.40:161][783]LogModuleManager: Shutting down and abandoning module AndroidDeviceDetection (178)
[2016.12.06-08.12.40:813][783]LogModuleManager: Shutting down and abandoning module AndroidPlatformEditor (177)
[2016.12.06-08.12.40:813][783]LogModuleManager: Shutting down and abandoning module IOSRuntimeSettings (176)
[2016.12.06-08.12.40:813][783]LogModuleManager: Shutting down and abandoning module AndroidRuntimeSettings (175)
[2016.12.06-08.12.40:813][783]LogModuleManager: Shutting down and abandoning module MergeActors (174)
[2016.12.06-08.12.40:813][783]LogModuleManager: Shutting down and abandoning module SizeMap (173)
[2016.12.06-08.12.40:813][783]LogModuleManager: Shutting down and abandoning module TreeMap (172)
[2016.12.06-08.12.40:813][783]LogModuleManager: Shutting down and abandoning module ReferenceViewer (171)
[2016.12.06-08.12.40:813][783]LogModuleManager: Shutting down and abandoning module LocalizationService (170)
[2016.12.06-08.12.40:813][783]LogModuleManager: Shutting down and abandoning module LocalizationDashboard (169)
[2016.12.06-08.12.40:813][783]LogModuleManager: Shutting down and abandoning module HardwareTargeting (168)
[2016.12.06-08.12.40:813][783]LogModuleManager: Shutting down and abandoning module DeviceProfileEditor (167)
[2016.12.06-08.12.40:813][783]LogModuleManager: Shutting down and abandoning module UndoHistory (166)
[2016.12.06-08.12.40:813][783]LogModuleManager: Shutting down and abandoning module UserFeedback (165)
[2016.12.06-08.12.40:813][783]LogModuleManager: Shutting down and abandoning module XmlParser (164)
[2016.12.06-08.12.40:813][783]LogModuleManager: Shutting down and abandoning module Blutility (163)
[2016.12.06-08.12.40:813][783]LogModuleManager: Shutting down and abandoning module ProjectTargetPlatformEditor (162)
[2016.12.06-08.12.40:813][783]LogModuleManager: Shutting down and abandoning module ProjectSettingsViewer (161)
[2016.12.06-08.12.40:813][783]LogModuleManager: Shutting down and abandoning module InputBindingEditor (160)
[2016.12.06-08.12.40:814][783]LogModuleManager: Shutting down and abandoning module EditorSettingsViewer (159)
[2016.12.06-08.12.40:814][783]LogModuleManager: Shutting down and abandoning module SettingsEditor (158)
[2016.12.06-08.12.40:814][783]LogModuleManager: Shutting down and abandoning module ProjectLauncher (157)
[2016.12.06-08.12.40:814][783]LogModuleManager: Shutting down and abandoning module SessionFrontend (156)
[2016.12.06-08.12.40:814][783]LogModuleManager: Shutting down and abandoning module ProfilerClient (155)
[2016.12.06-08.12.40:814][783]LogModuleManager: Shutting down and abandoning module TargetDeviceServices (154)
[2016.12.06-08.12.40:814][783]LogModuleManager: Shutting down and abandoning module DeviceManager (153)
[2016.12.06-08.12.40:867][783]LogModuleManager: Shutting down and abandoning module AutomationController (152)
[2016.12.06-08.12.40:867][783]LogModuleManager: Shutting down and abandoning module AutomationWindow (151)
[2016.12.06-08.12.40:867][783]LogModuleManager: Shutting down and abandoning module Layers (150)
[2016.12.06-08.12.40:867][783]LogModuleManager: Shutting down and abandoning module ComponentVisualizers (149)
[2016.12.06-08.12.40:867][783]LogModuleManager: Shutting down and abandoning module DetailCustomizations (148)
[2016.12.06-08.12.40:867][783]LogModuleManager: Shutting down and abandoning module PackagesDialog (147)
[2016.12.06-08.12.40:867][783]LogModuleManager: Shutting down and abandoning module Persona (146)
[2016.12.06-08.12.40:867][783]LogModuleManager: Shutting down and abandoning module Kismet (145)
[2016.12.06-08.12.40:867][783]LogModuleManager: Shutting down and abandoning module GraphEditor (144)
[2016.12.06-08.12.40:867][783]LogModuleManager: Shutting down and abandoning module ClassViewer (143)
[2016.12.06-08.12.40:867][783]LogModuleManager: Shutting down and abandoning module Toolbox (142)
[2016.12.06-08.12.40:867][783]LogModuleManager: Shutting down and abandoning module ModuleUI (141)
[2016.12.06-08.12.40:867][783]LogModuleManager: Shutting down and abandoning module MovieSceneTools (140)
[2016.12.06-08.12.40:868][783]LogModuleManager: Shutting down and abandoning module OutputLog (139)
[2016.12.06-08.12.40:868][783]LogModuleManager: Shutting down and abandoning module GammaUI (138)
[2016.12.06-08.12.40:868][783]LogModuleManager: Shutting down and abandoning module Documentation (137)
[2016.12.06-08.12.40:868][783]LogModuleManager: Shutting down and abandoning module StreamingPauseRendering (136)
[2016.12.06-08.12.40:868][783]LogModuleManager: Shutting down and abandoning module PortalServices (135)
[2016.12.06-08.12.40:868][783]LogModuleManager: Shutting down and abandoning module PortalRpc (134)
[2016.12.06-08.12.40:868][783]LogModuleManager: Shutting down and abandoning module MessagingRpc (133)
[2016.12.06-08.12.40:868][783]LogModuleManager: Shutting down and abandoning module GameplayDebugger (132)
[2016.12.06-08.12.40:868][783]LogModuleManager: Shutting down and abandoning module AITestSuite (131)
[2016.12.06-08.12.40:868][783]LogModuleManager: Shutting down and abandoning module AIModule (130)
[2016.12.06-08.12.40:868][783]LogModuleManager: Shutting down and abandoning module ProfilerService (129)
[2016.12.06-08.12.40:879][783]LogModuleManager: Shutting down and abandoning module TaskGraph (128)
[2016.12.06-08.12.40:879][783]LogModuleManager: Shutting down and abandoning module SlateRemote (127)
[2016.12.06-08.12.40:879][783]LogModuleManager: Shutting down and abandoning module SteamVRController (126)
[2016.12.06-08.12.40:879][783]LogModuleManager: Shutting down and abandoning module SteamVR (125)
[2016.12.06-08.12.40:879][783]LogModuleManager: Shutting down and abandoning module ProceduralMeshComponent (124)
[2016.12.06-08.12.40:879][783]LogModuleManager: Shutting down and abandoning module OculusLibrary (123)
[2016.12.06-08.12.40:879][783]LogModuleManager: Shutting down and abandoning module OculusInput (122)
[2016.12.06-08.12.40:879][783]LogModuleManager: Shutting down and abandoning module CustomMeshComponent (121)
[2016.12.06-08.12.40:879][783]LogModuleManager: Shutting down and abandoning module CableComponent (120)
[2016.12.06-08.12.40:879][783]LogModuleManager: Shutting down and abandoning module ArchVisCharacter (119)
[2016.12.06-08.12.40:879][783]LogModuleManager: Shutting down and abandoning module MediaPlayerEditor (118)
[2016.12.06-08.12.40:879][783]LogModuleManager: Shutting down and abandoning module HTML5Networking (117)
[2016.12.06-08.12.40:879][783]LogModuleManager: Shutting down and abandoning module SuperSearch (116)
[2016.12.06-08.12.40:879][783]LogModuleManager: Shutting down and abandoning module SuperSearchEditor (115)
[2016.12.06-08.12.40:879][783]LogModuleManager: Shutting down and abandoning module SpeedTreeImporter (114)
[2016.12.06-08.12.40:879][783]LogModuleManager: Shutting down and abandoning module PluginBrowser (113)
[2016.12.06-08.12.40:879][783]LogModuleManager: Shutting down and abandoning module EpicSurvey (112)
[2016.12.06-08.12.40:879][783]LogModuleManager: Shutting down and abandoning module DesktopPlatform (111)
[2016.12.06-08.12.40:879][783]LogModuleManager: Shutting down and abandoning module VisualStudioSourceCodeAccess (110)
[2016.12.06-08.12.40:879][783]LogModuleManager: Shutting down and abandoning module UObjectPlugin (109)
[2016.12.06-08.12.40:879][783]LogModuleManager: Shutting down and abandoning module SubversionSourceControl (108)
[2016.12.06-08.12.40:879][783]LogModuleManager: Shutting down and abandoning module PerforceSourceControl (107)
[2016.12.06-08.12.40:880][783]LogModuleManager: Shutting down and abandoning module SourceControl (106)
[2016.12.06-08.12.40:880][783]LogModuleManager: Shutting down and abandoning module GitSourceControl (105)
[2016.12.06-08.12.40:880][783]LogModuleManager: Shutting down and abandoning module LightPropagationVolumeEditor (104)
[2016.12.06-08.12.40:880][783]LogModuleManager: Shutting down and abandoning module PaperTiledImporter (103)
[2016.12.06-08.12.40:880][783]LogModuleManager: Shutting down and abandoning module PaperSpriteSheetImporter (102)
[2016.12.06-08.12.40:880][783]LogModuleManager: Shutting down and abandoning module MeshPaint (101)
[2016.12.06-08.12.40:880][783]LogModuleManager: Shutting down and abandoning module PixelInspectorModule (100)
[2016.12.06-08.12.40:880][783]LogModuleManager: Shutting down and abandoning module HotReload (99)
[2016.12.06-08.12.40:880][783]LogModuleManager: Shutting down and abandoning module MainFrame (98)
[2016.12.06-08.12.40:880][783]LogModuleManager: Shutting down and abandoning module LevelEditor (97)
[2016.12.06-08.12.40:881][783]LogModuleManager: Shutting down and abandoning module ContentBrowser (96)
[2016.12.06-08.12.40:881][783]LogModuleManager: Shutting down and abandoning module Paper2DEditor (95)
[2016.12.06-08.12.40:881][783]LogModuleManager: Shutting down and abandoning module UdpMessaging (94)
[2016.12.06-08.12.40:982][783]LogModuleManager: Shutting down and abandoning module LightPropagationVolumeRuntime (93)
[2016.12.06-08.12.40:982][783]LogModuleManager: Shutting down and abandoning module Paper2D (92)
[2016.12.06-08.12.40:982][783]LogModuleManager: Shutting down and abandoning module WindowsMoviePlayer (91)
[2016.12.06-08.12.40:982][783]LogModuleManager: Shutting down and abandoning module Media (90)
[2016.12.06-08.12.40:982][783]LogModuleManager: Shutting down and abandoning module WmfMedia (89)
[2016.12.06-08.12.40:982][783]LogModuleManager: Shutting down and abandoning module MediaAssets (88)
[2016.12.06-08.12.40:982][783]LogModuleManager: Shutting down and abandoning module GameLiveStreaming (87)
[2016.12.06-08.12.40:982][783]LogModuleManager: Shutting down and abandoning module GameplayTagsEditor (86)
[2016.12.06-08.12.40:982][783]LogModuleManager: Shutting down and abandoning module OnlineBlueprintSupport (85)
[2016.12.06-08.12.40:982][783]LogModuleManager: Shutting down and abandoning module VREditor (84)
[2016.12.06-08.12.40:982][783]LogModuleManager: Shutting down and abandoning module GameplayTasksEditor (83)
[2016.12.06-08.12.40:982][783]LogModuleManager: Shutting down and abandoning module PropertyEditor (82)
[2016.12.06-08.12.40:982][783]LogModuleManager: Shutting down and abandoning module BehaviorTreeEditor (81)
[2016.12.06-08.12.40:982][783]LogModuleManager: Shutting down and abandoning module FunctionalTesting (80)
[2016.12.06-08.12.40:982][783]LogModuleManager: Shutting down and abandoning module CollisionAnalyzer (79)
[2016.12.06-08.12.40:982][783]LogModuleManager: Shutting down and abandoning module Sequencer (78)
[2016.12.06-08.12.40:982][783]LogModuleManager: Shutting down and abandoning module WorkspaceMenuStructure (77)
[2016.12.06-08.12.40:982][783]LogModuleManager: Shutting down and abandoning module MessageLog (76)
[2016.12.06-08.12.40:982][783]LogModuleManager: Shutting down and abandoning module AssetTools (75)
[2016.12.06-08.12.40:982][783]LogModuleManager: Shutting down and abandoning module UMGEditor (74)
[2016.12.06-08.12.40:982][783]LogModuleManager: Shutting down and abandoning module UMG (73)
[2016.12.06-08.12.40:982][783]LogModuleManager: Shutting down and abandoning module SlateReflector (72)
[2016.12.06-08.12.40:982][783]LogModuleManager: Shutting down and abandoning module Slate (71)
[2016.12.06-08.12.40:982][783]LogModuleManager: Shutting down and abandoning module EditorStyle (70)
[2016.12.06-08.12.40:985][783]LogModuleManager: Shutting down and abandoning module SourceCodeAccess (69)
[2016.12.06-08.12.40:985][783]LogModuleManager: Shutting down and abandoning module HeadMountedDisplay (68)
[2016.12.06-08.12.40:985][783]LogModuleManager: Shutting down and abandoning module XAudio2 (67)
[2016.12.06-08.12.40:985][783]LogModuleManager: Shutting down and abandoning module Networking (65)
[2016.12.06-08.12.40:985][783]LogModuleManager: Shutting down and abandoning module Core (64)
[2016.12.06-08.12.40:985][783]LogModuleManager: Shutting down and abandoning module DirectoryWatcher (63)
[2016.12.06-08.12.40:986][783]LogModuleManager: Shutting down and abandoning module AssetRegistry (62)
[2016.12.06-08.12.41:109][783]LogModuleManager: Shutting down and abandoning module KismetCompiler (61)
[2016.12.06-08.12.41:109][783]LogModuleManager: Shutting down and abandoning module PhysXFormats (60)
[2016.12.06-08.12.41:109][783]LogModuleManager: Shutting down and abandoning module MeshUtilities (59)
[2016.12.06-08.12.41:109][783]LogModuleManager: Shutting down and abandoning module DerivedDataCache (58)
[2016.12.06-08.12.41:148][783]LogDerivedDataCache: Shutdown
[2016.12.06-08.12.41:148][783]LogModuleManager: Shutting down and abandoning module VulkanShaderFormat (57)
[2016.12.06-08.12.41:148][783]LogModuleManager: Shutting down and abandoning module ShaderFormatOpenGL (56)
[2016.12.06-08.12.41:148][783]LogModuleManager: Shutting down and abandoning module ShaderFormatD3D (55)
[2016.12.06-08.12.41:148][783]LogModuleManager: Shutting down and abandoning module MetalShaderFormat (54)
[2016.12.06-08.12.41:148][783]LogModuleManager: Shutting down and abandoning module TextureFormatUncompressed (53)
[2016.12.06-08.12.41:148][783]LogModuleManager: Shutting down and abandoning module TextureFormatPVR (52)
[2016.12.06-08.12.41:148][783]LogModuleManager: Shutting down and abandoning module TextureFormatIntelISPCTexComp (51)
[2016.12.06-08.12.41:148][783]LogModuleManager: Shutting down and abandoning module TextureFormatDXT (50)
[2016.12.06-08.12.41:148][783]LogModuleManager: Shutting down and abandoning module ImageWrapper (49)
[2016.12.06-08.12.41:148][783]LogModuleManager: Shutting down and abandoning module TextureFormatASTC (48)
[2016.12.06-08.12.41:149][783]LogModuleManager: Shutting down and abandoning module TextureFormatAndroid (47)
[2016.12.06-08.12.41:149][783]LogModuleManager: Shutting down and abandoning module AudioFormatOpus (46)
[2016.12.06-08.12.41:149][783]LogModuleManager: Shutting down and abandoning module AudioFormatOgg (45)
[2016.12.06-08.12.41:149][783]LogModuleManager: Shutting down and abandoning module AudioFormatADPCM (44)
[2016.12.06-08.12.41:149][783]LogModuleManager: Shutting down and abandoning module LinuxTargetPlatform (43)
[2016.12.06-08.12.41:149][783]LogModuleManager: Shutting down and abandoning module LinuxServerTargetPlatform (42)
[2016.12.06-08.12.41:149][783]LogModuleManager: Shutting down and abandoning module LinuxNoEditorTargetPlatform (41)
[2016.12.06-08.12.41:149][783]LogModuleManager: Shutting down and abandoning module TVOSTargetPlatform (40)
[2016.12.06-08.12.41:149][783]LogModuleManager: Shutting down and abandoning module Messaging (39)
[2016.12.06-08.12.41:149][783]LogModuleManager: Shutting down and abandoning module IOSTargetPlatform (38)
[2016.12.06-08.12.41:149][783]LogModuleManager: Shutting down and abandoning module HTML5TargetPlatform (37)
[2016.12.06-08.12.41:149][783]LogModuleManager: Shutting down and abandoning module Android_PVRTCTargetPlatform (36)
[2016.12.06-08.12.41:149][783]LogModuleManager: Shutting down and abandoning module Android_MultiTargetPlatform (35)
[2016.12.06-08.12.41:149][783]LogModuleManager: Shutting down and abandoning module Android_ETC2TargetPlatform (34)
[2016.12.06-08.12.41:149][783]LogModuleManager: Shutting down and abandoning module Android_ETC1TargetPlatform (33)
[2016.12.06-08.12.41:149][783]LogModuleManager: Shutting down and abandoning module Android_DXTTargetPlatform (32)
[2016.12.06-08.12.41:149][783]LogModuleManager: Shutting down and abandoning module Android_ATCTargetPlatform (31)
[2016.12.06-08.12.41:149][783]LogModuleManager: Shutting down and abandoning module Android_ASTCTargetPlatform (30)
[2016.12.06-08.12.41:149][783]LogModuleManager: Shutting down and abandoning module AndroidTargetPlatform (29)
[2016.12.06-08.12.41:149][783]LogModuleManager: Shutting down and abandoning module WindowsTargetPlatform (28)
[2016.12.06-08.12.41:149][783]LogModuleManager: Shutting down and abandoning module WindowsServerTargetPlatform (27)
[2016.12.06-08.12.41:149][783]LogModuleManager: Shutting down and abandoning module WindowsNoEditorTargetPlatform (26)
[2016.12.06-08.12.41:149][783]LogModuleManager: Shutting down and abandoning module WindowsClientTargetPlatform (25)
[2016.12.06-08.12.41:149][783]LogModuleManager: Shutting down and abandoning module AllDesktopTargetPlatform (24)
[2016.12.06-08.12.41:149][783]LogModuleManager: Shutting down and abandoning module TargetPlatform (23)
[2016.12.06-08.12.41:149][783]LogModuleManager: Shutting down and abandoning module InputCore (22)
[2016.12.06-08.12.41:149][783]LogModuleManager: Shutting down and abandoning module Settings (21)
[2016.12.06-08.12.41:149][783]LogModuleManager: Shutting down and abandoning module OnlineSubsystem (19)
[2016.12.06-08.12.41:149][783]LogModuleManager: Shutting down and abandoning module HTTP (18)
[2016.12.06-08.12.41:149][783]LogModuleManager: Shutting down and abandoning module XMPP (17)
[2016.12.06-08.12.41:149][783]LogModuleManager: Shutting down and abandoning module OculusRift (16)
[2016.12.06-08.12.41:149][783]LogModuleManager: Shutting down and abandoning module ExampleDeviceProfileSelector (15)
[2016.12.06-08.12.41:149][783]LogModuleManager: Shutting down and abandoning module TextureCompressor (14)
[2016.12.06-08.12.41:149][783]LogModuleManager: Shutting down and abandoning module ShaderCore (13)
[2016.12.06-08.12.41:149][783]LogModuleManager: Shutting down and abandoning module Landscape (12)
[2016.12.06-08.12.41:149][783]LogModuleManager: Shutting down and abandoning module SlateRHIRenderer (11)
[2016.12.06-08.12.41:151][783]LogModuleManager: Shutting down and abandoning module OpenGLDrv (10)
[2016.12.06-08.12.41:151][783]LogModuleManager: Shutting down and abandoning module D3D11RHI (9)
[2016.12.06-08.12.41:151][783]LogModuleManager: Shutting down and abandoning module AnimGraphRuntime (8)
[2016.12.06-08.12.41:151][783]LogModuleManager: Shutting down and abandoning module Renderer (7)
[2016.12.06-08.12.41:151][783]LogModuleManager: Shutting down and abandoning module Engine (6)
[2016.12.06-08.12.41:151][783]LogModuleManager: Shutting down and abandoning module CoreUObject (5)
[2016.12.06-08.12.41:151][783]LogModuleManager: Shutting down and abandoning module NetworkFile (4)
[2016.12.06-08.12.41:151][783]LogModuleManager: Shutting down and abandoning module StreamingFile (3)
[2016.12.06-08.12.41:151][783]LogModuleManager: Shutting down and abandoning module SandboxFile (2)
[2016.12.06-08.12.41:151][783]LogModuleManager: Shutting down and abandoning module PakFile (1)
[2016.12.06-08.12.41:153][783]LogExit: Exiting.
[2016.12.06-08.12.41:164][783]Log file closed, 12/06/16 00:12:41
