Log file open, 01/04/17 01:14:06
LogInit:Display: Running engine for game: MyProject
LogPlatformFile: Not using cached read wrapper
LogInit:Display: RandInit(1493179114) SRandInit(1493179116).
LogTaskGraph: Started task graph with 4 named threads and 7 total threads with 1 sets of task threads.
LogStats: Stats thread started at 0.088562
LogInit: Version: 4.12.5-3039270+++UE4+Release-4.12
LogInit: API Version: 2992821
LogInit: Net Version: 3039270
LogDevObjectVersion: Number of dev versions registered: 13
LogDevObjectVersion:   Dev-Blueprints (B0D832E4-1F89-4F0D-ACCF-7EB736FD4AA2): 3
LogDevObjectVersion:   Dev-Build (E1C64328-A22C-4D53-A36C-8E866417BD8C): 0
LogDevObjectVersion:   Dev-Core (375EC13C-06E4-48FB-B500-84F0262A717E): 1
LogDevObjectVersion:   Dev-Editor (E4B068ED-F494-42E9-A231-DA0B2E46BB41): 2
LogDevObjectVersion:   Dev-Framework (CFFC743F-43B0-4480-9391-14DF171D2073): 6
LogDevObjectVersion:   Dev-Mobile (B02B49B5-BB20-44E9-A304-32B752E40360): 0
LogDevObjectVersion:   Dev-Networking (A4E4105C-59A1-49B5-A7C5-40C4547EDFEE): 0
LogDevObjectVersion:   Dev-Online (39C831C9-5AE6-47DC-9A44-9C173E1C8E7C): 0
LogDevObjectVersion:   Dev-Physics (78F01B33-EBEA-4F98-B9B4-84EACCB95AA2): 0
LogDevObjectVersion:   Dev-Platform (6631380F-2D4D-43E0-8009-CF276956A95A): 0
LogDevObjectVersion:   Dev-Rendering (12F88B9F-8875-4AFC-A67C-D90C383ABD29): 2
LogDevObjectVersion:   Dev-Sequencer (7B5AE74C-D270-4C10-A958-57980B212A5A): 0
LogDevObjectVersion:   Dev-VR (D7296918-1DD6-4BDD-9DE2-64A83CC13884): 0
LogInit: Compiled (64-bit): Jul  6 2016 09:09:46
LogInit: Compiled with Visual C++: 19.00.23026.00
LogInit: Build Configuration: Development
LogInit: Branch Name: ++UE4+Release-4.12
LogInit: Command line:  
LogInit: Base directory: C:/Program Files/Epic Games/4.12/Engine/Binaries/Win64/
LogInit: Installed Engine Build: 1
LogInit: Using libcurl 7.41.0
LogInit:  - built for x86_64-pc-win32
LogInit:  - supports SSL with WinSSL
LogInit:  - other features:
LogInit:      CURL_VERSION_SSL
LogInit:      CURL_VERSION_IPV6
LogInit:      CURL_VERSION_ASYNCHDNS
LogInit:      CURL_VERSION_LARGEFILE
LogInit:      CURL_VERSION_IDN
LogInit:  CurlRequestOptions (configurable via config and command line):
LogInit:  - bVerifyPeer = true  - Libcurl will verify peer certificate
LogInit:  - bUseHttpProxy = false  - Libcurl will NOT use HTTP proxy
LogInit:  - bDontReuseConnections = false  - Libcurl will reuse connections
LogInit:  - CertBundlePath = nullptr  - Libcurl will use whatever was configured at build time.
LogInit: Presizing for max 8388607 objects, including 0 objects not considered by GC, pre-allocating 0 bytes for permanent pool.
LogInit: Object subsystem initialized
[2017.01.04-09.14.07:083][  0]LogInit: Selected Device Profile: [Windows]
[2017.01.04-09.14.07:083][  0]LogInit: Applying CVar settings loaded from the selected device profile: [Windows]
[2017.01.04-09.14.07:119][  0]LogInit: Computer: REDLINE
[2017.01.04-09.14.07:119][  0]LogInit: User: Machinehead
[2017.01.04-09.14.07:119][  0]LogInit: CPU Page size=65536, Cores=4
[2017.01.04-09.14.07:119][  0]LogInit: High frequency timer resolution =3.225831 MHz
[2017.01.04-09.14.07:119][  0]LogMemory: Memory total: Physical=8.0GB (8GB approx)
[2017.01.04-09.14.07:119][  0]LogMemory: Platform Memory Stats for Windows
[2017.01.04-09.14.07:119][  0]LogMemory: Process Physical Memory: 189.82 MB used, 189.82 MB peak
[2017.01.04-09.14.07:119][  0]LogMemory: Process Virtual Memory: 194.89 MB used, 194.89 MB peak
[2017.01.04-09.14.07:119][  0]LogMemory: Physical Memory: 3304.89 MB used, 8154.05 MB total
[2017.01.04-09.14.07:119][  0]LogMemory: Virtual Memory: 538.27 MB used, 134217728.00 MB total
[2017.01.04-09.14.07:154][  0]LogTextLocalizationManager: No specific translations for ('en-US') exist, so ('en') translations will be used.
[2017.01.04-09.14.07:583][  0]LogD3D11RHI: D3D11 adapters:
[2017.01.04-09.14.07:608][  0]LogD3D11RHI:    0. 'NVIDIA GeForce GTX 760' (Feature Level 11_0)
[2017.01.04-09.14.07:608][  0]LogD3D11RHI:       4062/0/4077 MB DedicatedVideo/DedicatedSystem/SharedSystem, Outputs:2, VendorId:0x10de
[2017.01.04-09.14.07:610][  0]LogD3D11RHI:    1. 'Microsoft Basic Render Driver' (Feature Level 11_0)
[2017.01.04-09.14.07:610][  0]LogD3D11RHI:       0/0/4077 MB DedicatedVideo/DedicatedSystem/SharedSystem, Outputs:0, VendorId:0x1414
[2017.01.04-09.14.07:610][  0]LogD3D11RHI: Chosen D3D11 Adapter: 0
[2017.01.04-09.14.07:614][  0]LogD3D11RHI: Creating new Direct3DDevice
[2017.01.04-09.14.07:614][  0]LogD3D11RHI:     GPU DeviceId: 0x1187 (for the marketing name, search the web for "GPU Device Id")
[2017.01.04-09.14.07:614][  0]LogWindows: EnumDisplayDevices:
[2017.01.04-09.14.07:614][  0]LogWindows:    0. 'NVIDIA GeForce GTX 760' (P:0 D:1)
[2017.01.04-09.14.07:614][  0]LogWindows:    1. 'NVIDIA GeForce GTX 760' (P:1 D:1)
[2017.01.04-09.14.07:615][  0]LogWindows:    2. 'NVIDIA GeForce GTX 760' (P:0 D:0)
[2017.01.04-09.14.07:615][  0]LogWindows:    3. 'NVIDIA GeForce GTX 760' (P:0 D:0)
[2017.01.04-09.14.07:615][  0]LogWindows: DebugString: FoundDriverCount:4 
[2017.01.04-09.14.07:615][  0]LogD3D11RHI:     Adapter Name: NVIDIA GeForce GTX 760
[2017.01.04-09.14.07:615][  0]LogD3D11RHI:   Driver Version: 369.09 (internal:21.21.13.6909, unified:369.09)
[2017.01.04-09.14.07:615][  0]LogD3D11RHI:      Driver Date: 8-1-2016
[2017.01.04-09.14.07:615][  0]LogRHI: Texture pool is 1361 MB (70% of 1945 MB)
[2017.01.04-09.14.07:627][  0]LogD3D11RHI: Async texture creation enabled
[2017.01.04-09.14.07:643][  0]LogD3D11RHI: GPU Timing Frequency: 1000.000000 (Debug: 2 2)
[2017.01.04-09.14.07:643][  0]LogShaderCompilers: Guid format shader working directory is -22 characters bigger than the processId version (../../../../../../Users/Machinehead/Documents/Unreal Projects/MyProject/Intermediate/Shaders/WorkingDirectory/8372/).
[2017.01.04-09.14.07:643][  0]LogShaderCompilers: Cleaned the shader compiler working directory 'C:/Users/MACHIN~1/AppData/Local/Temp/UnrealShaderWorkingDir/50A750764DEF95199CF9CBBD5EEC7961/'.
[2017.01.04-09.14.07:643][  0]LogShaderCompilers:Display: Using Local Shader Compiler.
[2017.01.04-09.14.08:693][  0]LogTemp:Display: Loaded TP AllDesktopTargetPlatform
[2017.01.04-09.14.08:705][  0]LogTemp:Display: Loaded TP WindowsClientTargetPlatform
[2017.01.04-09.14.08:717][  0]LogTemp:Display: Loaded TP WindowsNoEditorTargetPlatform
[2017.01.04-09.14.08:729][  0]LogTemp:Display: Loaded TP WindowsServerTargetPlatform
[2017.01.04-09.14.08:741][  0]LogTemp:Display: Loaded TP WindowsTargetPlatform
[2017.01.04-09.14.08:751][  0]LogTemp:Display: Loaded TP AndroidTargetPlatform
[2017.01.04-09.14.08:760][  0]LogTemp:Display: Loaded TP Android_ASTCTargetPlatform
[2017.01.04-09.14.08:769][  0]LogTemp:Display: Loaded TP Android_ATCTargetPlatform
[2017.01.04-09.14.08:778][  0]LogTemp:Display: Loaded TP Android_DXTTargetPlatform
[2017.01.04-09.14.08:787][  0]LogTemp:Display: Loaded TP Android_ETC1TargetPlatform
[2017.01.04-09.14.08:797][  0]LogTemp:Display: Loaded TP Android_ETC2TargetPlatform
[2017.01.04-09.14.08:815][  0]LogTemp:Display: Loaded TP Android_MultiTargetPlatform
[2017.01.04-09.14.08:815][  0]LogTemp:Display: Loaded TP Android_PVRTCTargetPlatform
[2017.01.04-09.14.08:816][  0]LogTemp:Display: Loaded TP HTML5TargetPlatform
[2017.01.04-09.14.08:840][  0]LogTemp:Display: Loaded TP IOSTargetPlatform
[2017.01.04-09.14.08:849][  0]LogTemp:Display: Loaded TP TVOSTargetPlatform
[2017.01.04-09.14.08:857][  0]LogTemp:Display: Loaded TP LinuxNoEditorTargetPlatform
[2017.01.04-09.14.08:865][  0]LogTemp:Display: Loaded TP LinuxServerTargetPlatform
[2017.01.04-09.14.08:874][  0]LogTemp:Display: Loaded TP LinuxTargetPlatform
[2017.01.04-09.14.08:874][  0]LogTargetPlatformManager:Display: Building Assets For Windows
[2017.01.04-09.14.09:003][  0]LogDerivedDataCache:Display: Max Cache Size: 512 MB
[2017.01.04-09.14.09:054][  0]LogDerivedDataCache: Loaded boot cache 0.05s 48MB C:/Users/Machinehead/AppData/Local/UnrealEngine/4.12/DerivedDataCache/Boot.ddc.
[2017.01.04-09.14.09:054][  0]LogDerivedDataCache:Display: Loaded Boot cache: C:/Users/Machinehead/AppData/Local/UnrealEngine/4.12/DerivedDataCache/Boot.ddc
[2017.01.04-09.14.09:054][  0]LogDerivedDataCache: FDerivedDataBackendGraph:  Pak pak cache file ../../../../../../Users/Machinehead/Documents/Unreal Projects/MyProject/DerivedDataCache/DDC.ddp not found, will not use a pak cache.
[2017.01.04-09.14.09:054][  0]LogDerivedDataCache: Unable to find inner node Pak for hierarchical cache Hierarchy.
[2017.01.04-09.14.09:054][  0]LogDerivedDataCache: FDerivedDataBackendGraph:  CompressedPak pak cache file ../../../../../../Users/Machinehead/Documents/Unreal Projects/MyProject/DerivedDataCache/Compressed.ddp not found, will not use a pak cache.
[2017.01.04-09.14.09:054][  0]LogDerivedDataCache: Unable to find inner node CompressedPak for hierarchical cache Hierarchy.
[2017.01.04-09.14.09:072][  0]LogDerivedDataCache:Display: Pak cache opened for reading ../../../Engine/DerivedDataCache/Compressed.ddp.
[2017.01.04-09.14.09:084][  0]LogDerivedDataCache: Using Local data cache path C:/Users/Machinehead/AppData/Local/UnrealEngine/Common/DerivedDataCache: Writable
[2017.01.04-09.14.09:309][  0]LogInit: Selected Device Profile: [Windows]
[2017.01.04-09.14.09:310][  0]LogContentStreaming: Texture pool size is 0.00 MB
[2017.01.04-09.14.09:514][  0]LogMeshUtilities: No automatic mesh reduction module available
[2017.01.04-09.14.09:514][  0]LogMeshUtilities: No automatic mesh merging module available
[2017.01.04-09.14.09:514][  0]LogMeshUtilities: No distributed automatic mesh merging module available
[2017.01.04-09.14.09:799][  0]LogAssetRegistry: FAssetRegistry took 0.0214 seconds to start up
[2017.01.04-09.14.10:006][  0]LogPackageLocalizationCache: Processed 3 localized package path(s) for 2 prioritized culture(s) in 0.202192 seconds
[2017.01.04-09.14.10:015][  0]LogUObjectArray: 28739 objects as part of root set at end of initial load.
[2017.01.04-09.14.10:015][  0]LogUObjectAllocator: 5855632 out of 0 bytes used by permanent object pool.
[2017.01.04-09.14.10:015][  0]LogUObjectArray: CloseDisregardForGC: 0/0 objects in disregard for GC pool
[2017.01.04-09.14.10:030][  0]LogInit: WinSock: version 1.1 (2.2), MaxSocks=32767, MaxUdp=65467
[2017.01.04-09.14.10:261][  0]LogSlate: SlateFontCache - WITH_FREETYPE: 1, WITH_HARFBUZZ: 1
[2017.01.04-09.14.10:261][  0]LogSlate: SlateFontCache - WITH_FREETYPE: 1, WITH_HARFBUZZ: 1
[2017.01.04-09.14.11:191][  0]LogUdpMessaging: Initializing bridge on interface 0.0.0.0:0 to multicast group 230.0.0.1:6666.
[2017.01.04-09.14.11:487][  0]SourceControl: Info Source control is disabled
[2017.01.04-09.14.11:488][  0]SourceControl: Info Source control is disabled
[2017.01.04-09.14.11:504][  0]SourceControl: Info Source control is disabled
[2017.01.04-09.14.11:519][  0]SourceControl: Info Source control is disabled
[2017.01.04-09.14.11:872][  0]LogEngine: Initializing Engine...
[2017.01.04-09.14.11:873][  0]LogHMD: SteamVR failed to initialize.  Err: 110
[2017.01.04-09.14.11:874][  0]LogHMD: SteamVR failed to initialize.  Err: 110
[2017.01.04-09.14.12:025][  0]LogAIModule: Creating AISystem for world NewWorld
[2017.01.04-09.14.12:043][  0]LogInit: XAudio2 using 'D50u-D1-4 (NVIDIA High Definition Audio)' : 2 channels at 48 kHz using 16 bits per sample (channel mask 0x3)
[2017.01.04-09.14.12:052][  0]LogInit: FAudioDevice initialized.
[2017.01.04-09.14.12:076][  0]LogDerivedDataCache: Saved boot cache 0.02s 48MB C:/Users/Machinehead/AppData/Local/UnrealEngine/4.12/DerivedDataCache/Boot.ddc.
[2017.01.04-09.14.12:083][  0]LogInit: Texture streaming: Enabled
[2017.01.04-09.14.12:107][  0]LogInit: Transaction tracking system initialized
[2017.01.04-09.14.12:149][  0]BlueprintLog: New page: Editor Load
[2017.01.04-09.14.12:278][  0]LocalizationService: Info Localization service is disabled
[2017.01.04-09.14.12:374][  0]LogConsoleResponse:Display: 
[2017.01.04-09.14.12:584][  0]LogCook:Display: Max memory allowance for cook 8192mb
[2017.01.04-09.14.12:584][  0]LogCook:Display: Mobile HDR setting 1
[2017.01.04-09.14.12:734][  0]LogFileCache: Scanning file cache for directory 'C:/Users/Machinehead/Documents/Unreal Projects/MyProject/Content/' took 0.07s
[2017.01.04-09.14.12:734][  0]SourceControl: Info Source control is disabled
[2017.01.04-09.14.12:735][  0]Cmd: MAP LOAD FILE="../../../../../../Users/Machinehead/Documents/Unreal Projects/MyProject/Content/ThirdPersonBP/Maps/ThirdPersonExampleMap.umap" TEMPLATE=0 SHOWPROGRESS=1 FEATURELEVEL=3
[2017.01.04-09.14.12:771][  0]LightingResults: New page: Lighting Build
[2017.01.04-09.14.12:776][  0]MapCheck: New page: Map Check
[2017.01.04-09.14.12:776][  0]LightingResults: New page: Lighting Build
[2017.01.04-09.14.16:760][  0]LogAIModule: Creating AISystem for world ThirdPersonExampleMap
[2017.01.04-09.14.16:783][  0]LogEditorServer: Finished looking for orphan Actors (0.000 secs)
[2017.01.04-09.14.16:783][  0]Cmd: MAP CHECKDEP NOCLEARLOG
[2017.01.04-09.14.16:896][  0]MapCheck: Info Map check complete: 0 Error(s), 0 Warning(s), took 111.981ms to complete.
[2017.01.04-09.14.16:896][  0]LogFileHelpers: Loading map 'ThirdPersonExampleMap' took 4.161
[2017.01.04-09.14.17:071][  0]LogCollectionManager: Loaded 0 collections in 0.004005 seconds
[2017.01.04-09.14.17:124][  0]LogFileCache: Scanning file cache for directory 'C:/Users/Machinehead/Documents/Unreal Projects/MyProject/Saved/Collections/' took 0.01s
[2017.01.04-09.14.17:124][  0]LogFileCache: Scanning file cache for directory 'C:/Users/Machinehead/Documents/Unreal Projects/MyProject/Content/Developers/Machinehead/Collections/' took 0.01s
[2017.01.04-09.14.17:124][  0]LogFileCache: Scanning file cache for directory 'C:/Users/Machinehead/Documents/Unreal Projects/MyProject/Content/Collections/' took 0.01s
[2017.01.04-09.14.17:124][  0]LogCollectionManager: Rebuilt the GUID cache for 0 collections in 0.000003 seconds
[2017.01.04-09.14.17:133][  0]LogContentBrowser: Native class hierarchy populated in 0.0081 seconds. Added 2047 classes and 369 folders.
[2017.01.04-09.14.17:139][  0]LogStats: UGameplayTagsManager::ConstructGameplayTagTree: Construct from data asset -  0.000 s
[2017.01.04-09.14.17:139][  0]LogStats: UGameplayTagsManager::ConstructGameplayTagTree: GameplayTagTreeChangedEvent.Broadcast -  0.000 s
[2017.01.04-09.14.17:139][  0]LogContentBrowser: Native class hierarchy updated for 'GameplayTags' in 0.0005 seconds. Added 12 classes and 0 folders.
[2017.01.04-09.14.17:148][  0]LogContentBrowser: Native class hierarchy updated for 'WidgetCarousel' in 0.0005 seconds. Added 0 classes and 0 folders.
[2017.01.04-09.14.17:214][  0]LogContentBrowser: Native class hierarchy updated for 'AddContentDialog' in 0.0004 seconds. Added 0 classes and 0 folders.
[2017.01.04-09.14.17:220][  0]LogContentBrowser: Native class hierarchy updated for 'SceneOutliner' in 0.0004 seconds. Added 1 classes and 2 folders.
[2017.01.04-09.14.17:241][  0]LogCrashTracker: Crashtracker disabled due to settings.
[2017.01.04-09.14.17:245][  0]LogUObjectGlobals:Warning: Failed to find object 'Class None.'
[2017.01.04-09.14.17:273][  0]LogContentBrowser: Native class hierarchy updated for 'HierarchicalLODOutliner' in 0.0004 seconds. Added 1 classes and 2 folders.
[2017.01.04-09.14.17:273][  0]LogLoad: Full Startup: 11.41 seconds (BP compile: 0.13 seconds)
[2017.01.04-09.14.17:273][  0]LogExternalProfiler: No external profilers were discovered.  External profiling features will not be available.
[2017.01.04-09.14.17:283][  0]LogWindowsTextInputMethodSystem:Display: IME system now deactivated.
[2017.01.04-09.14.17:285][  0]LogOcInput: OculusInput pre-init called
[2017.01.04-09.14.17:303][  0]LogContentStreaming: Texture pool size now 1000 MB
[2017.01.04-09.14.17:473][  0]LogRenderer: Reallocating scene render targets to support 2216x1336 (Frame:2).
[2017.01.04-09.14.17:555][  1]LogAssetRegistry: Asset discovery search completed in 7.7772 seconds
[2017.01.04-09.14.17:555][  1]LogCollectionManager: Rebuilt the object cache for 0 collections in 0.000001 seconds (found 0 objects)
[2017.01.04-09.14.17:555][  1]LogCollectionManager: Fixed up redirectors for 0 collections in 0.000025 seconds (updated 0 objects)
[2017.01.04-09.14.25:833][413]LogBlueprintUserMessages: Early PlayInEditor Detection: Level '/Game/ThirdPersonBP/Maps/ThirdPersonExampleMap.ThirdPersonExampleMap:PersistentLevel' has LevelScriptBlueprint '/Game/ThirdPersonBP/Maps/ThirdPersonExampleMap.ThirdPersonExampleMap:PersistentLevel.ThirdPersonExampleMap' with GeneratedClass '/Game/ThirdPersonBP/Maps/ThirdPersonExampleMap.ThirdPersonExampleMap_C' with ClassGeneratedBy '/Game/ThirdPersonBP/Maps/ThirdPersonExampleMap.ThirdPersonExampleMap:PersistentLevel.ThirdPersonExampleMap'
[2017.01.04-09.14.25:833][413]LogPlayLevel: PlayLevel: No blueprints needed recompiling
[2017.01.04-09.14.25:835][413]PIE: New page: PIE session: ThirdPersonExampleMap (Jan 3, 2017, 5:14:25 PM)
[2017.01.04-09.14.25:835][413]LogPlayLevel: Creating play world package: /Game/ThirdPersonBP/Maps/UEDPIE_0_ThirdPersonExampleMap
[2017.01.04-09.14.25:862][413]LogPlayLevel: PIE: StaticDuplicateObject took: (0.027262s)
[2017.01.04-09.14.25:864][413]LogAIModule: Creating AISystem for world ThirdPersonExampleMap
[2017.01.04-09.14.25:864][413]LogPlayLevel: PIE: World Init took: (0.001944s)
[2017.01.04-09.14.25:865][413]LogPlayLevel: PIE: Created PIE world by copying editor world from /Game/ThirdPersonBP/Maps/ThirdPersonExampleMap.ThirdPersonExampleMap to /Game/ThirdPersonBP/Maps/UEDPIE_0_ThirdPersonExampleMap.ThirdPersonExampleMap (0.029604s)
[2017.01.04-09.14.25:905][413]LogInit: XAudio2 using 'D50u-D1-4 (NVIDIA High Definition Audio)' : 2 channels at 48 kHz using 16 bits per sample (channel mask 0x3)
[2017.01.04-09.14.25:910][413]LogInit: FAudioDevice initialized.
[2017.01.04-09.14.26:004][413]LogWorld: Game class is 'ThirdPersonGameMode_C'
[2017.01.04-09.14.26:012][413]LogWorld: Bringing World /Game/ThirdPersonBP/Maps/UEDPIE_0_ThirdPersonExampleMap.ThirdPersonExampleMap up for play (max tick rate 0) at 2017.01.04-01.14.26
[2017.01.04-09.14.26:012][413]LogWorld: Bringing up level for play took: 0.006342
[2017.01.04-09.14.26:019][413]LogContentBrowser: Native class hierarchy updated for 'MovieSceneCapture' in 0.0005 seconds. Added 11 classes and 0 folders.
[2017.01.04-09.14.26:019][413]PIE: Info Play in editor start time for /Game/ThirdPersonBP/Maps/UEDPIE_0_ThirdPersonExampleMap -0.711
[2017.01.04-09.14.26:020][413]LogBlueprintUserMessages: Late PlayInEditor Detection: Level '/Game/ThirdPersonBP/Maps/ThirdPersonExampleMap.ThirdPersonExampleMap:PersistentLevel' has LevelScriptBlueprint '/Game/ThirdPersonBP/Maps/ThirdPersonExampleMap.ThirdPersonExampleMap:PersistentLevel.ThirdPersonExampleMap' with GeneratedClass '/Game/ThirdPersonBP/Maps/ThirdPersonExampleMap.ThirdPersonExampleMap_C' with ClassGeneratedBy '/Game/ThirdPersonBP/Maps/ThirdPersonExampleMap.ThirdPersonExampleMap:PersistentLevel.ThirdPersonExampleMap'
[2017.01.04-09.14.29:817][611]LogBlueprintUserMessages: [BP_LazerBox_38] I'm RED!
[2017.01.04-09.14.33:828][775]LogBlueprintUserMessages: [BP_LazerBox_38] I'm BLUE!
[2017.01.04-09.14.35:855][851]LogBlueprintUserMessages: Early EndPlayMap Detection: Level '/Game/ThirdPersonBP/Maps/ThirdPersonExampleMap.ThirdPersonExampleMap:PersistentLevel' has LevelScriptBlueprint '/Game/ThirdPersonBP/Maps/ThirdPersonExampleMap.ThirdPersonExampleMap:PersistentLevel.ThirdPersonExampleMap' with GeneratedClass '/Game/ThirdPersonBP/Maps/ThirdPersonExampleMap.ThirdPersonExampleMap_C' with ClassGeneratedBy '/Game/ThirdPersonBP/Maps/ThirdPersonExampleMap.ThirdPersonExampleMap:PersistentLevel.ThirdPersonExampleMap'
[2017.01.04-09.14.35:912][851]LogBlueprintUserMessages: Late EndPlayMap Detection: Level '/Game/ThirdPersonBP/Maps/ThirdPersonExampleMap.ThirdPersonExampleMap:PersistentLevel' has LevelScriptBlueprint '/Game/ThirdPersonBP/Maps/ThirdPersonExampleMap.ThirdPersonExampleMap:PersistentLevel.ThirdPersonExampleMap' with GeneratedClass '/Game/ThirdPersonBP/Maps/ThirdPersonExampleMap.ThirdPersonExampleMap_C' with ClassGeneratedBy '/Game/ThirdPersonBP/Maps/ThirdPersonExampleMap.ThirdPersonExampleMap:PersistentLevel.ThirdPersonExampleMap'
[2017.01.04-09.14.45:147][194]LogContentBrowser: Native class hierarchy updated for 'BlueprintGraph' in 0.0009 seconds. Added 111 classes and 0 folders.
[2017.01.04-09.14.58:765][ 39]LogEditorViewport: Clicking Background
[2017.01.04-09.15.50:634][702]LogWindowsTextInputMethodSystem:Display: IME system now deactivated.
[2017.01.04-09.15.50:829][703]Cmd: QUIT_EDITOR
[2017.01.04-09.15.51:020][703]LogExit: Preparing to exit.
[2017.01.04-09.15.51:392][703]LogExit: Editor shut down
[2017.01.04-09.15.51:392][703]LogExit: Transaction tracking system shut down
[2017.01.04-09.15.51:529][703]LogObj: Freed 0b from 0 cluster array pools.
[2017.01.04-09.15.51:530][703]LogExit: Object subsystem successfully closed.
[2017.01.04-09.15.51:544][703]LogD3D11RHI: Shutdown
[2017.01.04-09.15.51:545][703]LogD3D11RHI: CleanupD3DDevice
[2017.01.04-09.15.51:610][703]LogD3D11RHI: ~FD3D11DynamicRHI
[2017.01.04-09.15.51:633][703]LogModuleManager: Shutting down and abandoning module BlueprintGraph (212)
[2017.01.04-09.15.51:633][703]LogModuleManager: Shutting down and abandoning module MovieSceneCapture (211)
[2017.01.04-09.15.51:633][703]LogModuleManager: Shutting down and abandoning module HierarchicalLODOutliner (210)
[2017.01.04-09.15.51:633][703]LogModuleManager: Shutting down and abandoning module CrashTracker (209)
[2017.01.04-09.15.51:633][703]LogModuleManager: Shutting down and abandoning module SceneOutliner (208)
[2017.01.04-09.15.51:633][703]LogModuleManager: Shutting down and abandoning module WidgetCarousel (207)
[2017.01.04-09.15.51:633][703]LogModuleManager: Shutting down and abandoning module AddContentDialog (206)
[2017.01.04-09.15.51:634][703]LogModuleManager: Shutting down and abandoning module GameplayTags (205)
[2017.01.04-09.15.51:634][703]LogModuleManager: Shutting down and abandoning module EditorWidgets (204)
[2017.01.04-09.15.51:634][703]LogModuleManager: Shutting down and abandoning module CollectionManager (203)
[2017.01.04-09.15.51:634][703]LogModuleManager: Shutting down and abandoning module StatsViewer (202)
[2017.01.04-09.15.51:634][703]LogModuleManager: Shutting down and abandoning module FoliageEdit (201)
[2017.01.04-09.15.51:634][703]LogModuleManager: Shutting down and abandoning module LandscapeEditor (200)
[2017.01.04-09.15.51:634][703]LogModuleManager: Shutting down and abandoning module SceneDepthPickerMode (199)
[2017.01.04-09.15.51:634][703]LogModuleManager: Shutting down and abandoning module ActorPickerMode (198)
[2017.01.04-09.15.51:634][703]LogModuleManager: Shutting down and abandoning module GeometryMode (197)
[2017.01.04-09.15.51:634][703]LogModuleManager: Shutting down and abandoning module TextureAlignMode (196)
[2017.01.04-09.15.51:634][703]LogModuleManager: Shutting down and abandoning module BspMode (195)
[2017.01.04-09.15.51:634][703]LogModuleManager: Shutting down and abandoning module SequenceRecorderSections (194)
[2017.01.04-09.15.51:634][703]LogModuleManager: Shutting down and abandoning module SequenceRecorder (193)
[2017.01.04-09.15.51:634][703]LogModuleManager: Shutting down and abandoning module AutomationWorker (192)
[2017.01.04-09.15.51:634][703]LogModuleManager: Shutting down and abandoning module MatineeToLevelSequence (191)
[2017.01.04-09.15.51:634][703]LogModuleManager: Shutting down and abandoning module PlacementMode (190)
[2017.01.04-09.15.51:635][703]LogModuleManager: Shutting down and abandoning module LevelSequenceEditor (189)
[2017.01.04-09.15.51:635][703]LogModuleManager: Shutting down and abandoning module CharacterAI (188)
[2017.01.04-09.15.51:635][703]LogModuleManager: Shutting down and abandoning module SmartSnapping (187)
[2017.01.04-09.15.51:635][703]LogModuleManager: Shutting down and abandoning module SessionServices (186)
[2017.01.04-09.15.51:635][703]LogModuleManager: Shutting down and abandoning module ViewportSnapping (185)
[2017.01.04-09.15.51:635][703]LogModuleManager: Shutting down and abandoning module LogVisualizer (184)
[2017.01.04-09.15.51:635][703]LogModuleManager: Shutting down and abandoning module GameProjectGeneration (183)
[2017.01.04-09.15.51:635][703]LogModuleManager: Shutting down and abandoning module IntroTutorials (182)
[2017.01.04-09.15.51:635][703]LogModuleManager: Shutting down and abandoning module EditorLiveStreaming (181)
[2017.01.04-09.15.51:635][703]LogModuleManager: Shutting down and abandoning module IOSPlatformEditor (180)
[2017.01.04-09.15.51:635][703]LogModuleManager: Shutting down and abandoning module HTML5PlatformEditor (179)
[2017.01.04-09.15.51:635][703]LogModuleManager: Shutting down and abandoning module AndroidDeviceDetection (178)
[2017.01.04-09.15.52:368][703]LogModuleManager: Shutting down and abandoning module AndroidPlatformEditor (177)
[2017.01.04-09.15.52:368][703]LogModuleManager: Shutting down and abandoning module IOSRuntimeSettings (176)
[2017.01.04-09.15.52:368][703]LogModuleManager: Shutting down and abandoning module AndroidRuntimeSettings (175)
[2017.01.04-09.15.52:368][703]LogModuleManager: Shutting down and abandoning module MergeActors (174)
[2017.01.04-09.15.52:368][703]LogModuleManager: Shutting down and abandoning module SizeMap (173)
[2017.01.04-09.15.52:368][703]LogModuleManager: Shutting down and abandoning module TreeMap (172)
[2017.01.04-09.15.52:368][703]LogModuleManager: Shutting down and abandoning module ReferenceViewer (171)
[2017.01.04-09.15.52:368][703]LogModuleManager: Shutting down and abandoning module LocalizationService (170)
[2017.01.04-09.15.52:368][703]LogModuleManager: Shutting down and abandoning module LocalizationDashboard (169)
[2017.01.04-09.15.52:368][703]LogModuleManager: Shutting down and abandoning module HardwareTargeting (168)
[2017.01.04-09.15.52:368][703]LogModuleManager: Shutting down and abandoning module DeviceProfileEditor (167)
[2017.01.04-09.15.52:368][703]LogModuleManager: Shutting down and abandoning module UndoHistory (166)
[2017.01.04-09.15.52:368][703]LogModuleManager: Shutting down and abandoning module UserFeedback (165)
[2017.01.04-09.15.52:368][703]LogModuleManager: Shutting down and abandoning module XmlParser (164)
[2017.01.04-09.15.52:368][703]LogModuleManager: Shutting down and abandoning module Blutility (163)
[2017.01.04-09.15.52:368][703]LogModuleManager: Shutting down and abandoning module ProjectTargetPlatformEditor (162)
[2017.01.04-09.15.52:368][703]LogModuleManager: Shutting down and abandoning module ProjectSettingsViewer (161)
[2017.01.04-09.15.52:369][703]LogModuleManager: Shutting down and abandoning module InputBindingEditor (160)
[2017.01.04-09.15.52:369][703]LogModuleManager: Shutting down and abandoning module EditorSettingsViewer (159)
[2017.01.04-09.15.52:369][703]LogModuleManager: Shutting down and abandoning module SettingsEditor (158)
[2017.01.04-09.15.52:369][703]LogModuleManager: Shutting down and abandoning module ProjectLauncher (157)
[2017.01.04-09.15.52:369][703]LogModuleManager: Shutting down and abandoning module SessionFrontend (156)
[2017.01.04-09.15.52:369][703]LogModuleManager: Shutting down and abandoning module ProfilerClient (155)
[2017.01.04-09.15.52:369][703]LogModuleManager: Shutting down and abandoning module TargetDeviceServices (154)
[2017.01.04-09.15.52:369][703]LogModuleManager: Shutting down and abandoning module DeviceManager (153)
[2017.01.04-09.15.52:420][703]LogModuleManager: Shutting down and abandoning module AutomationController (152)
[2017.01.04-09.15.52:420][703]LogModuleManager: Shutting down and abandoning module AutomationWindow (151)
[2017.01.04-09.15.52:420][703]LogModuleManager: Shutting down and abandoning module Layers (150)
[2017.01.04-09.15.52:420][703]LogModuleManager: Shutting down and abandoning module ComponentVisualizers (149)
[2017.01.04-09.15.52:420][703]LogModuleManager: Shutting down and abandoning module DetailCustomizations (148)
[2017.01.04-09.15.52:420][703]LogModuleManager: Shutting down and abandoning module PackagesDialog (147)
[2017.01.04-09.15.52:421][703]LogModuleManager: Shutting down and abandoning module Persona (146)
[2017.01.04-09.15.52:421][703]LogModuleManager: Shutting down and abandoning module Kismet (145)
[2017.01.04-09.15.52:421][703]LogModuleManager: Shutting down and abandoning module GraphEditor (144)
[2017.01.04-09.15.52:421][703]LogModuleManager: Shutting down and abandoning module ClassViewer (143)
[2017.01.04-09.15.52:421][703]LogModuleManager: Shutting down and abandoning module Toolbox (142)
[2017.01.04-09.15.52:421][703]LogModuleManager: Shutting down and abandoning module ModuleUI (141)
[2017.01.04-09.15.52:421][703]LogModuleManager: Shutting down and abandoning module MovieSceneTools (140)
[2017.01.04-09.15.52:421][703]LogModuleManager: Shutting down and abandoning module OutputLog (139)
[2017.01.04-09.15.52:421][703]LogModuleManager: Shutting down and abandoning module GammaUI (138)
[2017.01.04-09.15.52:421][703]LogModuleManager: Shutting down and abandoning module Documentation (137)
[2017.01.04-09.15.52:421][703]LogModuleManager: Shutting down and abandoning module StreamingPauseRendering (136)
[2017.01.04-09.15.52:421][703]LogModuleManager: Shutting down and abandoning module PortalServices (135)
[2017.01.04-09.15.52:421][703]LogModuleManager: Shutting down and abandoning module PortalRpc (134)
[2017.01.04-09.15.52:421][703]LogModuleManager: Shutting down and abandoning module MessagingRpc (133)
[2017.01.04-09.15.52:421][703]LogModuleManager: Shutting down and abandoning module GameplayDebugger (132)
[2017.01.04-09.15.52:421][703]LogModuleManager: Shutting down and abandoning module AITestSuite (131)
[2017.01.04-09.15.52:421][703]LogModuleManager: Shutting down and abandoning module AIModule (130)
[2017.01.04-09.15.52:421][703]LogModuleManager: Shutting down and abandoning module ProfilerService (129)
[2017.01.04-09.15.52:425][703]LogModuleManager: Shutting down and abandoning module TaskGraph (128)
[2017.01.04-09.15.52:425][703]LogModuleManager: Shutting down and abandoning module SlateRemote (127)
[2017.01.04-09.15.52:425][703]LogModuleManager: Shutting down and abandoning module SteamVRController (126)
[2017.01.04-09.15.52:425][703]LogModuleManager: Shutting down and abandoning module SteamVR (125)
[2017.01.04-09.15.52:425][703]LogModuleManager: Shutting down and abandoning module ProceduralMeshComponent (124)
[2017.01.04-09.15.52:425][703]LogModuleManager: Shutting down and abandoning module OculusLibrary (123)
[2017.01.04-09.15.52:426][703]LogModuleManager: Shutting down and abandoning module OculusInput (122)
[2017.01.04-09.15.52:426][703]LogModuleManager: Shutting down and abandoning module CustomMeshComponent (121)
[2017.01.04-09.15.52:426][703]LogModuleManager: Shutting down and abandoning module CableComponent (120)
[2017.01.04-09.15.52:426][703]LogModuleManager: Shutting down and abandoning module ArchVisCharacter (119)
[2017.01.04-09.15.52:426][703]LogModuleManager: Shutting down and abandoning module MediaPlayerEditor (118)
[2017.01.04-09.15.52:426][703]LogModuleManager: Shutting down and abandoning module HTML5Networking (117)
[2017.01.04-09.15.52:426][703]LogModuleManager: Shutting down and abandoning module SuperSearch (116)
[2017.01.04-09.15.52:426][703]LogModuleManager: Shutting down and abandoning module SuperSearchEditor (115)
[2017.01.04-09.15.52:426][703]LogModuleManager: Shutting down and abandoning module SpeedTreeImporter (114)
[2017.01.04-09.15.52:426][703]LogModuleManager: Shutting down and abandoning module PluginBrowser (113)
[2017.01.04-09.15.52:426][703]LogModuleManager: Shutting down and abandoning module EpicSurvey (112)
[2017.01.04-09.15.52:426][703]LogModuleManager: Shutting down and abandoning module DesktopPlatform (111)
[2017.01.04-09.15.52:426][703]LogModuleManager: Shutting down and abandoning module VisualStudioSourceCodeAccess (110)
[2017.01.04-09.15.52:426][703]LogModuleManager: Shutting down and abandoning module UObjectPlugin (109)
[2017.01.04-09.15.52:426][703]LogModuleManager: Shutting down and abandoning module SubversionSourceControl (108)
[2017.01.04-09.15.52:426][703]LogModuleManager: Shutting down and abandoning module PerforceSourceControl (107)
[2017.01.04-09.15.52:427][703]LogModuleManager: Shutting down and abandoning module SourceControl (106)
[2017.01.04-09.15.52:427][703]LogModuleManager: Shutting down and abandoning module GitSourceControl (105)
[2017.01.04-09.15.52:427][703]LogModuleManager: Shutting down and abandoning module LightPropagationVolumeEditor (104)
[2017.01.04-09.15.52:427][703]LogModuleManager: Shutting down and abandoning module PaperTiledImporter (103)
[2017.01.04-09.15.52:427][703]LogModuleManager: Shutting down and abandoning module PaperSpriteSheetImporter (102)
[2017.01.04-09.15.52:427][703]LogModuleManager: Shutting down and abandoning module MeshPaint (101)
[2017.01.04-09.15.52:427][703]LogModuleManager: Shutting down and abandoning module PixelInspectorModule (100)
[2017.01.04-09.15.52:427][703]LogModuleManager: Shutting down and abandoning module HotReload (99)
[2017.01.04-09.15.52:427][703]LogModuleManager: Shutting down and abandoning module MainFrame (98)
[2017.01.04-09.15.52:428][703]LogModuleManager: Shutting down and abandoning module LevelEditor (97)
[2017.01.04-09.15.52:428][703]LogModuleManager: Shutting down and abandoning module ContentBrowser (96)
[2017.01.04-09.15.52:430][703]LogModuleManager: Shutting down and abandoning module Paper2DEditor (95)
[2017.01.04-09.15.52:430][703]LogModuleManager: Shutting down and abandoning module UdpMessaging (94)
[2017.01.04-09.15.52:530][703]LogModuleManager: Shutting down and abandoning module LightPropagationVolumeRuntime (93)
[2017.01.04-09.15.52:530][703]LogModuleManager: Shutting down and abandoning module Paper2D (92)
[2017.01.04-09.15.52:530][703]LogModuleManager: Shutting down and abandoning module WindowsMoviePlayer (91)
[2017.01.04-09.15.52:530][703]LogModuleManager: Shutting down and abandoning module Media (90)
[2017.01.04-09.15.52:530][703]LogModuleManager: Shutting down and abandoning module WmfMedia (89)
[2017.01.04-09.15.52:530][703]LogModuleManager: Shutting down and abandoning module MediaAssets (88)
[2017.01.04-09.15.52:531][703]LogModuleManager: Shutting down and abandoning module GameLiveStreaming (87)
[2017.01.04-09.15.52:531][703]LogModuleManager: Shutting down and abandoning module GameplayTagsEditor (86)
[2017.01.04-09.15.52:531][703]LogModuleManager: Shutting down and abandoning module OnlineBlueprintSupport (85)
[2017.01.04-09.15.52:531][703]LogModuleManager: Shutting down and abandoning module VREditor (84)
[2017.01.04-09.15.52:531][703]LogModuleManager: Shutting down and abandoning module GameplayTasksEditor (83)
[2017.01.04-09.15.52:531][703]LogModuleManager: Shutting down and abandoning module PropertyEditor (82)
[2017.01.04-09.15.52:531][703]LogModuleManager: Shutting down and abandoning module BehaviorTreeEditor (81)
[2017.01.04-09.15.52:531][703]LogModuleManager: Shutting down and abandoning module FunctionalTesting (80)
[2017.01.04-09.15.52:531][703]LogModuleManager: Shutting down and abandoning module CollisionAnalyzer (79)
[2017.01.04-09.15.52:531][703]LogModuleManager: Shutting down and abandoning module Sequencer (78)
[2017.01.04-09.15.52:531][703]LogModuleManager: Shutting down and abandoning module WorkspaceMenuStructure (77)
[2017.01.04-09.15.52:531][703]LogModuleManager: Shutting down and abandoning module MessageLog (76)
[2017.01.04-09.15.52:531][703]LogModuleManager: Shutting down and abandoning module AssetTools (75)
[2017.01.04-09.15.52:531][703]LogModuleManager: Shutting down and abandoning module UMGEditor (74)
[2017.01.04-09.15.52:531][703]LogModuleManager: Shutting down and abandoning module UMG (73)
[2017.01.04-09.15.52:531][703]LogModuleManager: Shutting down and abandoning module SlateReflector (72)
[2017.01.04-09.15.52:531][703]LogModuleManager: Shutting down and abandoning module Slate (71)
[2017.01.04-09.15.52:531][703]LogModuleManager: Shutting down and abandoning module EditorStyle (70)
[2017.01.04-09.15.52:538][703]LogModuleManager: Shutting down and abandoning module SourceCodeAccess (69)
[2017.01.04-09.15.52:538][703]LogModuleManager: Shutting down and abandoning module HeadMountedDisplay (68)
[2017.01.04-09.15.52:538][703]LogModuleManager: Shutting down and abandoning module XAudio2 (67)
[2017.01.04-09.15.52:538][703]LogModuleManager: Shutting down and abandoning module Networking (65)
[2017.01.04-09.15.52:538][703]LogModuleManager: Shutting down and abandoning module Core (64)
[2017.01.04-09.15.52:539][703]LogModuleManager: Shutting down and abandoning module DirectoryWatcher (63)
[2017.01.04-09.15.52:540][703]LogModuleManager: Shutting down and abandoning module AssetRegistry (62)
[2017.01.04-09.15.52:733][703]LogModuleManager: Shutting down and abandoning module KismetCompiler (61)
[2017.01.04-09.15.52:733][703]LogModuleManager: Shutting down and abandoning module PhysXFormats (60)
[2017.01.04-09.15.52:733][703]LogModuleManager: Shutting down and abandoning module MeshUtilities (59)
[2017.01.04-09.15.52:733][703]LogModuleManager: Shutting down and abandoning module DerivedDataCache (58)
[2017.01.04-09.15.53:145][703]LogDerivedDataCache: Shutdown
[2017.01.04-09.15.53:145][703]LogModuleManager: Shutting down and abandoning module VulkanShaderFormat (57)
[2017.01.04-09.15.53:145][703]LogModuleManager: Shutting down and abandoning module ShaderFormatOpenGL (56)
[2017.01.04-09.15.53:145][703]LogModuleManager: Shutting down and abandoning module ShaderFormatD3D (55)
[2017.01.04-09.15.53:145][703]LogModuleManager: Shutting down and abandoning module MetalShaderFormat (54)
[2017.01.04-09.15.53:145][703]LogModuleManager: Shutting down and abandoning module TextureFormatUncompressed (53)
[2017.01.04-09.15.53:145][703]LogModuleManager: Shutting down and abandoning module TextureFormatPVR (52)
[2017.01.04-09.15.53:145][703]LogModuleManager: Shutting down and abandoning module TextureFormatIntelISPCTexComp (51)
[2017.01.04-09.15.53:145][703]LogModuleManager: Shutting down and abandoning module TextureFormatDXT (50)
[2017.01.04-09.15.53:146][703]LogModuleManager: Shutting down and abandoning module ImageWrapper (49)
[2017.01.04-09.15.53:146][703]LogModuleManager: Shutting down and abandoning module TextureFormatASTC (48)
[2017.01.04-09.15.53:146][703]LogModuleManager: Shutting down and abandoning module TextureFormatAndroid (47)
[2017.01.04-09.15.53:146][703]LogModuleManager: Shutting down and abandoning module AudioFormatOpus (46)
[2017.01.04-09.15.53:146][703]LogModuleManager: Shutting down and abandoning module AudioFormatOgg (45)
[2017.01.04-09.15.53:146][703]LogModuleManager: Shutting down and abandoning module AudioFormatADPCM (44)
[2017.01.04-09.15.53:146][703]LogModuleManager: Shutting down and abandoning module LinuxTargetPlatform (43)
[2017.01.04-09.15.53:146][703]LogModuleManager: Shutting down and abandoning module LinuxServerTargetPlatform (42)
[2017.01.04-09.15.53:146][703]LogModuleManager: Shutting down and abandoning module LinuxNoEditorTargetPlatform (41)
[2017.01.04-09.15.53:146][703]LogModuleManager: Shutting down and abandoning module TVOSTargetPlatform (40)
[2017.01.04-09.15.53:146][703]LogModuleManager: Shutting down and abandoning module Messaging (39)
[2017.01.04-09.15.53:146][703]LogModuleManager: Shutting down and abandoning module IOSTargetPlatform (38)
[2017.01.04-09.15.53:146][703]LogModuleManager: Shutting down and abandoning module HTML5TargetPlatform (37)
[2017.01.04-09.15.53:146][703]LogModuleManager: Shutting down and abandoning module Android_PVRTCTargetPlatform (36)
[2017.01.04-09.15.53:146][703]LogModuleManager: Shutting down and abandoning module Android_MultiTargetPlatform (35)
[2017.01.04-09.15.53:146][703]LogModuleManager: Shutting down and abandoning module Android_ETC2TargetPlatform (34)
[2017.01.04-09.15.53:146][703]LogModuleManager: Shutting down and abandoning module Android_ETC1TargetPlatform (33)
[2017.01.04-09.15.53:146][703]LogModuleManager: Shutting down and abandoning module Android_DXTTargetPlatform (32)
[2017.01.04-09.15.53:146][703]LogModuleManager: Shutting down and abandoning module Android_ATCTargetPlatform (31)
[2017.01.04-09.15.53:146][703]LogModuleManager: Shutting down and abandoning module Android_ASTCTargetPlatform (30)
[2017.01.04-09.15.53:146][703]LogModuleManager: Shutting down and abandoning module AndroidTargetPlatform (29)
[2017.01.04-09.15.53:146][703]LogModuleManager: Shutting down and abandoning module WindowsTargetPlatform (28)
[2017.01.04-09.15.53:146][703]LogModuleManager: Shutting down and abandoning module WindowsServerTargetPlatform (27)
[2017.01.04-09.15.53:146][703]LogModuleManager: Shutting down and abandoning module WindowsNoEditorTargetPlatform (26)
[2017.01.04-09.15.53:146][703]LogModuleManager: Shutting down and abandoning module WindowsClientTargetPlatform (25)
[2017.01.04-09.15.53:146][703]LogModuleManager: Shutting down and abandoning module AllDesktopTargetPlatform (24)
[2017.01.04-09.15.53:146][703]LogModuleManager: Shutting down and abandoning module TargetPlatform (23)
[2017.01.04-09.15.53:146][703]LogModuleManager: Shutting down and abandoning module InputCore (22)
[2017.01.04-09.15.53:146][703]LogModuleManager: Shutting down and abandoning module Settings (21)
[2017.01.04-09.15.53:146][703]LogModuleManager: Shutting down and abandoning module OnlineSubsystem (19)
[2017.01.04-09.15.53:146][703]LogModuleManager: Shutting down and abandoning module HTTP (18)
[2017.01.04-09.15.53:146][703]LogModuleManager: Shutting down and abandoning module XMPP (17)
[2017.01.04-09.15.53:146][703]LogModuleManager: Shutting down and abandoning module OculusRift (16)
[2017.01.04-09.15.53:146][703]LogModuleManager: Shutting down and abandoning module ExampleDeviceProfileSelector (15)
[2017.01.04-09.15.53:146][703]LogModuleManager: Shutting down and abandoning module TextureCompressor (14)
[2017.01.04-09.15.53:146][703]LogModuleManager: Shutting down and abandoning module ShaderCore (13)
[2017.01.04-09.15.53:146][703]LogModuleManager: Shutting down and abandoning module Landscape (12)
[2017.01.04-09.15.53:146][703]LogModuleManager: Shutting down and abandoning module SlateRHIRenderer (11)
[2017.01.04-09.15.53:148][703]LogModuleManager: Shutting down and abandoning module OpenGLDrv (10)
[2017.01.04-09.15.53:148][703]LogModuleManager: Shutting down and abandoning module D3D11RHI (9)
[2017.01.04-09.15.53:148][703]LogModuleManager: Shutting down and abandoning module AnimGraphRuntime (8)
[2017.01.04-09.15.53:148][703]LogModuleManager: Shutting down and abandoning module Renderer (7)
[2017.01.04-09.15.53:148][703]LogModuleManager: Shutting down and abandoning module Engine (6)
[2017.01.04-09.15.53:148][703]LogModuleManager: Shutting down and abandoning module CoreUObject (5)
[2017.01.04-09.15.53:148][703]LogModuleManager: Shutting down and abandoning module NetworkFile (4)
[2017.01.04-09.15.53:148][703]LogModuleManager: Shutting down and abandoning module StreamingFile (3)
[2017.01.04-09.15.53:148][703]LogModuleManager: Shutting down and abandoning module SandboxFile (2)
[2017.01.04-09.15.53:148][703]LogModuleManager: Shutting down and abandoning module PakFile (1)
[2017.01.04-09.15.53:149][703]LogExit: Exiting.
[2017.01.04-09.15.53:151][703]Log file closed, 01/04/17 01:15:53
