Log file open, 01/01/17 18:41:46
LogInit:Display: Running engine for game: UE4KongSec4
LogPlatformFile: Not using cached read wrapper
LogInit:Display: RandInit(-374720787) SRandInit(-374720783).
LogTaskGraph: Started task graph with 4 named threads and 5 total threads with 1 sets of task threads.
LogStats: Stats thread started at 0.229067
LogInit: Version: 4.12.5-3039270+++UE4+Release-4.12
LogInit: API Version: 2992821
LogInit: Net Version: 3039270
LogDevObjectVersion: Number of dev versions registered: 13
LogDevObjectVersion:   Dev-Blueprints (B0D832E4-1F89-4F0D-ACCF-7EB736FD4AA2): 3
LogDevObjectVersion:   Dev-Build (E1C64328-A22C-4D53-A36C-8E866417BD8C): 0
LogDevObjectVersion:   Dev-Core (375EC13C-06E4-48FB-B500-84F0262A717E): 1
LogDevObjectVersion:   Dev-Editor (E4B068ED-F494-42E9-A231-DA0B2E46BB41): 2
LogDevObjectVersion:   Dev-Framework (CFFC743F-43B0-4480-9391-14DF171D2073): 6
LogDevObjectVersion:   Dev-Mobile (B02B49B5-BB20-44E9-A304-32B752E40360): 0
LogDevObjectVersion:   Dev-Networking (A4E4105C-59A1-49B5-A7C5-40C4547EDFEE): 0
LogDevObjectVersion:   Dev-Online (39C831C9-5AE6-47DC-9A44-9C173E1C8E7C): 0
LogDevObjectVersion:   Dev-Physics (78F01B33-EBEA-4F98-B9B4-84EACCB95AA2): 0
LogDevObjectVersion:   Dev-Platform (6631380F-2D4D-43E0-8009-CF276956A95A): 0
LogDevObjectVersion:   Dev-Rendering (12F88B9F-8875-4AFC-A67C-D90C383ABD29): 2
LogDevObjectVersion:   Dev-Sequencer (7B5AE74C-D270-4C10-A958-57980B212A5A): 0
LogDevObjectVersion:   Dev-VR (D7296918-1DD6-4BDD-9DE2-64A83CC13884): 0
LogInit: Compiled (64-bit): Jul  6 2016 09:09:46
LogInit: Compiled with Visual C++: 19.00.23026.00
LogInit: Build Configuration: Development
LogInit: Branch Name: ++UE4+Release-4.12
LogInit: Command line:  
LogInit: Base directory: C:/Program Files (x86)/Epic Games/4.12/Engine/Binaries/Win64/
LogInit: Installed Engine Build: 1
LogInit: Using libcurl 7.41.0
LogInit:  - built for x86_64-pc-win32
LogInit:  - supports SSL with WinSSL
LogInit:  - other features:
LogInit:      CURL_VERSION_SSL
LogInit:      CURL_VERSION_IPV6
LogInit:      CURL_VERSION_ASYNCHDNS
LogInit:      CURL_VERSION_LARGEFILE
LogInit:      CURL_VERSION_IDN
LogInit:  CurlRequestOptions (configurable via config and command line):
LogInit:  - bVerifyPeer = true  - Libcurl will verify peer certificate
LogInit:  - bUseHttpProxy = false  - Libcurl will NOT use HTTP proxy
LogInit:  - bDontReuseConnections = false  - Libcurl will reuse connections
LogInit:  - CertBundlePath = nullptr  - Libcurl will use whatever was configured at build time.
LogInit: Presizing for max 8388607 objects, including 0 objects not considered by GC, pre-allocating 0 bytes for permanent pool.
LogInit: Object subsystem initialized
[2017.01.02-00.41.46:662][  0]LogInit: Selected Device Profile: [Windows]
[2017.01.02-00.41.46:662][  0]LogInit: Applying CVar settings loaded from the selected device profile: [Windows]
[2017.01.02-00.41.46:780][  0]LogInit: Computer: VASANNANGUYEN
[2017.01.02-00.41.46:780][  0]LogInit: User: Vasanna
[2017.01.02-00.41.46:780][  0]LogInit: CPU Page size=65536, Cores=2
[2017.01.02-00.41.46:780][  0]LogInit: High frequency timer resolution =2.338337 MHz
[2017.01.02-00.41.46:782][  0]LogMemory: Memory total: Physical=11.9GB (12GB approx)
[2017.01.02-00.41.46:782][  0]LogMemory: Platform Memory Stats for Windows
[2017.01.02-00.41.46:782][  0]LogMemory: Process Physical Memory: 189.85 MB used, 189.85 MB peak
[2017.01.02-00.41.46:782][  0]LogMemory: Process Virtual Memory: 194.68 MB used, 194.68 MB peak
[2017.01.02-00.41.46:782][  0]LogMemory: Physical Memory: 3556.13 MB used, 12199.69 MB total
[2017.01.02-00.41.46:782][  0]LogMemory: Virtual Memory: 543.20 MB used, 134217728.00 MB total
[2017.01.02-00.41.46:872][  0]LogTextLocalizationManager: No specific translations for ('en-US') exist, so ('en') translations will be used.
[2017.01.02-00.41.48:424][  0]LogD3D11RHI: D3D11 adapters:
[2017.01.02-00.41.48:464][  0]LogD3D11RHI:    0. 'Intel(R) HD Graphics 5500' (Feature Level 11_0)
[2017.01.02-00.41.48:464][  0]LogD3D11RHI:       0/0/3839 MB DedicatedVideo/DedicatedSystem/SharedSystem, Outputs:1, VendorId:0x8086
[2017.01.02-00.41.49:074][  0]LogD3D11RHI:    1. 'AMD Radeon R7 M270' (Feature Level 11_0)
[2017.01.02-00.41.49:074][  0]LogD3D11RHI:       4079/0/3840 MB DedicatedVideo/DedicatedSystem/SharedSystem, Outputs:0, VendorId:0x1002
[2017.01.02-00.41.49:079][  0]LogD3D11RHI:    2. 'Microsoft Basic Render Driver' (Feature Level 11_0)
[2017.01.02-00.41.49:079][  0]LogD3D11RHI:       0/0/256 MB DedicatedVideo/DedicatedSystem/SharedSystem, Outputs:0, VendorId:0x1414
[2017.01.02-00.41.49:079][  0]LogD3D11RHI: Chosen D3D11 Adapter: 1
[2017.01.02-00.41.49:093][  0]LogD3D11RHI: Creating new Direct3DDevice
[2017.01.02-00.41.49:093][  0]LogD3D11RHI:     GPU DeviceId: 0x6604 (for the marketing name, search the web for "GPU Device Id")
[2017.01.02-00.41.49:093][  0]LogWindows: EnumDisplayDevices:
[2017.01.02-00.41.49:094][  0]LogWindows:    0. 'Intel(R) HD Graphics 5500' (P:1 D:1)
[2017.01.02-00.41.49:094][  0]LogWindows:    1. 'Intel(R) HD Graphics 5500' (P:0 D:0)
[2017.01.02-00.41.49:095][  0]LogWindows:    2. 'Intel(R) HD Graphics 5500' (P:0 D:0)
[2017.01.02-00.41.49:095][  0]LogWindows: DebugString: PrimaryIsNotTheChoosenAdapter PrimaryIsNotTheChoosenAdapter PrimaryIsNotTheChoosenAdapter FoundDriverCount:0 
[2017.01.02-00.41.49:095][  0]LogD3D11RHI:     Adapter Name: AMD Radeon R7 M270
[2017.01.02-00.41.49:095][  0]LogD3D11RHI:   Driver Version: Unknown (internal:Unknown, unified:Unknown)
[2017.01.02-00.41.49:095][  0]LogD3D11RHI:      Driver Date: Unknown
[2017.01.02-00.41.49:095][  0]LogRHI: Texture pool is 1361 MB (70% of 1945 MB)
[2017.01.02-00.41.49:749][  0]LogD3D11RHI: Async texture creation disabled: no driver support
[2017.01.02-00.41.49:776][  0]LogD3D11RHI: GPU Timing Frequency: 27.000000 (Debug: 2 1)
[2017.01.02-00.41.49:778][  0]LogShaderCompilers: Guid format shader working directory is -21 characters bigger than the processId version (../../../../../../Users/Vasanna/Documents/Unreal Projects/UE4KongSec4/Intermediate/Shaders/WorkingDirectory/5652/).
[2017.01.02-00.41.49:778][  0]LogShaderCompilers: Cleaned the shader compiler working directory 'C:/Users/Vasanna/AppData/Local/Temp/UnrealShaderWorkingDir/FA1B95364D87B8FF9E0CC1BCF8B8360E/'.
[2017.01.02-00.41.49:778][  0]LogShaderCompilers:Display: Using Local Shader Compiler.
[2017.01.02-00.41.53:188][  0]LogTemp:Display: Loaded TP AllDesktopTargetPlatform
[2017.01.02-00.41.53:227][  0]LogTemp:Display: Loaded TP WindowsClientTargetPlatform
[2017.01.02-00.41.53:268][  0]LogTemp:Display: Loaded TP WindowsNoEditorTargetPlatform
[2017.01.02-00.41.53:310][  0]LogTemp:Display: Loaded TP WindowsServerTargetPlatform
[2017.01.02-00.41.53:350][  0]LogTemp:Display: Loaded TP WindowsTargetPlatform
[2017.01.02-00.41.53:382][  0]LogTemp:Display: Loaded TP AndroidTargetPlatform
[2017.01.02-00.41.53:416][  0]LogTemp:Display: Loaded TP Android_ASTCTargetPlatform
[2017.01.02-00.41.53:447][  0]LogTemp:Display: Loaded TP Android_ATCTargetPlatform
[2017.01.02-00.41.53:481][  0]LogTemp:Display: Loaded TP Android_DXTTargetPlatform
[2017.01.02-00.41.53:514][  0]LogTemp:Display: Loaded TP Android_ETC1TargetPlatform
[2017.01.02-00.41.53:544][  0]LogTemp:Display: Loaded TP Android_ETC2TargetPlatform
[2017.01.02-00.41.53:610][  0]LogTemp:Display: Loaded TP Android_MultiTargetPlatform
[2017.01.02-00.41.53:610][  0]LogTemp:Display: Loaded TP Android_PVRTCTargetPlatform
[2017.01.02-00.41.53:613][  0]LogTemp:Display: Loaded TP HTML5TargetPlatform
[2017.01.02-00.41.53:668][  0]LogTemp:Display: Loaded TP IOSTargetPlatform
[2017.01.02-00.41.53:696][  0]LogTemp:Display: Loaded TP TVOSTargetPlatform
[2017.01.02-00.41.53:726][  0]LogTemp:Display: Loaded TP LinuxNoEditorTargetPlatform
[2017.01.02-00.41.53:755][  0]LogTemp:Display: Loaded TP LinuxServerTargetPlatform
[2017.01.02-00.41.53:787][  0]LogTemp:Display: Loaded TP LinuxTargetPlatform
[2017.01.02-00.41.53:787][  0]LogTargetPlatformManager:Display: Building Assets For Windows
[2017.01.02-00.41.54:098][  0]LogDerivedDataCache:Display: Max Cache Size: 512 MB
[2017.01.02-00.41.54:289][  0]LogDerivedDataCache: Loaded boot cache 0.19s 48MB C:/Users/Vasanna/AppData/Local/UnrealEngine/4.12/DerivedDataCache/Boot.ddc.
[2017.01.02-00.41.54:290][  0]LogDerivedDataCache:Display: Loaded Boot cache: C:/Users/Vasanna/AppData/Local/UnrealEngine/4.12/DerivedDataCache/Boot.ddc
[2017.01.02-00.41.54:290][  0]LogDerivedDataCache: FDerivedDataBackendGraph:  Pak pak cache file ../../../../../../Users/Vasanna/Documents/Unreal Projects/UE4KongSec4/DerivedDataCache/DDC.ddp not found, will not use a pak cache.
[2017.01.02-00.41.54:290][  0]LogDerivedDataCache: Unable to find inner node Pak for hierarchical cache Hierarchy.
[2017.01.02-00.41.54:290][  0]LogDerivedDataCache: FDerivedDataBackendGraph:  CompressedPak pak cache file ../../../../../../Users/Vasanna/Documents/Unreal Projects/UE4KongSec4/DerivedDataCache/Compressed.ddp not found, will not use a pak cache.
[2017.01.02-00.41.54:290][  0]LogDerivedDataCache: Unable to find inner node CompressedPak for hierarchical cache Hierarchy.
[2017.01.02-00.41.54:361][  0]LogDerivedDataCache:Display: Pak cache opened for reading ../../../Engine/DerivedDataCache/Compressed.ddp.
[2017.01.02-00.41.54:377][  0]LogDerivedDataCache: Using Local data cache path C:/Users/Vasanna/AppData/Local/UnrealEngine/Common/DerivedDataCache: Writable
[2017.01.02-00.41.55:025][  0]LogInit: Selected Device Profile: [Windows]
[2017.01.02-00.41.55:027][  0]LogContentStreaming: Texture pool size is 0.00 MB
[2017.01.02-00.41.55:660][  0]LogMeshUtilities: No automatic mesh reduction module available
[2017.01.02-00.41.55:660][  0]LogMeshUtilities: No automatic mesh merging module available
[2017.01.02-00.41.55:660][  0]LogMeshUtilities: No distributed automatic mesh merging module available
[2017.01.02-00.41.56:575][  0]LogAssetRegistry: FAssetRegistry took 0.0239 seconds to start up
[2017.01.02-00.41.56:785][  0]LogPackageLocalizationCache: Processed 3 localized package path(s) for 2 prioritized culture(s) in 0.195790 seconds
[2017.01.02-00.41.56:803][  0]LogUObjectArray: 28739 objects as part of root set at end of initial load.
[2017.01.02-00.41.56:803][  0]LogUObjectAllocator: 5855624 out of 0 bytes used by permanent object pool.
[2017.01.02-00.41.56:803][  0]LogUObjectArray: CloseDisregardForGC: 0/0 objects in disregard for GC pool
[2017.01.02-00.41.56:835][  0]LogInit: WinSock: version 1.1 (2.2), MaxSocks=32767, MaxUdp=65467
[2017.01.02-00.41.57:502][  0]LogSlate: SlateFontCache - WITH_FREETYPE: 1, WITH_HARFBUZZ: 1
[2017.01.02-00.41.57:502][  0]LogSlate: SlateFontCache - WITH_FREETYPE: 1, WITH_HARFBUZZ: 1
[2017.01.02-00.42.00:170][  0]LogUdpMessaging: Initializing bridge on interface 0.0.0.0:0 to multicast group 230.0.0.1:6666.
[2017.01.02-00.42.00:905][  0]SourceControl: Info Source control is disabled
[2017.01.02-00.42.00:907][  0]SourceControl: Info Source control is disabled
[2017.01.02-00.42.00:941][  0]SourceControl: Info Source control is disabled
[2017.01.02-00.42.00:973][  0]SourceControl: Info Source control is disabled
[2017.01.02-00.42.01:808][  0]LogEngine: Initializing Engine...
[2017.01.02-00.42.01:810][  0]LogHMD: SteamVR failed to initialize.  Err: 110
[2017.01.02-00.42.01:812][  0]LogHMD: SteamVR failed to initialize.  Err: 110
[2017.01.02-00.42.02:391][  0]LogAIModule: Creating AISystem for world NewWorld
[2017.01.02-00.42.02:402][  0]LogInit: XAudio2 using 'Speakers / Headphones (Realtek High Definition Audio)' : 2 channels at 48 kHz using 32 bits per sample (channel mask 0x3)
[2017.01.02-00.42.02:604][  0]LogInit: FAudioDevice initialized.
[2017.01.02-00.42.02:688][  0]LogDerivedDataCache: Saved boot cache 0.08s 48MB C:/Users/Vasanna/AppData/Local/UnrealEngine/4.12/DerivedDataCache/Boot.ddc.
[2017.01.02-00.42.02:723][  0]LogInit: Texture streaming: Enabled
[2017.01.02-00.42.02:839][  0]LogInit: Transaction tracking system initialized
[2017.01.02-00.42.02:965][  0]BlueprintLog: New page: Editor Load
[2017.01.02-00.42.03:343][  0]LocalizationService: Info Localization service is disabled
[2017.01.02-00.42.04:328][  0]LogConsoleResponse:Display: 
[2017.01.02-00.42.04:779][  0]LogCook:Display: Max memory allowance for cook 8192mb
[2017.01.02-00.42.04:779][  0]LogCook:Display: Mobile HDR setting 1
[2017.01.02-00.42.05:243][  0]LogFileCache: Scanning file cache for directory 'C:/Users/Vasanna/Documents/Unreal Projects/UE4KongSec4/Content/' took 0.03s
[2017.01.02-00.42.05:243][  0]SourceControl: Info Source control is disabled
[2017.01.02-00.42.05:244][  0]Cmd: MAP LOAD FILE="../../../../../../Users/Vasanna/Documents/Unreal Projects/UE4KongSec4/Content/SideScrollerBP/Maps/SideScrollerExampleMap.umap" TEMPLATE=0 SHOWPROGRESS=1 FEATURELEVEL=3
[2017.01.02-00.42.05:246][  0]LightingResults: New page: Lighting Build
[2017.01.02-00.42.05:259][  0]MapCheck: New page: Map Check
[2017.01.02-00.42.05:259][  0]LightingResults: New page: Lighting Build
[2017.01.02-00.42.09:170][  0]LogAIModule: Creating AISystem for world SideScrollerExampleMap
[2017.01.02-00.42.09:209][  0]LogEditorServer: Finished looking for orphan Actors (0.000 secs)
[2017.01.02-00.42.09:211][  0]Cmd: MAP CHECKDEP NOCLEARLOG
[2017.01.02-00.42.09:436][  0]MapCheck: Info Map check complete: 0 Error(s), 0 Warning(s), took 224.189ms to complete.
[2017.01.02-00.42.09:436][  0]LogFileHelpers: Loading map 'SideScrollerExampleMap' took 4.193
[2017.01.02-00.42.09:886][  0]LogCollectionManager: Loaded 0 collections in 0.010554 seconds
[2017.01.02-00.42.09:957][  0]LogFileCache: Scanning file cache for directory 'C:/Users/Vasanna/Documents/Unreal Projects/UE4KongSec4/Saved/Collections/' took 0.01s
[2017.01.02-00.42.09:957][  0]LogFileCache: Scanning file cache for directory 'C:/Users/Vasanna/Documents/Unreal Projects/UE4KongSec4/Content/Developers/Vasanna/Collections/' took 0.02s
[2017.01.02-00.42.09:957][  0]LogFileCache: Scanning file cache for directory 'C:/Users/Vasanna/Documents/Unreal Projects/UE4KongSec4/Content/Collections/' took 0.01s
[2017.01.02-00.42.09:957][  0]LogCollectionManager: Rebuilt the GUID cache for 0 collections in 0.000009 seconds
[2017.01.02-00.42.09:992][  0]LogContentBrowser: Native class hierarchy populated in 0.0344 seconds. Added 2047 classes and 369 folders.
[2017.01.02-00.42.10:011][  0]LogStats: UGameplayTagsManager::ConstructGameplayTagTree: Construct from data asset -  0.000 s
[2017.01.02-00.42.10:011][  0]LogStats: UGameplayTagsManager::ConstructGameplayTagTree: GameplayTagTreeChangedEvent.Broadcast -  0.000 s
[2017.01.02-00.42.10:014][  0]LogContentBrowser: Native class hierarchy updated for 'GameplayTags' in 0.0029 seconds. Added 12 classes and 0 folders.
[2017.01.02-00.42.10:040][  0]LogContentBrowser: Native class hierarchy updated for 'WidgetCarousel' in 0.0016 seconds. Added 0 classes and 0 folders.
[2017.01.02-00.42.10:184][  0]LogContentBrowser: Native class hierarchy updated for 'AddContentDialog' in 0.0015 seconds. Added 0 classes and 0 folders.
[2017.01.02-00.42.10:199][  0]LogContentBrowser: Native class hierarchy updated for 'SceneOutliner' in 0.0012 seconds. Added 1 classes and 2 folders.
[2017.01.02-00.42.10:291][  0]LogCrashTracker: Crashtracker disabled due to settings.
[2017.01.02-00.42.10:307][  0]LogUObjectGlobals:Warning: Failed to find object 'Class None.'
[2017.01.02-00.42.10:357][  0]LogContentBrowser: Native class hierarchy updated for 'HierarchicalLODOutliner' in 0.0019 seconds. Added 1 classes and 2 folders.
[2017.01.02-00.42.10:358][  0]LogLoad: Full Startup: 27.38 seconds (BP compile: 0.44 seconds)
[2017.01.02-00.42.10:359][  0]LogExternalProfiler: Found external profiler: VSPerf
[2017.01.02-00.42.10:359][  0]LogExternalProfiler: Using external profiler: VSPerf
[2017.01.02-00.42.10:379][  0]LogWindowsTextInputMethodSystem:Display: IME system now deactivated.
[2017.01.02-00.42.10:380][  0]LogWindowsTextInputMethodSystem:Display: IME system now deactivated.
[2017.01.02-00.42.10:385][  0]LogOcInput: OculusInput pre-init called
[2017.01.02-00.42.10:413][  0]LogContentStreaming: Texture pool size now 200 MB
[2017.01.02-00.42.10:959][  0]LogRenderer: Reallocating scene render targets to support 864x488 (Frame:2).
[2017.01.02-00.42.12:856][  6]LogAssetRegistry: Asset discovery search completed in 16.3051 seconds
[2017.01.02-00.42.12:856][  6]LogCollectionManager: Rebuilt the object cache for 0 collections in 0.000001 seconds (found 0 objects)
[2017.01.02-00.42.12:857][  6]LogCollectionManager: Fixed up redirectors for 0 collections in 0.000087 seconds (updated 0 objects)
[2017.01.02-00.55.46:228][726]LogBlueprintUserMessages: Early PlayInEditor Detection: Level '/Game/SideScrollerBP/Maps/SideScrollerExampleMap.SideScrollerExampleMap:PersistentLevel' has LevelScriptBlueprint '/Game/SideScrollerBP/Maps/SideScrollerExampleMap.SideScrollerExampleMap:PersistentLevel.SideScrollerExampleMap' with GeneratedClass '/Game/SideScrollerBP/Maps/SideScrollerExampleMap.SideScrollerExampleMap_C' with ClassGeneratedBy '/Game/SideScrollerBP/Maps/SideScrollerExampleMap.SideScrollerExampleMap:PersistentLevel.SideScrollerExampleMap'
[2017.01.02-00.55.46:228][726]LogPlayLevel: PlayLevel: No blueprints needed recompiling
[2017.01.02-00.55.46:229][726]PIE: New page: PIE session: SideScrollerExampleMap (Jan 1, 2017, 12:55:46 PM)
[2017.01.02-00.55.46:230][726]LogPlayLevel: Creating play world package: /Game/SideScrollerBP/Maps/UEDPIE_0_SideScrollerExampleMap
[2017.01.02-00.55.46:375][726]LogPlayLevel: PIE: StaticDuplicateObject took: (0.145508s)
[2017.01.02-00.55.46:378][726]LogAIModule: Creating AISystem for world SideScrollerExampleMap
[2017.01.02-00.55.46:378][726]LogPlayLevel: PIE: World Init took: (0.002884s)
[2017.01.02-00.55.46:379][726]LogPlayLevel: PIE: Created PIE world by copying editor world from /Game/SideScrollerBP/Maps/SideScrollerExampleMap.SideScrollerExampleMap to /Game/SideScrollerBP/Maps/UEDPIE_0_SideScrollerExampleMap.SideScrollerExampleMap (0.149416s)
[2017.01.02-00.55.46:543][726]LogInit: XAudio2 using 'Speakers / Headphones (Realtek High Definition Audio)' : 2 channels at 48 kHz using 32 bits per sample (channel mask 0x3)
[2017.01.02-00.55.46:590][726]LogInit: FAudioDevice initialized.
[2017.01.02-00.55.46:747][726]LogWorld: Game class is 'GM_UEKong_C'
[2017.01.02-00.55.46:779][726]LogWorld: Bringing World /Game/SideScrollerBP/Maps/UEDPIE_0_SideScrollerExampleMap.SideScrollerExampleMap up for play (max tick rate 60) at 2017.01.01-18.55.46
[2017.01.02-00.55.46:783][726]LogWorld: Bringing up level for play took: 0.031013
[2017.01.02-00.55.46:811][726]LogContentBrowser: Native class hierarchy updated for 'MovieSceneCapture' in 0.0024 seconds. Added 11 classes and 0 folders.
[2017.01.02-00.55.46:816][726]LogLinker:Warning: Can't find file '/Game/MatineeActorLevelSequence'
[2017.01.02-00.55.46:817][726]LogLinker:Warning: Can't find file '/Game/MatineeActorLevelSequence'
[2017.01.02-00.55.46:818][726]LogUObjectGlobals:Warning: Failed to find object 'Object /Game/MatineeActorLevelSequence.MatineeActorLevelSequence'
[2017.01.02-00.55.47:130][726]PIE: Info Play in editor start time for /Game/SideScrollerBP/Maps/UEDPIE_0_SideScrollerExampleMap 1.72
[2017.01.02-00.55.47:131][726]LogBlueprintUserMessages: Late PlayInEditor Detection: Level '/Game/SideScrollerBP/Maps/SideScrollerExampleMap.SideScrollerExampleMap:PersistentLevel' has LevelScriptBlueprint '/Game/SideScrollerBP/Maps/SideScrollerExampleMap.SideScrollerExampleMap:PersistentLevel.SideScrollerExampleMap' with GeneratedClass '/Game/SideScrollerBP/Maps/SideScrollerExampleMap.SideScrollerExampleMap_C' with ClassGeneratedBy '/Game/SideScrollerBP/Maps/SideScrollerExampleMap.SideScrollerExampleMap:PersistentLevel.SideScrollerExampleMap'
[2017.01.02-00.55.48:789][762]LogBlueprintUserMessages: Early EndPlayMap Detection: Level '/Game/SideScrollerBP/Maps/SideScrollerExampleMap.SideScrollerExampleMap:PersistentLevel' has LevelScriptBlueprint '/Game/SideScrollerBP/Maps/SideScrollerExampleMap.SideScrollerExampleMap:PersistentLevel.SideScrollerExampleMap' with GeneratedClass '/Game/SideScrollerBP/Maps/SideScrollerExampleMap.SideScrollerExampleMap_C' with ClassGeneratedBy '/Game/SideScrollerBP/Maps/SideScrollerExampleMap.SideScrollerExampleMap:PersistentLevel.SideScrollerExampleMap'
[2017.01.02-00.55.49:083][762]LogBlueprintUserMessages: Late EndPlayMap Detection: Level '/Game/SideScrollerBP/Maps/SideScrollerExampleMap.SideScrollerExampleMap:PersistentLevel' has LevelScriptBlueprint '/Game/SideScrollerBP/Maps/SideScrollerExampleMap.SideScrollerExampleMap:PersistentLevel.SideScrollerExampleMap' with GeneratedClass '/Game/SideScrollerBP/Maps/SideScrollerExampleMap.SideScrollerExampleMap_C' with ClassGeneratedBy '/Game/SideScrollerBP/Maps/SideScrollerExampleMap.SideScrollerExampleMap:PersistentLevel.SideScrollerExampleMap'
[2017.01.02-00.55.58:433][ 38]LogAIModule: Creating AISystem for world UEKong_1
[2017.01.02-00.55.58:625][ 38]Cmd: MAP LOAD FILE="../../../../../../Users/Vasanna/Documents/Unreal Projects/UE4KongSec4/Content/UEKong/Maps/UEKong_1.umap" TEMPLATE=0 SHOWPROGRESS=1 FEATURELEVEL=3
[2017.01.02-00.55.58:625][ 38]LightingResults: New page: Lighting Build
[2017.01.02-00.55.58:628][ 38]LoadErrors: New page: Loading map: UEKong_1.umap
[2017.01.02-00.55.58:631][ 38]MapCheck: New page: Map Check
[2017.01.02-00.55.58:631][ 38]LightingResults: New page: Lighting Build
[2017.01.02-00.55.58:774][ 38]LogEditorServer: Finished looking for orphan Actors (0.000 secs)
[2017.01.02-00.55.59:165][ 38]Cmd: MAP CHECKDEP NOCLEARLOG
[2017.01.02-00.55.59:392][ 38]MapCheck: Info Map check complete: 0 Error(s), 0 Warning(s), took 227.368ms to complete.
[2017.01.02-00.55.59:406][ 38]LogFileHelpers: Loading map 'UEKong_1' took 0.785
[2017.01.02-00.56.00:657][ 64]LogBlueprintUserMessages: Early PlayInEditor Detection: Level '/Game/UEKong/Maps/UEKong_1.UEKong_1:PersistentLevel' has LevelScriptBlueprint '/Game/UEKong/Maps/UEKong_1.UEKong_1:PersistentLevel.UEKong_1' with GeneratedClass '/Game/UEKong/Maps/UEKong_1.UEKong_1_C' with ClassGeneratedBy '/Game/UEKong/Maps/UEKong_1.UEKong_1:PersistentLevel.UEKong_1'
[2017.01.02-00.56.00:657][ 64]LogPlayLevel: PlayLevel: No blueprints needed recompiling
[2017.01.02-00.56.00:657][ 64]PIE: New page: PIE session: UEKong_1 (Jan 1, 2017, 12:56:00 PM)
[2017.01.02-00.56.00:657][ 64]LogPlayLevel: Creating play world package: /Game/UEKong/Maps/UEDPIE_0_UEKong_1
[2017.01.02-00.56.00:773][ 64]LogPlayLevel: PIE: StaticDuplicateObject took: (0.115233s)
[2017.01.02-00.56.00:775][ 64]LogAIModule: Creating AISystem for world UEKong_1
[2017.01.02-00.56.00:775][ 64]LogPlayLevel: PIE: World Init took: (0.002453s)
[2017.01.02-00.56.00:776][ 64]LogPlayLevel: PIE: Created PIE world by copying editor world from /Game/UEKong/Maps/UEKong_1.UEKong_1 to /Game/UEKong/Maps/UEDPIE_0_UEKong_1.UEKong_1 (0.118463s)
[2017.01.02-00.56.00:866][ 64]LogInit: XAudio2 using 'Speakers / Headphones (Realtek High Definition Audio)' : 2 channels at 48 kHz using 32 bits per sample (channel mask 0x3)
[2017.01.02-00.56.00:904][ 64]LogInit: FAudioDevice initialized.
[2017.01.02-00.56.01:024][ 64]LogWorld: Game class is 'GM_UEKong_C'
[2017.01.02-00.56.01:054][ 64]LogWorld: Bringing World /Game/UEKong/Maps/UEDPIE_0_UEKong_1.UEKong_1 up for play (max tick rate 60) at 2017.01.01-18.56.01
[2017.01.02-00.56.01:056][ 64]LogWorld: Bringing up level for play took: 0.030476
[2017.01.02-00.56.01:355][ 64]PIE: Info Play in editor start time for /Game/UEKong/Maps/UEDPIE_0_UEKong_1 -0.056
[2017.01.02-00.56.01:356][ 64]LogBlueprintUserMessages: Late PlayInEditor Detection: Level '/Game/UEKong/Maps/UEKong_1.UEKong_1:PersistentLevel' has LevelScriptBlueprint '/Game/UEKong/Maps/UEKong_1.UEKong_1:PersistentLevel.UEKong_1' with GeneratedClass '/Game/UEKong/Maps/UEKong_1.UEKong_1_C' with ClassGeneratedBy '/Game/UEKong/Maps/UEKong_1.UEKong_1:PersistentLevel.UEKong_1'
[2017.01.02-00.56.03:627][128]LogBlueprintUserMessages: Early EndPlayMap Detection: Level '/Game/UEKong/Maps/UEKong_1.UEKong_1:PersistentLevel' has LevelScriptBlueprint '/Game/UEKong/Maps/UEKong_1.UEKong_1:PersistentLevel.UEKong_1' with GeneratedClass '/Game/UEKong/Maps/UEKong_1.UEKong_1_C' with ClassGeneratedBy '/Game/UEKong/Maps/UEKong_1.UEKong_1:PersistentLevel.UEKong_1'
[2017.01.02-00.56.03:912][128]LogBlueprintUserMessages: Late EndPlayMap Detection: Level '/Game/UEKong/Maps/UEKong_1.UEKong_1:PersistentLevel' has LevelScriptBlueprint '/Game/UEKong/Maps/UEKong_1.UEKong_1:PersistentLevel.UEKong_1' with GeneratedClass '/Game/UEKong/Maps/UEKong_1.UEKong_1_C' with ClassGeneratedBy '/Game/UEKong/Maps/UEKong_1.UEKong_1:PersistentLevel.UEKong_1'
[2017.01.02-00.56.05:728][192]LogEditorViewport: Clicking on Actor (LMB): SideScrollerCharacter_C (SideScrollerCharacter)
[2017.01.02-00.56.25:847][699]Cmd: CAMERA ALIGN ACTIVEVIEWPORTONLY
[2017.01.02-00.56.27:688][745]LogBlueprintUserMessages: Early PlayInEditor Detection: Level '/Game/UEKong/Maps/UEKong_1.UEKong_1:PersistentLevel' has LevelScriptBlueprint '/Game/UEKong/Maps/UEKong_1.UEKong_1:PersistentLevel.UEKong_1' with GeneratedClass '/Game/UEKong/Maps/UEKong_1.UEKong_1_C' with ClassGeneratedBy '/Game/UEKong/Maps/UEKong_1.UEKong_1:PersistentLevel.UEKong_1'
[2017.01.02-00.56.27:688][745]LogPlayLevel: PlayLevel: No blueprints needed recompiling
[2017.01.02-00.56.27:688][745]PIE: New page: PIE session: UEKong_1 (Jan 1, 2017, 12:56:27 PM)
[2017.01.02-00.56.27:688][745]LogPlayLevel: Creating play world package: /Game/UEKong/Maps/UEDPIE_0_UEKong_1
[2017.01.02-00.56.27:786][745]LogPlayLevel: PIE: StaticDuplicateObject took: (0.097757s)
[2017.01.02-00.56.27:792][745]LogAIModule: Creating AISystem for world UEKong_1
[2017.01.02-00.56.27:792][745]LogPlayLevel: PIE: World Init took: (0.005927s)
[2017.01.02-00.56.27:793][745]LogPlayLevel: PIE: Created PIE world by copying editor world from /Game/UEKong/Maps/UEKong_1.UEKong_1 to /Game/UEKong/Maps/UEDPIE_0_UEKong_1.UEKong_1 (0.104448s)
[2017.01.02-00.56.27:907][745]LogInit: XAudio2 using 'Speakers / Headphones (Realtek High Definition Audio)' : 2 channels at 48 kHz using 32 bits per sample (channel mask 0x3)
[2017.01.02-00.56.27:937][745]LogInit: FAudioDevice initialized.
[2017.01.02-00.56.28:029][745]LogWorld: Game class is 'GM_UEKong_C'
[2017.01.02-00.56.28:061][745]LogWorld: Bringing World /Game/UEKong/Maps/UEDPIE_0_UEKong_1.UEKong_1 up for play (max tick rate 60) at 2017.01.01-18.56.28
[2017.01.02-00.56.28:064][745]LogWorld: Bringing up level for play took: 0.031864
[2017.01.02-00.56.28:333][745]PIE: Info Play in editor start time for /Game/UEKong/Maps/UEDPIE_0_UEKong_1 0.924
[2017.01.02-00.56.28:334][745]LogBlueprintUserMessages: Late PlayInEditor Detection: Level '/Game/UEKong/Maps/UEKong_1.UEKong_1:PersistentLevel' has LevelScriptBlueprint '/Game/UEKong/Maps/UEKong_1.UEKong_1:PersistentLevel.UEKong_1' with GeneratedClass '/Game/UEKong/Maps/UEKong_1.UEKong_1_C' with ClassGeneratedBy '/Game/UEKong/Maps/UEKong_1.UEKong_1:PersistentLevel.UEKong_1'
[2017.01.02-00.56.40:464][125]LogBlueprintUserMessages: [SideScrollerCharacter_78] 4.0
[2017.01.02-00.56.41:488][157]LogBlueprintUserMessages: [SideScrollerCharacter_78] 3.0
[2017.01.02-00.56.42:527][189]LogBlueprintUserMessages: [SideScrollerCharacter_78] 2.0
[2017.01.02-00.56.43:536][220]LogBlueprintUserMessages: [SideScrollerCharacter_78] 1.0
[2017.01.02-00.56.44:542][252]LogBlueprintUserMessages: [SideScrollerCharacter_78] 0.0
[2017.01.02-00.56.47:799][324]LogBlueprintUserMessages: [SideScrollerCharacter_78] BP_Barrel_C_2
[2017.01.02-00.56.47:802][324]LogBlueprintUserMessages: [UEKong_1_C_3] 100
[2017.01.02-00.56.49:185][367]LogBlueprintUserMessages: [SideScrollerCharacter_78] -400
[2017.01.02-00.56.50:262][400]LogBlueprintUserMessages: Early EndPlayMap Detection: Level '/Game/UEKong/Maps/UEKong_1.UEKong_1:PersistentLevel' has LevelScriptBlueprint '/Game/UEKong/Maps/UEKong_1.UEKong_1:PersistentLevel.UEKong_1' with GeneratedClass '/Game/UEKong/Maps/UEKong_1.UEKong_1_C' with ClassGeneratedBy '/Game/UEKong/Maps/UEKong_1.UEKong_1:PersistentLevel.UEKong_1'
[2017.01.02-00.56.50:768][400]LogBlueprintUserMessages: Late EndPlayMap Detection: Level '/Game/UEKong/Maps/UEKong_1.UEKong_1:PersistentLevel' has LevelScriptBlueprint '/Game/UEKong/Maps/UEKong_1.UEKong_1:PersistentLevel.UEKong_1' with GeneratedClass '/Game/UEKong/Maps/UEKong_1.UEKong_1_C' with ClassGeneratedBy '/Game/UEKong/Maps/UEKong_1.UEKong_1:PersistentLevel.UEKong_1'
[2017.01.02-00.56.53:883][475]LogText:Warning: Failed to parse argument "GameModeName" as a number (using "0" as a fallback). Please check your format string for errors: "GameMode: Edit {GameModeName}".
[2017.01.02-00.56.56:874][521]LogContentBrowser: Native class hierarchy updated for 'BlueprintGraph' in 0.0037 seconds. Added 111 classes and 0 folders.
[2017.01.02-00.57.15:836][ 89]BlueprintLog: New page: Compile UEKong_1
[2017.01.02-00.57.16:665][ 89]BlueprintEditorCompileResults: Info [0933.68] Compile of PersistentLevel.UEKong_1 successful! [in 829 ms] (/Game/UEKong/Maps/UEKong_1.UEKong_1:PersistentLevel.UEKong_1)
[2017.01.02-00.57.40:014][869]LogSavePackage: Save=3072.55ms
[2017.01.02-00.57.40:014][869]LogSavePackage: Moving '../../../../../../Users/Vasanna/Documents/Unreal Projects/UE4KongSec4/Saved/UEKong_18064047746345386B9CF0885EED5157A.tmp' to '../../../../../../Users/Vasanna/Documents/Unreal Projects/UE4KongSec4/Content/UEKong/Maps/UEKong_1.umap'
[2017.01.02-00.57.40:031][869]LogSavePackage:Display: Finished SavePackage ../../../../../../Users/Vasanna/Documents/Unreal Projects/UE4KongSec4/Content/UEKong/Maps/UEKong_1.umap
[2017.01.02-00.57.43:735][942]LogWindowsTextInputMethodSystem:Display: IME system now deactivated.
[2017.01.02-00.57.43:736][942]LogWindowsTextInputMethodSystem:Display: IME system now deactivated.
[2017.01.02-00.57.44:253][943]Cmd: QUIT_EDITOR
[2017.01.02-00.57.44:590][943]LogExit: Preparing to exit.
[2017.01.02-00.57.45:297][943]LogExit: Editor shut down
[2017.01.02-00.57.45:298][943]LogExit: Transaction tracking system shut down
[2017.01.02-00.57.45:806][943]LogObj: Freed 0b from 0 cluster array pools.
[2017.01.02-00.57.45:806][943]LogExit: Object subsystem successfully closed.
[2017.01.02-00.57.45:837][943]LogD3D11RHI: Shutdown
[2017.01.02-00.57.45:837][943]LogD3D11RHI: CleanupD3DDevice
[2017.01.02-00.57.45:933][943]LogD3D11RHI: ~FD3D11DynamicRHI
[2017.01.02-00.57.45:997][943]LogModuleManager: Shutting down and abandoning module BlueprintGraph (215)
[2017.01.02-00.57.45:997][943]LogModuleManager: Shutting down and abandoning module MovieSceneCapture (214)
[2017.01.02-00.57.45:997][943]LogModuleManager: Shutting down and abandoning module HierarchicalLODOutliner (213)
[2017.01.02-00.57.45:997][943]LogModuleManager: Shutting down and abandoning module CrashTracker (212)
[2017.01.02-00.57.45:997][943]LogModuleManager: Shutting down and abandoning module SceneOutliner (211)
[2017.01.02-00.57.45:997][943]LogModuleManager: Shutting down and abandoning module WidgetCarousel (210)
[2017.01.02-00.57.45:997][943]LogModuleManager: Shutting down and abandoning module AddContentDialog (209)
[2017.01.02-00.57.46:001][943]LogModuleManager: Shutting down and abandoning module GameplayTags (208)
[2017.01.02-00.57.46:001][943]LogModuleManager: Shutting down and abandoning module EditorWidgets (207)
[2017.01.02-00.57.46:001][943]LogModuleManager: Shutting down and abandoning module CollectionManager (206)
[2017.01.02-00.57.46:002][943]LogModuleManager: Shutting down and abandoning module StatsViewer (205)
[2017.01.02-00.57.46:002][943]LogModuleManager: Shutting down and abandoning module FoliageEdit (204)
[2017.01.02-00.57.46:002][943]LogModuleManager: Shutting down and abandoning module LandscapeEditor (203)
[2017.01.02-00.57.46:003][943]LogModuleManager: Shutting down and abandoning module SceneDepthPickerMode (202)
[2017.01.02-00.57.46:003][943]LogModuleManager: Shutting down and abandoning module ActorPickerMode (201)
[2017.01.02-00.57.46:003][943]LogModuleManager: Shutting down and abandoning module GeometryMode (200)
[2017.01.02-00.57.46:003][943]LogModuleManager: Shutting down and abandoning module TextureAlignMode (199)
[2017.01.02-00.57.46:003][943]LogModuleManager: Shutting down and abandoning module BspMode (198)
[2017.01.02-00.57.46:003][943]LogModuleManager: Shutting down and abandoning module HardwareSurvey (197)
[2017.01.02-00.57.46:003][943]LogModuleManager: Shutting down and abandoning module SequenceRecorderSections (196)
[2017.01.02-00.57.46:003][943]LogModuleManager: Shutting down and abandoning module SequenceRecorder (195)
[2017.01.02-00.57.46:003][943]LogModuleManager: Shutting down and abandoning module AutomationWorker (194)
[2017.01.02-00.57.46:003][943]LogModuleManager: Shutting down and abandoning module MatineeToLevelSequence (193)
[2017.01.02-00.57.46:003][943]LogModuleManager: Shutting down and abandoning module PlacementMode (192)
[2017.01.02-00.57.46:003][943]LogModuleManager: Shutting down and abandoning module LevelSequenceEditor (191)
[2017.01.02-00.57.46:004][943]LogModuleManager: Shutting down and abandoning module CharacterAI (190)
[2017.01.02-00.57.46:004][943]LogModuleManager: Shutting down and abandoning module SmartSnapping (189)
[2017.01.02-00.57.46:004][943]LogModuleManager: Shutting down and abandoning module SessionServices (188)
[2017.01.02-00.57.46:004][943]LogModuleManager: Shutting down and abandoning module ViewportSnapping (187)
[2017.01.02-00.57.46:004][943]LogModuleManager: Shutting down and abandoning module LogVisualizer (186)
[2017.01.02-00.57.46:004][943]LogModuleManager: Shutting down and abandoning module GameProjectGeneration (185)
[2017.01.02-00.57.46:004][943]LogModuleManager: Shutting down and abandoning module IntroTutorials (184)
[2017.01.02-00.57.46:005][943]LogModuleManager: Shutting down and abandoning module EditorLiveStreaming (183)
[2017.01.02-00.57.46:005][943]LogModuleManager: Shutting down and abandoning module IOSPlatformEditor (182)
[2017.01.02-00.57.46:005][943]LogModuleManager: Shutting down and abandoning module HTML5PlatformEditor (181)
[2017.01.02-00.57.46:005][943]LogModuleManager: Shutting down and abandoning module AndroidDeviceDetection (180)
[2017.01.02-00.57.46:142][943]LogModuleManager: Shutting down and abandoning module AndroidPlatformEditor (179)
[2017.01.02-00.57.46:142][943]LogModuleManager: Shutting down and abandoning module IOSRuntimeSettings (178)
[2017.01.02-00.57.46:142][943]LogModuleManager: Shutting down and abandoning module AndroidRuntimeSettings (177)
[2017.01.02-00.57.46:142][943]LogModuleManager: Shutting down and abandoning module MergeActors (176)
[2017.01.02-00.57.46:142][943]LogModuleManager: Shutting down and abandoning module SizeMap (175)
[2017.01.02-00.57.46:142][943]LogModuleManager: Shutting down and abandoning module TreeMap (174)
[2017.01.02-00.57.46:142][943]LogModuleManager: Shutting down and abandoning module ReferenceViewer (173)
[2017.01.02-00.57.46:142][943]LogModuleManager: Shutting down and abandoning module LocalizationService (172)
[2017.01.02-00.57.46:142][943]LogModuleManager: Shutting down and abandoning module LocalizationDashboard (171)
[2017.01.02-00.57.46:142][943]LogModuleManager: Shutting down and abandoning module HardwareTargeting (170)
[2017.01.02-00.57.46:142][943]LogModuleManager: Shutting down and abandoning module DeviceProfileEditor (169)
[2017.01.02-00.57.46:142][943]LogModuleManager: Shutting down and abandoning module UndoHistory (168)
[2017.01.02-00.57.46:142][943]LogModuleManager: Shutting down and abandoning module UserFeedback (167)
[2017.01.02-00.57.46:142][943]LogModuleManager: Shutting down and abandoning module XmlParser (166)
[2017.01.02-00.57.46:142][943]LogModuleManager: Shutting down and abandoning module Blutility (165)
[2017.01.02-00.57.46:142][943]LogModuleManager: Shutting down and abandoning module ProjectTargetPlatformEditor (164)
[2017.01.02-00.57.46:143][943]LogModuleManager: Shutting down and abandoning module ProjectSettingsViewer (163)
[2017.01.02-00.57.46:143][943]LogModuleManager: Shutting down and abandoning module InputBindingEditor (162)
[2017.01.02-00.57.46:143][943]LogModuleManager: Shutting down and abandoning module EditorSettingsViewer (161)
[2017.01.02-00.57.46:143][943]LogModuleManager: Shutting down and abandoning module SettingsEditor (160)
[2017.01.02-00.57.46:143][943]LogModuleManager: Shutting down and abandoning module ProjectLauncher (159)
[2017.01.02-00.57.46:143][943]LogModuleManager: Shutting down and abandoning module SessionFrontend (158)
[2017.01.02-00.57.46:144][943]LogModuleManager: Shutting down and abandoning module ProfilerClient (157)
[2017.01.02-00.57.46:144][943]LogModuleManager: Shutting down and abandoning module TargetDeviceServices (156)
[2017.01.02-00.57.46:144][943]LogModuleManager: Shutting down and abandoning module DeviceManager (155)
[2017.01.02-00.57.46:198][943]LogModuleManager: Shutting down and abandoning module AutomationController (154)
[2017.01.02-00.57.46:198][943]LogModuleManager: Shutting down and abandoning module AutomationWindow (153)
[2017.01.02-00.57.46:198][943]LogModuleManager: Shutting down and abandoning module Layers (152)
[2017.01.02-00.57.46:198][943]LogModuleManager: Shutting down and abandoning module ComponentVisualizers (151)
[2017.01.02-00.57.46:198][943]LogModuleManager: Shutting down and abandoning module DetailCustomizations (150)
[2017.01.02-00.57.46:198][943]LogModuleManager: Shutting down and abandoning module PackagesDialog (149)
[2017.01.02-00.57.46:198][943]LogModuleManager: Shutting down and abandoning module Persona (148)
[2017.01.02-00.57.46:199][943]LogModuleManager: Shutting down and abandoning module Kismet (147)
[2017.01.02-00.57.46:199][943]LogModuleManager: Shutting down and abandoning module GraphEditor (146)
[2017.01.02-00.57.46:199][943]LogModuleManager: Shutting down and abandoning module ClassViewer (145)
[2017.01.02-00.57.46:199][943]LogModuleManager: Shutting down and abandoning module Toolbox (144)
[2017.01.02-00.57.46:199][943]LogModuleManager: Shutting down and abandoning module ModuleUI (143)
[2017.01.02-00.57.46:199][943]LogModuleManager: Shutting down and abandoning module MovieSceneTools (142)
[2017.01.02-00.57.46:199][943]LogModuleManager: Shutting down and abandoning module OutputLog (141)
[2017.01.02-00.57.46:199][943]LogModuleManager: Shutting down and abandoning module GammaUI (140)
[2017.01.02-00.57.46:199][943]LogModuleManager: Shutting down and abandoning module Documentation (139)
[2017.01.02-00.57.46:199][943]LogModuleManager: Shutting down and abandoning module StreamingPauseRendering (138)
[2017.01.02-00.57.46:199][943]LogModuleManager: Shutting down and abandoning module AnalyticsET (137)
[2017.01.02-00.57.46:199][943]LogModuleManager: Shutting down and abandoning module Analytics (136)
[2017.01.02-00.57.46:199][943]LogModuleManager: Shutting down and abandoning module PortalServices (135)
[2017.01.02-00.57.46:200][943]LogModuleManager: Shutting down and abandoning module PortalRpc (134)
[2017.01.02-00.57.46:200][943]LogModuleManager: Shutting down and abandoning module MessagingRpc (133)
[2017.01.02-00.57.46:200][943]LogModuleManager: Shutting down and abandoning module GameplayDebugger (132)
[2017.01.02-00.57.46:200][943]LogModuleManager: Shutting down and abandoning module AITestSuite (131)
[2017.01.02-00.57.46:200][943]LogModuleManager: Shutting down and abandoning module AIModule (130)
[2017.01.02-00.57.46:200][943]LogModuleManager: Shutting down and abandoning module ProfilerService (129)
[2017.01.02-00.57.46:369][943]LogModuleManager: Shutting down and abandoning module TaskGraph (128)
[2017.01.02-00.57.46:369][943]LogModuleManager: Shutting down and abandoning module SlateRemote (127)
[2017.01.02-00.57.46:369][943]LogModuleManager: Shutting down and abandoning module SteamVRController (126)
[2017.01.02-00.57.46:369][943]LogModuleManager: Shutting down and abandoning module SteamVR (125)
[2017.01.02-00.57.46:369][943]LogModuleManager: Shutting down and abandoning module ProceduralMeshComponent (124)
[2017.01.02-00.57.46:369][943]LogModuleManager: Shutting down and abandoning module OculusLibrary (123)
[2017.01.02-00.57.46:369][943]LogModuleManager: Shutting down and abandoning module OculusInput (122)
[2017.01.02-00.57.46:369][943]LogModuleManager: Shutting down and abandoning module CustomMeshComponent (121)
[2017.01.02-00.57.46:369][943]LogModuleManager: Shutting down and abandoning module CableComponent (120)
[2017.01.02-00.57.46:369][943]LogModuleManager: Shutting down and abandoning module ArchVisCharacter (119)
[2017.01.02-00.57.46:369][943]LogModuleManager: Shutting down and abandoning module MediaPlayerEditor (118)
[2017.01.02-00.57.46:369][943]LogModuleManager: Shutting down and abandoning module HTML5Networking (117)
[2017.01.02-00.57.46:369][943]LogModuleManager: Shutting down and abandoning module SuperSearch (116)
[2017.01.02-00.57.46:370][943]LogModuleManager: Shutting down and abandoning module SuperSearchEditor (115)
[2017.01.02-00.57.46:370][943]LogModuleManager: Shutting down and abandoning module SpeedTreeImporter (114)
[2017.01.02-00.57.46:370][943]LogModuleManager: Shutting down and abandoning module PluginBrowser (113)
[2017.01.02-00.57.46:370][943]LogModuleManager: Shutting down and abandoning module EpicSurvey (112)
[2017.01.02-00.57.46:370][943]LogModuleManager: Shutting down and abandoning module DesktopPlatform (111)
[2017.01.02-00.57.46:370][943]LogModuleManager: Shutting down and abandoning module VisualStudioSourceCodeAccess (110)
[2017.01.02-00.57.46:370][943]LogModuleManager: Shutting down and abandoning module UObjectPlugin (109)
[2017.01.02-00.57.46:370][943]LogModuleManager: Shutting down and abandoning module SubversionSourceControl (108)
[2017.01.02-00.57.46:370][943]LogModuleManager: Shutting down and abandoning module PerforceSourceControl (107)
[2017.01.02-00.57.46:370][943]LogModuleManager: Shutting down and abandoning module SourceControl (106)
[2017.01.02-00.57.46:370][943]LogModuleManager: Shutting down and abandoning module GitSourceControl (105)
[2017.01.02-00.57.46:370][943]LogModuleManager: Shutting down and abandoning module LightPropagationVolumeEditor (104)
[2017.01.02-00.57.46:370][943]LogModuleManager: Shutting down and abandoning module PaperTiledImporter (103)
[2017.01.02-00.57.46:370][943]LogModuleManager: Shutting down and abandoning module PaperSpriteSheetImporter (102)
[2017.01.02-00.57.46:370][943]LogModuleManager: Shutting down and abandoning module MeshPaint (101)
[2017.01.02-00.57.46:370][943]LogModuleManager: Shutting down and abandoning module PixelInspectorModule (100)
[2017.01.02-00.57.46:371][943]LogModuleManager: Shutting down and abandoning module HotReload (99)
[2017.01.02-00.57.46:372][943]LogModuleManager: Shutting down and abandoning module MainFrame (98)
[2017.01.02-00.57.46:372][943]LogModuleManager: Shutting down and abandoning module LevelEditor (97)
[2017.01.02-00.57.46:374][943]LogModuleManager: Shutting down and abandoning module ContentBrowser (96)
[2017.01.02-00.57.46:376][943]LogModuleManager: Shutting down and abandoning module Paper2DEditor (95)
[2017.01.02-00.57.46:376][943]LogModuleManager: Shutting down and abandoning module UdpMessaging (94)
[2017.01.02-00.57.46:477][943]LogModuleManager: Shutting down and abandoning module LightPropagationVolumeRuntime (93)
[2017.01.02-00.57.46:477][943]LogModuleManager: Shutting down and abandoning module Paper2D (92)
[2017.01.02-00.57.46:477][943]LogModuleManager: Shutting down and abandoning module WindowsMoviePlayer (91)
[2017.01.02-00.57.46:478][943]LogModuleManager: Shutting down and abandoning module Media (90)
[2017.01.02-00.57.46:478][943]LogModuleManager: Shutting down and abandoning module WmfMedia (89)
[2017.01.02-00.57.46:478][943]LogModuleManager: Shutting down and abandoning module MediaAssets (88)
[2017.01.02-00.57.46:478][943]LogModuleManager: Shutting down and abandoning module GameLiveStreaming (87)
[2017.01.02-00.57.46:479][943]LogModuleManager: Shutting down and abandoning module GameplayTagsEditor (86)
[2017.01.02-00.57.46:479][943]LogModuleManager: Shutting down and abandoning module OnlineBlueprintSupport (85)
[2017.01.02-00.57.46:479][943]LogModuleManager: Shutting down and abandoning module VREditor (84)
[2017.01.02-00.57.46:479][943]LogModuleManager: Shutting down and abandoning module GameplayTasksEditor (83)
[2017.01.02-00.57.46:479][943]LogModuleManager: Shutting down and abandoning module PropertyEditor (82)
[2017.01.02-00.57.46:479][943]LogModuleManager: Shutting down and abandoning module BehaviorTreeEditor (81)
[2017.01.02-00.57.46:479][943]LogModuleManager: Shutting down and abandoning module FunctionalTesting (80)
[2017.01.02-00.57.46:480][943]LogModuleManager: Shutting down and abandoning module CollisionAnalyzer (79)
[2017.01.02-00.57.46:480][943]LogModuleManager: Shutting down and abandoning module Sequencer (78)
[2017.01.02-00.57.46:480][943]LogModuleManager: Shutting down and abandoning module WorkspaceMenuStructure (77)
[2017.01.02-00.57.46:480][943]LogModuleManager: Shutting down and abandoning module MessageLog (76)
[2017.01.02-00.57.46:480][943]LogModuleManager: Shutting down and abandoning module AssetTools (75)
[2017.01.02-00.57.46:480][943]LogModuleManager: Shutting down and abandoning module UMGEditor (74)
[2017.01.02-00.57.46:481][943]LogModuleManager: Shutting down and abandoning module UMG (73)
[2017.01.02-00.57.46:481][943]LogModuleManager: Shutting down and abandoning module SlateReflector (72)
[2017.01.02-00.57.46:481][943]LogModuleManager: Shutting down and abandoning module Slate (71)
[2017.01.02-00.57.46:481][943]LogModuleManager: Shutting down and abandoning module EditorStyle (70)
[2017.01.02-00.57.46:489][943]LogModuleManager: Shutting down and abandoning module SourceCodeAccess (69)
[2017.01.02-00.57.46:489][943]LogModuleManager: Shutting down and abandoning module HeadMountedDisplay (68)
[2017.01.02-00.57.46:489][943]LogModuleManager: Shutting down and abandoning module XAudio2 (67)
[2017.01.02-00.57.46:489][943]LogModuleManager: Shutting down and abandoning module Networking (65)
[2017.01.02-00.57.46:489][943]LogModuleManager: Shutting down and abandoning module Core (64)
[2017.01.02-00.57.46:489][943]LogModuleManager: Shutting down and abandoning module DirectoryWatcher (63)
[2017.01.02-00.57.46:491][943]LogModuleManager: Shutting down and abandoning module AssetRegistry (62)
[2017.01.02-00.57.46:740][943]LogModuleManager: Shutting down and abandoning module KismetCompiler (61)
[2017.01.02-00.57.46:740][943]LogModuleManager: Shutting down and abandoning module PhysXFormats (60)
[2017.01.02-00.57.46:740][943]LogModuleManager: Shutting down and abandoning module MeshUtilities (59)
[2017.01.02-00.57.46:740][943]LogModuleManager: Shutting down and abandoning module DerivedDataCache (58)
[2017.01.02-00.57.46:817][943]LogDerivedDataCache: Shutdown
[2017.01.02-00.57.46:817][943]LogModuleManager: Shutting down and abandoning module VulkanShaderFormat (57)
[2017.01.02-00.57.46:817][943]LogModuleManager: Shutting down and abandoning module ShaderFormatOpenGL (56)
[2017.01.02-00.57.46:817][943]LogModuleManager: Shutting down and abandoning module ShaderFormatD3D (55)
[2017.01.02-00.57.46:817][943]LogModuleManager: Shutting down and abandoning module MetalShaderFormat (54)
[2017.01.02-00.57.46:817][943]LogModuleManager: Shutting down and abandoning module TextureFormatUncompressed (53)
[2017.01.02-00.57.46:817][943]LogModuleManager: Shutting down and abandoning module TextureFormatPVR (52)
[2017.01.02-00.57.46:817][943]LogModuleManager: Shutting down and abandoning module TextureFormatIntelISPCTexComp (51)
[2017.01.02-00.57.46:817][943]LogModuleManager: Shutting down and abandoning module TextureFormatDXT (50)
[2017.01.02-00.57.46:817][943]LogModuleManager: Shutting down and abandoning module ImageWrapper (49)
[2017.01.02-00.57.46:817][943]LogModuleManager: Shutting down and abandoning module TextureFormatASTC (48)
[2017.01.02-00.57.46:817][943]LogModuleManager: Shutting down and abandoning module TextureFormatAndroid (47)
[2017.01.02-00.57.46:817][943]LogModuleManager: Shutting down and abandoning module AudioFormatOpus (46)
[2017.01.02-00.57.46:817][943]LogModuleManager: Shutting down and abandoning module AudioFormatOgg (45)
[2017.01.02-00.57.46:817][943]LogModuleManager: Shutting down and abandoning module AudioFormatADPCM (44)
[2017.01.02-00.57.46:817][943]LogModuleManager: Shutting down and abandoning module LinuxTargetPlatform (43)
[2017.01.02-00.57.46:818][943]LogModuleManager: Shutting down and abandoning module LinuxServerTargetPlatform (42)
[2017.01.02-00.57.46:818][943]LogModuleManager: Shutting down and abandoning module LinuxNoEditorTargetPlatform (41)
[2017.01.02-00.57.46:818][943]LogModuleManager: Shutting down and abandoning module TVOSTargetPlatform (40)
[2017.01.02-00.57.46:818][943]LogModuleManager: Shutting down and abandoning module Messaging (39)
[2017.01.02-00.57.46:818][943]LogModuleManager: Shutting down and abandoning module IOSTargetPlatform (38)
[2017.01.02-00.57.46:818][943]LogModuleManager: Shutting down and abandoning module HTML5TargetPlatform (37)
[2017.01.02-00.57.46:818][943]LogModuleManager: Shutting down and abandoning module Android_PVRTCTargetPlatform (36)
[2017.01.02-00.57.46:818][943]LogModuleManager: Shutting down and abandoning module Android_MultiTargetPlatform (35)
[2017.01.02-00.57.46:818][943]LogModuleManager: Shutting down and abandoning module Android_ETC2TargetPlatform (34)
[2017.01.02-00.57.46:818][943]LogModuleManager: Shutting down and abandoning module Android_ETC1TargetPlatform (33)
[2017.01.02-00.57.46:818][943]LogModuleManager: Shutting down and abandoning module Android_DXTTargetPlatform (32)
[2017.01.02-00.57.46:818][943]LogModuleManager: Shutting down and abandoning module Android_ATCTargetPlatform (31)
[2017.01.02-00.57.46:818][943]LogModuleManager: Shutting down and abandoning module Android_ASTCTargetPlatform (30)
[2017.01.02-00.57.46:818][943]LogModuleManager: Shutting down and abandoning module AndroidTargetPlatform (29)
[2017.01.02-00.57.46:818][943]LogModuleManager: Shutting down and abandoning module WindowsTargetPlatform (28)
[2017.01.02-00.57.46:818][943]LogModuleManager: Shutting down and abandoning module WindowsServerTargetPlatform (27)
[2017.01.02-00.57.46:818][943]LogModuleManager: Shutting down and abandoning module WindowsNoEditorTargetPlatform (26)
[2017.01.02-00.57.46:818][943]LogModuleManager: Shutting down and abandoning module WindowsClientTargetPlatform (25)
[2017.01.02-00.57.46:818][943]LogModuleManager: Shutting down and abandoning module AllDesktopTargetPlatform (24)
[2017.01.02-00.57.46:818][943]LogModuleManager: Shutting down and abandoning module TargetPlatform (23)
[2017.01.02-00.57.46:818][943]LogModuleManager: Shutting down and abandoning module InputCore (22)
[2017.01.02-00.57.46:818][943]LogModuleManager: Shutting down and abandoning module Settings (21)
[2017.01.02-00.57.46:818][943]LogModuleManager: Shutting down and abandoning module OnlineSubsystem (19)
[2017.01.02-00.57.46:818][943]LogModuleManager: Shutting down and abandoning module HTTP (18)
[2017.01.02-00.57.51:350][943]LogModuleManager: Shutting down and abandoning module XMPP (17)
[2017.01.02-00.57.51:350][943]LogModuleManager: Shutting down and abandoning module OculusRift (16)
[2017.01.02-00.57.51:350][943]LogModuleManager: Shutting down and abandoning module ExampleDeviceProfileSelector (15)
[2017.01.02-00.57.51:350][943]LogModuleManager: Shutting down and abandoning module TextureCompressor (14)
[2017.01.02-00.57.51:351][943]LogModuleManager: Shutting down and abandoning module ShaderCore (13)
[2017.01.02-00.57.51:351][943]LogModuleManager: Shutting down and abandoning module Landscape (12)
[2017.01.02-00.57.51:351][943]LogModuleManager: Shutting down and abandoning module SlateRHIRenderer (11)
[2017.01.02-00.57.51:357][943]LogModuleManager: Shutting down and abandoning module OpenGLDrv (10)
[2017.01.02-00.57.51:357][943]LogModuleManager: Shutting down and abandoning module D3D11RHI (9)
[2017.01.02-00.57.51:358][943]LogModuleManager: Shutting down and abandoning module AnimGraphRuntime (8)
[2017.01.02-00.57.51:358][943]LogModuleManager: Shutting down and abandoning module Renderer (7)
[2017.01.02-00.57.51:358][943]LogModuleManager: Shutting down and abandoning module Engine (6)
[2017.01.02-00.57.51:358][943]LogModuleManager: Shutting down and abandoning module CoreUObject (5)
[2017.01.02-00.57.51:358][943]LogModuleManager: Shutting down and abandoning module NetworkFile (4)
[2017.01.02-00.57.51:358][943]LogModuleManager: Shutting down and abandoning module StreamingFile (3)
[2017.01.02-00.57.51:358][943]LogModuleManager: Shutting down and abandoning module SandboxFile (2)
[2017.01.02-00.57.51:358][943]LogModuleManager: Shutting down and abandoning module PakFile (1)
[2017.01.02-00.57.51:361][943]LogExit: Exiting.
[2017.01.02-00.57.51:579][943]Log file closed, 01/01/17 18:57:51
